[ 20%] [32mBuilding CXX object CMakeFiles/hardware_unitree_mujoco.dir/src/HardwareUnitree.cpp.o[0m
In file included from [01m[K/home/yzz/219_ws/src/quadruped_ros2_control-humble/hardwares/hardware_unitree_mujoco/src/HardwareUnitree.cpp:10[m[K:
[01m[K/home/yzz/219_ws/src/quadruped_ros2_control-humble/hardwares/hardware_unitree_mujoco/src/crc32.h:9:17:[m[K [01;35m[Kwarning: [m[K‘[01m[Kuint32_t crc32_core(const uint32_t*, uint32_t)[m[K’ defined but not used [[01;35m[K]8;;https://gcc.gnu.org/onlinedocs/gcc/Warning-Options.html#index-Wunused-function-Wunused-function]8;;[m[K]
    9 | static uint32_t [01;35m[Kcrc32_core[m[K(const uint32_t *ptr, uint32_t len) {
      |                 [01;35m[K^~~~~~~~~~[m[K
[ 40%] [32m[1mLinking CXX shared library libhardware_unitree_mujoco.so[0m
[100%] Built target hardware_unitree_mujoco
-- Install configuration: ""
-- Execute custom install script
-- Up-to-date symlink: /home/yzz/219_ws/install/hardware_unitree_mujoco/share/hardware_unitree_mujoco//HardwareUnitree.xml
-- Up-to-date symlink: /home/yzz/219_ws/install/hardware_unitree_mujoco/include/hardware_unitree_mujoco/hardware_unitree_mujoco/HardwareUnitree.h
-- Up-to-date symlink: /home/yzz/219_ws/install/hardware_unitree_mujoco/include/hardware_unitree_mujoco/hardware_unitree_mujoco/crc_table.hpp
-- Up-to-date symlink: /home/yzz/219_ws/install/hardware_unitree_mujoco/include/hardware_unitree_mujoco/hardware_unitree_mujoco/imu.hpp
-- Up-to-date symlink: /home/yzz/219_ws/install/hardware_unitree_mujoco/include/hardware_unitree_mujoco/hardware_unitree_mujoco/motor_hw.hpp
-- Up-to-date symlink: /home/yzz/219_ws/install/hardware_unitree_mujoco/share/hardware_unitree_mujoco/HardwareUnitree.xml
-- Up-to-date symlink: /home/yzz/219_ws/install/hardware_unitree_mujoco/share/hardware_unitree_mujoco//launch/visualize.launch.py
-- Up-to-date symlink: /home/yzz/219_ws/install/hardware_unitree_mujoco/share/hardware_unitree_mujoco/environment/library_path.sh
-- Up-to-date symlink: /home/yzz/219_ws/install/hardware_unitree_mujoco/share/hardware_unitree_mujoco/environment/library_path.dsv
-- Up-to-date symlink: /home/yzz/219_ws/install/hardware_unitree_mujoco/share/ament_index/resource_index/package_run_dependencies/hardware_unitree_mujoco
-- Up-to-date symlink: /home/yzz/219_ws/install/hardware_unitree_mujoco/share/ament_index/resource_index/parent_prefix_path/hardware_unitree_mujoco
-- Up-to-date symlink: /home/yzz/219_ws/install/hardware_unitree_mujoco/share/hardware_unitree_mujoco/environment/ament_prefix_path.sh
-- Up-to-date symlink: /home/yzz/219_ws/install/hardware_unitree_mujoco/share/hardware_unitree_mujoco/environment/ament_prefix_path.dsv
-- Up-to-date symlink: /home/yzz/219_ws/install/hardware_unitree_mujoco/share/hardware_unitree_mujoco/environment/path.sh
-- Up-to-date symlink: /home/yzz/219_ws/install/hardware_unitree_mujoco/share/hardware_unitree_mujoco/environment/path.dsv
-- Up-to-date symlink: /home/yzz/219_ws/install/hardware_unitree_mujoco/share/hardware_unitree_mujoco/local_setup.bash
-- Up-to-date symlink: /home/yzz/219_ws/install/hardware_unitree_mujoco/share/hardware_unitree_mujoco/local_setup.sh
-- Up-to-date symlink: /home/yzz/219_ws/install/hardware_unitree_mujoco/share/hardware_unitree_mujoco/local_setup.zsh
-- Up-to-date symlink: /home/yzz/219_ws/install/hardware_unitree_mujoco/share/hardware_unitree_mujoco/local_setup.dsv
-- Symlinking: /home/yzz/219_ws/install/hardware_unitree_mujoco/share/hardware_unitree_mujoco/package.dsv
-- Up-to-date symlink: /home/yzz/219_ws/install/hardware_unitree_mujoco/share/ament_index/resource_index/packages/hardware_unitree_mujoco
-- Up-to-date symlink: /home/yzz/219_ws/install/hardware_unitree_mujoco/share/ament_index/resource_index/hardware_interface__pluginlib__plugin/hardware_unitree_mujoco
-- Up-to-date symlink: /home/yzz/219_ws/install/hardware_unitree_mujoco/share/hardware_unitree_mujoco/cmake/ament_cmake_export_dependencies-extras.cmake
-- Up-to-date symlink: /home/yzz/219_ws/install/hardware_unitree_mujoco/share/hardware_unitree_mujoco/cmake/ament_cmake_export_targets-extras.cmake
-- Up-to-date symlink: /home/yzz/219_ws/install/hardware_unitree_mujoco/share/hardware_unitree_mujoco/cmake/hardware_unitree_mujocoConfig.cmake
-- Up-to-date symlink: /home/yzz/219_ws/install/hardware_unitree_mujoco/share/hardware_unitree_mujoco/cmake/hardware_unitree_mujocoConfig-version.cmake
-- Up-to-date symlink: /home/yzz/219_ws/install/hardware_unitree_mujoco/share/hardware_unitree_mujoco/package.xml
-- Installing: /home/yzz/219_ws/install/hardware_unitree_mujoco/lib/libhardware_unitree_mujoco.so
-- Up-to-date: /home/yzz/219_ws/install/hardware_unitree_mujoco/share/hardware_unitree_mujoco/cmake/export_hardware_unitree_mujocoExport.cmake
-- Up-to-date: /home/yzz/219_ws/install/hardware_unitree_mujoco/share/hardware_unitree_mujoco/cmake/export_hardware_unitree_mujocoExport-noconfig.cmake
