[0.032s] Invoking command in '/home/yzz/219_ws/build/controller_common': AMENT_PREFIX_PATH=/home/yzz/219_ws/install/control_input_msgs:${AMENT_PREFIX_PATH} CMAKE_PREFIX_PATH=/home/yzz/219_ws/install/control_input_msgs:/opt/ros/humble LD_LIBRARY_PATH=/home/yzz/219_ws/install/control_input_msgs/lib:${LD_LIBRARY_PATH} PYTHONPATH=/home/yzz/219_ws/install/control_input_msgs/local/lib/python3.10/dist-packages:${PYTHONPATH} /usr/bin/cmake --build /home/yzz/219_ws/build/controller_common -- -j2 -l2
[0.168s] [100%] Built target controller_common
[0.205s] Invoked command in '/home/yzz/219_ws/build/controller_common' returned '0': AMENT_PREFIX_PATH=/home/yzz/219_ws/install/control_input_msgs:${AMENT_PREFIX_PATH} CMAKE_PREFIX_PATH=/home/yzz/219_ws/install/control_input_msgs:/opt/ros/humble LD_LIBRARY_PATH=/home/yzz/219_ws/install/control_input_msgs/lib:${LD_LIBRARY_PATH} PYTHONPATH=/home/yzz/219_ws/install/control_input_msgs/local/lib/python3.10/dist-packages:${PYTHONPATH} /usr/bin/cmake --build /home/yzz/219_ws/build/controller_common -- -j2 -l2
[0.208s] Invoking command in '/home/yzz/219_ws/build/controller_common': AMENT_PREFIX_PATH=/home/yzz/219_ws/install/control_input_msgs:${AMENT_PREFIX_PATH} CMAKE_PREFIX_PATH=/home/yzz/219_ws/install/control_input_msgs:/opt/ros/humble LD_LIBRARY_PATH=/home/yzz/219_ws/install/control_input_msgs/lib:${LD_LIBRARY_PATH} PYTHONPATH=/home/yzz/219_ws/install/control_input_msgs/local/lib/python3.10/dist-packages:${PYTHONPATH} /usr/bin/cmake --install /home/yzz/219_ws/build/controller_common
[0.224s] -- Install configuration: "Release"
[0.225s] -- Execute custom install script
[0.225s] -- Up-to-date symlink: /home/yzz/219_ws/install/controller_common/include/controller_common/controller_common/CtrlInterfaces.h
[0.226s] -- Up-to-date symlink: /home/yzz/219_ws/install/controller_common/include/controller_common/controller_common/FSM/BaseFixedStand.h
[0.226s] -- Up-to-date symlink: /home/yzz/219_ws/install/controller_common/include/controller_common/controller_common/FSM/FSMState.h
[0.227s] -- Up-to-date symlink: /home/yzz/219_ws/install/controller_common/include/controller_common/controller_common/FSM/StateFixedDown.h
[0.227s] -- Up-to-date symlink: /home/yzz/219_ws/install/controller_common/include/controller_common/controller_common/FSM/StatePassive.h
[0.228s] -- Up-to-date symlink: /home/yzz/219_ws/install/controller_common/include/controller_common/controller_common/common/enumClass.h
[0.228s] -- Up-to-date symlink: /home/yzz/219_ws/install/controller_common/include/controller_common/controller_common/common/mathTools.h
[0.228s] -- Up-to-date symlink: /home/yzz/219_ws/install/controller_common/include/controller_common/controller_common/common/mathTypes.h
[0.228s] -- Up-to-date symlink: /home/yzz/219_ws/install/controller_common/share/controller_common/environment/library_path.sh
[0.228s] -- Up-to-date symlink: /home/yzz/219_ws/install/controller_common/share/controller_common/environment/library_path.dsv
[0.231s] -- Up-to-date symlink: /home/yzz/219_ws/install/controller_common/share/ament_index/resource_index/package_run_dependencies/controller_common
[0.231s] -- Up-to-date symlink: /home/yzz/219_ws/install/controller_common/share/ament_index/resource_index/parent_prefix_path/controller_common
[0.231s] -- Up-to-date symlink: /home/yzz/219_ws/install/controller_common/share/controller_common/environment/ament_prefix_path.sh
[0.231s] -- Up-to-date symlink: /home/yzz/219_ws/install/controller_common/share/controller_common/environment/ament_prefix_path.dsv
[0.231s] -- Up-to-date symlink: /home/yzz/219_ws/install/controller_common/share/controller_common/environment/path.sh
[0.232s] -- Up-to-date symlink: /home/yzz/219_ws/install/controller_common/share/controller_common/environment/path.dsv
[0.232s] -- Up-to-date symlink: /home/yzz/219_ws/install/controller_common/share/controller_common/local_setup.bash
[0.232s] -- Up-to-date symlink: /home/yzz/219_ws/install/controller_common/share/controller_common/local_setup.sh
[0.234s] -- Up-to-date symlink: /home/yzz/219_ws/install/controller_common/share/controller_common/local_setup.zsh
[0.234s] -- Up-to-date symlink: /home/yzz/219_ws/install/controller_common/share/controller_common/local_setup.dsv
[0.234s] -- Symlinking: /home/yzz/219_ws/install/controller_common/share/controller_common/package.dsv
[0.248s] -- Up-to-date symlink: /home/yzz/219_ws/install/controller_common/share/ament_index/resource_index/packages/controller_common
[0.249s] -- Up-to-date symlink: /home/yzz/219_ws/install/controller_common/share/controller_common/cmake/ament_cmake_export_targets-extras.cmake
[0.249s] -- Up-to-date symlink: /home/yzz/219_ws/install/controller_common/share/controller_common/cmake/controller_commonConfig.cmake
[0.249s] -- Up-to-date symlink: /home/yzz/219_ws/install/controller_common/share/controller_common/cmake/controller_commonConfig-version.cmake
[0.249s] -- Up-to-date symlink: /home/yzz/219_ws/install/controller_common/share/controller_common/package.xml
[0.250s] -- Up-to-date: /home/yzz/219_ws/install/controller_common/lib/libcontroller_common.so
[0.250s] -- Up-to-date: /home/yzz/219_ws/install/controller_common/share/controller_common/cmake/export_controller_commonExport.cmake
[0.250s] -- Up-to-date: /home/yzz/219_ws/install/controller_common/share/controller_common/cmake/export_controller_commonExport-release.cmake
[0.253s] Invoked command in '/home/yzz/219_ws/build/controller_common' returned '0': AMENT_PREFIX_PATH=/home/yzz/219_ws/install/control_input_msgs:${AMENT_PREFIX_PATH} CMAKE_PREFIX_PATH=/home/yzz/219_ws/install/control_input_msgs:/opt/ros/humble LD_LIBRARY_PATH=/home/yzz/219_ws/install/control_input_msgs/lib:${LD_LIBRARY_PATH} PYTHONPATH=/home/yzz/219_ws/install/control_input_msgs/local/lib/python3.10/dist-packages:${PYTHONPATH} /usr/bin/cmake --install /home/yzz/219_ws/build/controller_common
