[0.050s] Invoking command in '/home/yzz/219_ws/build/keyboard_input': AMENT_PREFIX_PATH=/home/yzz/219_ws/install/control_input_msgs:${AMENT_PREFIX_PATH} CMAKE_PREFIX_PATH=/home/yzz/219_ws/install/control_input_msgs:/opt/ros/humble LD_LIBRARY_PATH=/home/yzz/219_ws/install/control_input_msgs/lib:${LD_LIBRARY_PATH} PYTHONPATH=/home/yzz/219_ws/install/control_input_msgs/local/lib/python3.10/dist-packages:${PYTHONPATH} /usr/bin/cmake --build /home/yzz/219_ws/build/keyboard_input -- -j2 -l2
[0.246s] [100%] Built target keyboard_input
[0.283s] Invoked command in '/home/yzz/219_ws/build/keyboard_input' returned '0': AMENT_PREFIX_PATH=/home/yzz/219_ws/install/control_input_msgs:${AMENT_PREFIX_PATH} CMAKE_PREFIX_PATH=/home/yzz/219_ws/install/control_input_msgs:/opt/ros/humble LD_LIBRARY_PATH=/home/yzz/219_ws/install/control_input_msgs/lib:${LD_LIBRARY_PATH} PYTHONPATH=/home/yzz/219_ws/install/control_input_msgs/local/lib/python3.10/dist-packages:${PYTHONPATH} /usr/bin/cmake --build /home/yzz/219_ws/build/keyboard_input -- -j2 -l2
[0.296s] Invoking command in '/home/yzz/219_ws/build/keyboard_input': AMENT_PREFIX_PATH=/home/yzz/219_ws/install/control_input_msgs:${AMENT_PREFIX_PATH} CMAKE_PREFIX_PATH=/home/yzz/219_ws/install/control_input_msgs:/opt/ros/humble LD_LIBRARY_PATH=/home/yzz/219_ws/install/control_input_msgs/lib:${LD_LIBRARY_PATH} PYTHONPATH=/home/yzz/219_ws/install/control_input_msgs/local/lib/python3.10/dist-packages:${PYTHONPATH} /usr/bin/cmake --install /home/yzz/219_ws/build/keyboard_input
[0.316s] -- Install configuration: ""
[0.319s] -- Execute custom install script
[0.321s] -- Up-to-date symlink: /home/yzz/219_ws/install/keyboard_input/lib/keyboard_input/keyboard_input
[0.322s] -- Up-to-date symlink: /home/yzz/219_ws/install/keyboard_input/share/ament_index/resource_index/package_run_dependencies/keyboard_input
[0.322s] -- Up-to-date symlink: /home/yzz/219_ws/install/keyboard_input/share/ament_index/resource_index/parent_prefix_path/keyboard_input
[0.323s] -- Up-to-date symlink: /home/yzz/219_ws/install/keyboard_input/share/keyboard_input/environment/ament_prefix_path.sh
[0.323s] -- Up-to-date symlink: /home/yzz/219_ws/install/keyboard_input/share/keyboard_input/environment/ament_prefix_path.dsv
[0.324s] -- Up-to-date symlink: /home/yzz/219_ws/install/keyboard_input/share/keyboard_input/environment/path.sh
[0.325s] -- Up-to-date symlink: /home/yzz/219_ws/install/keyboard_input/share/keyboard_input/environment/path.dsv
[0.325s] -- Up-to-date symlink: /home/yzz/219_ws/install/keyboard_input/share/keyboard_input/local_setup.bash
[0.325s] -- Up-to-date symlink: /home/yzz/219_ws/install/keyboard_input/share/keyboard_input/local_setup.sh
[0.325s] -- Up-to-date symlink: /home/yzz/219_ws/install/keyboard_input/share/keyboard_input/local_setup.zsh
[0.329s] -- Up-to-date symlink: /home/yzz/219_ws/install/keyboard_input/share/keyboard_input/local_setup.dsv
[0.329s] -- Symlinking: /home/yzz/219_ws/install/keyboard_input/share/keyboard_input/package.dsv
[0.359s] -- Up-to-date symlink: /home/yzz/219_ws/install/keyboard_input/share/ament_index/resource_index/packages/keyboard_input
[0.359s] -- Up-to-date symlink: /home/yzz/219_ws/install/keyboard_input/share/keyboard_input/cmake/keyboard_inputConfig.cmake
[0.360s] -- Up-to-date symlink: /home/yzz/219_ws/install/keyboard_input/share/keyboard_input/cmake/keyboard_inputConfig-version.cmake
[0.362s] -- Up-to-date symlink: /home/yzz/219_ws/install/keyboard_input/share/keyboard_input/package.xml
[0.369s] Invoked command in '/home/yzz/219_ws/build/keyboard_input' returned '0': AMENT_PREFIX_PATH=/home/yzz/219_ws/install/control_input_msgs:${AMENT_PREFIX_PATH} CMAKE_PREFIX_PATH=/home/yzz/219_ws/install/control_input_msgs:/opt/ros/humble LD_LIBRARY_PATH=/home/yzz/219_ws/install/control_input_msgs/lib:${LD_LIBRARY_PATH} PYTHONPATH=/home/yzz/219_ws/install/control_input_msgs/local/lib/python3.10/dist-packages:${PYTHONPATH} /usr/bin/cmake --install /home/yzz/219_ws/build/keyboard_input
