[0.070s] Invoking command in '/home/yzz/219_ws/build/unitree_guide_controller': AMENT_PREFIX_PATH=/home/yzz/219_ws/install/controller_common:/home/yzz/219_ws/install/control_input_msgs:${AMENT_PREFIX_PATH} CMAKE_PREFIX_PATH=/home/yzz/219_ws/install/controller_common:/home/yzz/219_ws/install/control_input_msgs:/opt/ros/humble LD_LIBRARY_PATH=/home/yzz/219_ws/install/controller_common/lib:/home/yzz/219_ws/install/control_input_msgs/lib:${LD_LIBRARY_PATH} PYTHONPATH=/home/yzz/219_ws/install/control_input_msgs/local/lib/python3.10/dist-packages:${PYTHONPATH} /usr/bin/cmake --build /home/yzz/219_ws/build/unitree_guide_controller -- -j2 -l2
[0.442s] [100%] Built target unitree_guide_controller
[0.492s] Invoked command in '/home/yzz/219_ws/build/unitree_guide_controller' returned '0': AMENT_PREFIX_PATH=/home/yzz/219_ws/install/controller_common:/home/yzz/219_ws/install/control_input_msgs:${AMENT_PREFIX_PATH} CMAKE_PREFIX_PATH=/home/yzz/219_ws/install/controller_common:/home/yzz/219_ws/install/control_input_msgs:/opt/ros/humble LD_LIBRARY_PATH=/home/yzz/219_ws/install/controller_common/lib:/home/yzz/219_ws/install/control_input_msgs/lib:${LD_LIBRARY_PATH} PYTHONPATH=/home/yzz/219_ws/install/control_input_msgs/local/lib/python3.10/dist-packages:${PYTHONPATH} /usr/bin/cmake --build /home/yzz/219_ws/build/unitree_guide_controller -- -j2 -l2
[0.499s] Invoking command in '/home/yzz/219_ws/build/unitree_guide_controller': AMENT_PREFIX_PATH=/home/yzz/219_ws/install/controller_common:/home/yzz/219_ws/install/control_input_msgs:${AMENT_PREFIX_PATH} CMAKE_PREFIX_PATH=/home/yzz/219_ws/install/controller_common:/home/yzz/219_ws/install/control_input_msgs:/opt/ros/humble LD_LIBRARY_PATH=/home/yzz/219_ws/install/controller_common/lib:/home/yzz/219_ws/install/control_input_msgs/lib:${LD_LIBRARY_PATH} PYTHONPATH=/home/yzz/219_ws/install/control_input_msgs/local/lib/python3.10/dist-packages:${PYTHONPATH} /usr/bin/cmake --install /home/yzz/219_ws/build/unitree_guide_controller
[0.535s] -- Install configuration: "Release"
[0.538s] -- Execute custom install script
[0.538s] -- Up-to-date symlink: /home/yzz/219_ws/install/unitree_guide_controller/share/unitree_guide_controller//unitree_guide_controller.xml
[0.542s] -- Up-to-date symlink: /home/yzz/219_ws/install/unitree_guide_controller/include/unitree_guide_controller/unitree_guide_controller/FSM/StateBalanceTest.h
[0.542s] -- Up-to-date symlink: /home/yzz/219_ws/install/unitree_guide_controller/include/unitree_guide_controller/unitree_guide_controller/FSM/StateFixedStand.h
[0.542s] -- Up-to-date symlink: /home/yzz/219_ws/install/unitree_guide_controller/include/unitree_guide_controller/unitree_guide_controller/FSM/StateFreeStand.h
[0.542s] -- Up-to-date symlink: /home/yzz/219_ws/install/unitree_guide_controller/include/unitree_guide_controller/unitree_guide_controller/FSM/StateSwingTest.h
[0.542s] -- Up-to-date symlink: /home/yzz/219_ws/install/unitree_guide_controller/include/unitree_guide_controller/unitree_guide_controller/FSM/StateTrotting.h
[0.542s] -- Up-to-date symlink: /home/yzz/219_ws/install/unitree_guide_controller/include/unitree_guide_controller/unitree_guide_controller/UnitreeGuideController.h
[0.543s] -- Up-to-date symlink: /home/yzz/219_ws/install/unitree_guide_controller/include/unitree_guide_controller/unitree_guide_controller/common/mathTools.h
[0.543s] -- Up-to-date symlink: /home/yzz/219_ws/install/unitree_guide_controller/include/unitree_guide_controller/unitree_guide_controller/common/mathTypes.h
[0.543s] -- Up-to-date symlink: /home/yzz/219_ws/install/unitree_guide_controller/include/unitree_guide_controller/unitree_guide_controller/control/BalanceCtrl.h
[0.544s] -- Up-to-date symlink: /home/yzz/219_ws/install/unitree_guide_controller/include/unitree_guide_controller/unitree_guide_controller/control/CtrlComponent.h
[0.544s] -- Up-to-date symlink: /home/yzz/219_ws/install/unitree_guide_controller/include/unitree_guide_controller/unitree_guide_controller/control/Estimator.h
[0.548s] -- Up-to-date symlink: /home/yzz/219_ws/install/unitree_guide_controller/include/unitree_guide_controller/unitree_guide_controller/control/LowPassFilter.h
[0.548s] -- Up-to-date symlink: /home/yzz/219_ws/install/unitree_guide_controller/include/unitree_guide_controller/unitree_guide_controller/gait/FeetEndCalc.h
[0.548s] -- Up-to-date symlink: /home/yzz/219_ws/install/unitree_guide_controller/include/unitree_guide_controller/unitree_guide_controller/gait/GaitGenerator.h
[0.550s] -- Up-to-date symlink: /home/yzz/219_ws/install/unitree_guide_controller/include/unitree_guide_controller/unitree_guide_controller/gait/WaveGenerator.h
[0.551s] -- Up-to-date symlink: /home/yzz/219_ws/install/unitree_guide_controller/include/unitree_guide_controller/unitree_guide_controller/robot/QuadrupedRobot.h
[0.551s] -- Up-to-date symlink: /home/yzz/219_ws/install/unitree_guide_controller/include/unitree_guide_controller/unitree_guide_controller/robot/RobotLeg.h
[0.551s] -- Up-to-date symlink: /home/yzz/219_ws/install/unitree_guide_controller/share/unitree_guide_controller//launch/gazebo.launch.py
[0.553s] -- Up-to-date symlink: /home/yzz/219_ws/install/unitree_guide_controller/share/unitree_guide_controller//launch/gazebo_classic.launch.py
[0.553s] -- Up-to-date symlink: /home/yzz/219_ws/install/unitree_guide_controller/share/unitree_guide_controller//launch/mujoco.launch.py
[0.553s] -- Up-to-date symlink: /home/yzz/219_ws/install/unitree_guide_controller/share/unitree_guide_controller/environment/library_path.sh
[0.555s] -- Up-to-date symlink: /home/yzz/219_ws/install/unitree_guide_controller/share/unitree_guide_controller/environment/library_path.dsv
[0.556s] -- Up-to-date symlink: /home/yzz/219_ws/install/unitree_guide_controller/share/ament_index/resource_index/package_run_dependencies/unitree_guide_controller
[0.558s] -- Up-to-date symlink: /home/yzz/219_ws/install/unitree_guide_controller/share/ament_index/resource_index/parent_prefix_path/unitree_guide_controller
[0.558s] -- Up-to-date symlink: /home/yzz/219_ws/install/unitree_guide_controller/share/unitree_guide_controller/environment/ament_prefix_path.sh
[0.558s] -- Up-to-date symlink: /home/yzz/219_ws/install/unitree_guide_controller/share/unitree_guide_controller/environment/ament_prefix_path.dsv
[0.558s] -- Up-to-date symlink: /home/yzz/219_ws/install/unitree_guide_controller/share/unitree_guide_controller/environment/path.sh
[0.558s] -- Up-to-date symlink: /home/yzz/219_ws/install/unitree_guide_controller/share/unitree_guide_controller/environment/path.dsv
[0.558s] -- Up-to-date symlink: /home/yzz/219_ws/install/unitree_guide_controller/share/unitree_guide_controller/local_setup.bash
[0.558s] -- Up-to-date symlink: /home/yzz/219_ws/install/unitree_guide_controller/share/unitree_guide_controller/local_setup.sh
[0.559s] -- Up-to-date symlink: /home/yzz/219_ws/install/unitree_guide_controller/share/unitree_guide_controller/local_setup.zsh
[0.559s] -- Up-to-date symlink: /home/yzz/219_ws/install/unitree_guide_controller/share/unitree_guide_controller/local_setup.dsv
[0.560s] -- Symlinking: /home/yzz/219_ws/install/unitree_guide_controller/share/unitree_guide_controller/package.dsv
[0.595s] -- Up-to-date symlink: /home/yzz/219_ws/install/unitree_guide_controller/share/ament_index/resource_index/packages/unitree_guide_controller
[0.596s] -- Up-to-date symlink: /home/yzz/219_ws/install/unitree_guide_controller/share/ament_index/resource_index/controller_interface__pluginlib__plugin/unitree_guide_controller
[0.596s] -- Up-to-date symlink: /home/yzz/219_ws/install/unitree_guide_controller/share/unitree_guide_controller/cmake/ament_cmake_export_dependencies-extras.cmake
[0.596s] -- Up-to-date symlink: /home/yzz/219_ws/install/unitree_guide_controller/share/unitree_guide_controller/cmake/ament_cmake_export_targets-extras.cmake
[0.596s] -- Up-to-date symlink: /home/yzz/219_ws/install/unitree_guide_controller/share/unitree_guide_controller/cmake/unitree_guide_controllerConfig.cmake
[0.596s] -- Up-to-date symlink: /home/yzz/219_ws/install/unitree_guide_controller/share/unitree_guide_controller/cmake/unitree_guide_controllerConfig-version.cmake
[0.596s] -- Up-to-date symlink: /home/yzz/219_ws/install/unitree_guide_controller/share/unitree_guide_controller/package.xml
[0.596s] -- Up-to-date: /home/yzz/219_ws/install/unitree_guide_controller/lib/unitree_guide_controller/libunitree_guide_controller.so
[0.596s] -- Up-to-date: /home/yzz/219_ws/install/unitree_guide_controller/share/unitree_guide_controller/cmake/export_unitree_guide_controllerExport.cmake
[0.599s] -- Up-to-date: /home/yzz/219_ws/install/unitree_guide_controller/share/unitree_guide_controller/cmake/export_unitree_guide_controllerExport-release.cmake
[0.603s] Invoked command in '/home/yzz/219_ws/build/unitree_guide_controller' returned '0': AMENT_PREFIX_PATH=/home/yzz/219_ws/install/controller_common:/home/yzz/219_ws/install/control_input_msgs:${AMENT_PREFIX_PATH} CMAKE_PREFIX_PATH=/home/yzz/219_ws/install/controller_common:/home/yzz/219_ws/install/control_input_msgs:/opt/ros/humble LD_LIBRARY_PATH=/home/yzz/219_ws/install/controller_common/lib:/home/yzz/219_ws/install/control_input_msgs/lib:${LD_LIBRARY_PATH} PYTHONPATH=/home/yzz/219_ws/install/control_input_msgs/local/lib/python3.10/dist-packages:${PYTHONPATH} /usr/bin/cmake --install /home/yzz/219_ws/build/unitree_guide_controller
