[0.014s] Invoking command in '/home/yzz/219_ws/build/control_input_msgs': CMAKE_PREFIX_PATH=/opt/ros/humble /usr/bin/cmake --build /home/yzz/219_ws/build/control_input_msgs -- -j2 -l2
[0.084s] [  3%] Built target control_input_msgs__cpp
[0.100s] [ 12%] Built target control_input_msgs__rosidl_generator_c
[0.164s] [ 22%] Built target control_input_msgs__rosidl_typesupport_cpp
[0.170s] [ 22%] Built target ament_cmake_python_symlink_control_input_msgs
[0.217s] [ 32%] Built target control_input_msgs__rosidl_typesupport_fastrtps_c
[0.235s] [ 41%] Built target control_input_msgs__rosidl_typesupport_introspection_c
[0.271s] [ 51%] Built target control_input_msgs__rosidl_typesupport_c
[0.300s] [ 61%] Built target control_input_msgs__rosidl_typesupport_fastrtps_cpp
[0.315s] [ 70%] Built target control_input_msgs__rosidl_typesupport_introspection_cpp
[0.390s] [ 70%] Built target control_input_msgs
[0.476s] [ 74%] Built target control_input_msgs__py
[0.547s] [ 80%] Built target control_input_msgs__rosidl_generator_py
[0.596s] [ 87%] Built target control_input_msgs__rosidl_typesupport_fastrtps_c__pyext
[0.640s] [ 93%] Built target control_input_msgs__rosidl_typesupport_introspection_c__pyext
[0.686s] running egg_info
[0.689s] writing control_input_msgs.egg-info/PKG-INFO
[0.689s] writing dependency_links to control_input_msgs.egg-info/dependency_links.txt
[0.690s] writing top-level names to control_input_msgs.egg-info/top_level.txt
[0.695s] reading manifest file 'control_input_msgs.egg-info/SOURCES.txt'
[0.695s] writing manifest file 'control_input_msgs.egg-info/SOURCES.txt'
[0.708s] [100%] Built target control_input_msgs__rosidl_typesupport_c__pyext
[0.731s] [100%] Built target ament_cmake_python_build_control_input_msgs_egg
[0.747s] Invoked command in '/home/yzz/219_ws/build/control_input_msgs' returned '0': CMAKE_PREFIX_PATH=/opt/ros/humble /usr/bin/cmake --build /home/yzz/219_ws/build/control_input_msgs -- -j2 -l2
[0.748s] Invoking command in '/home/yzz/219_ws/build/control_input_msgs': CMAKE_PREFIX_PATH=/opt/ros/humble /usr/bin/cmake --install /home/yzz/219_ws/build/control_input_msgs
[0.763s] -- Install configuration: ""
[0.764s] -- Execute custom install script
[0.764s] -- Up-to-date symlink: /home/yzz/219_ws/install/control_input_msgs/share/ament_index/resource_index/rosidl_interfaces/control_input_msgs
[0.765s] -- Up-to-date symlink: /home/yzz/219_ws/install/control_input_msgs/include/control_input_msgs/control_input_msgs/msg/detail/inputs__functions.h
[0.765s] -- Up-to-date symlink: /home/yzz/219_ws/install/control_input_msgs/include/control_input_msgs/control_input_msgs/msg/detail/inputs__struct.h
[0.766s] -- Up-to-date symlink: /home/yzz/219_ws/install/control_input_msgs/include/control_input_msgs/control_input_msgs/msg/detail/inputs__type_support.h
[0.766s] -- Up-to-date symlink: /home/yzz/219_ws/install/control_input_msgs/include/control_input_msgs/control_input_msgs/msg/inputs.h
[0.767s] -- Up-to-date symlink: /home/yzz/219_ws/install/control_input_msgs/include/control_input_msgs/control_input_msgs/msg/rosidl_generator_c__visibility_control.h
[0.767s] -- Up-to-date symlink: /home/yzz/219_ws/install/control_input_msgs/share/control_input_msgs/environment/library_path.sh
[0.767s] -- Up-to-date symlink: /home/yzz/219_ws/install/control_input_msgs/share/control_input_msgs/environment/library_path.dsv
[0.767s] -- Up-to-date symlink: /home/yzz/219_ws/install/control_input_msgs/include/control_input_msgs/control_input_msgs/msg/detail/inputs__rosidl_typesupport_fastrtps_c.h
[0.767s] -- Up-to-date symlink: /home/yzz/219_ws/install/control_input_msgs/include/control_input_msgs/control_input_msgs/msg/rosidl_typesupport_fastrtps_c__visibility_control.h
[0.767s] -- Up-to-date symlink: /home/yzz/219_ws/install/control_input_msgs/include/control_input_msgs/control_input_msgs/msg/detail/inputs__rosidl_typesupport_introspection_c.h
[0.767s] -- Up-to-date symlink: /home/yzz/219_ws/install/control_input_msgs/include/control_input_msgs/control_input_msgs/msg/rosidl_typesupport_introspection_c__visibility_control.h
[0.767s] -- Up-to-date symlink: /home/yzz/219_ws/install/control_input_msgs/include/control_input_msgs/control_input_msgs/msg/detail/inputs__builder.hpp
[0.767s] -- Up-to-date symlink: /home/yzz/219_ws/install/control_input_msgs/include/control_input_msgs/control_input_msgs/msg/detail/inputs__struct.hpp
[0.768s] -- Up-to-date symlink: /home/yzz/219_ws/install/control_input_msgs/include/control_input_msgs/control_input_msgs/msg/detail/inputs__traits.hpp
[0.768s] -- Up-to-date symlink: /home/yzz/219_ws/install/control_input_msgs/include/control_input_msgs/control_input_msgs/msg/detail/inputs__type_support.hpp
[0.768s] -- Up-to-date symlink: /home/yzz/219_ws/install/control_input_msgs/include/control_input_msgs/control_input_msgs/msg/inputs.hpp
[0.768s] -- Up-to-date symlink: /home/yzz/219_ws/install/control_input_msgs/include/control_input_msgs/control_input_msgs/msg/rosidl_generator_cpp__visibility_control.hpp
[0.768s] -- Up-to-date symlink: /home/yzz/219_ws/install/control_input_msgs/include/control_input_msgs/control_input_msgs/msg/detail/inputs__rosidl_typesupport_fastrtps_cpp.hpp
[0.769s] -- Up-to-date symlink: /home/yzz/219_ws/install/control_input_msgs/include/control_input_msgs/control_input_msgs/msg/rosidl_typesupport_fastrtps_cpp__visibility_control.h
[0.769s] -- Up-to-date symlink: /home/yzz/219_ws/install/control_input_msgs/include/control_input_msgs/control_input_msgs/msg/detail/inputs__rosidl_typesupport_introspection_cpp.hpp
[0.769s] -- Up-to-date symlink: /home/yzz/219_ws/install/control_input_msgs/share/control_input_msgs/environment/pythonpath.sh
[0.770s] -- Up-to-date symlink: /home/yzz/219_ws/install/control_input_msgs/share/control_input_msgs/environment/pythonpath.dsv
[0.770s] -- Up-to-date symlink: /home/yzz/219_ws/install/control_input_msgs/local/lib/python3.10/dist-packages/control_input_msgs-0.0.0-py3.10.egg-info/PKG-INFO
[0.770s] -- Up-to-date symlink: /home/yzz/219_ws/install/control_input_msgs/local/lib/python3.10/dist-packages/control_input_msgs-0.0.0-py3.10.egg-info/SOURCES.txt
[0.770s] -- Up-to-date symlink: /home/yzz/219_ws/install/control_input_msgs/local/lib/python3.10/dist-packages/control_input_msgs-0.0.0-py3.10.egg-info/dependency_links.txt
[0.770s] -- Up-to-date symlink: /home/yzz/219_ws/install/control_input_msgs/local/lib/python3.10/dist-packages/control_input_msgs-0.0.0-py3.10.egg-info/top_level.txt
[0.773s] -- Up-to-date symlink: /home/yzz/219_ws/install/control_input_msgs/local/lib/python3.10/dist-packages/control_input_msgs/__init__.py
[0.773s] -- Up-to-date symlink: /home/yzz/219_ws/install/control_input_msgs/local/lib/python3.10/dist-packages/control_input_msgs/_control_input_msgs_s.ep.rosidl_typesupport_c.c
[0.774s] -- Up-to-date symlink: /home/yzz/219_ws/install/control_input_msgs/local/lib/python3.10/dist-packages/control_input_msgs/_control_input_msgs_s.ep.rosidl_typesupport_fastrtps_c.c
[0.774s] -- Up-to-date symlink: /home/yzz/219_ws/install/control_input_msgs/local/lib/python3.10/dist-packages/control_input_msgs/_control_input_msgs_s.ep.rosidl_typesupport_introspection_c.c
[0.774s] -- Up-to-date symlink: /home/yzz/219_ws/install/control_input_msgs/local/lib/python3.10/dist-packages/control_input_msgs/control_input_msgs_s__rosidl_typesupport_c.cpython-310-x86_64-linux-gnu.so
[0.774s] -- Up-to-date symlink: /home/yzz/219_ws/install/control_input_msgs/local/lib/python3.10/dist-packages/control_input_msgs/control_input_msgs_s__rosidl_typesupport_fastrtps_c.cpython-310-x86_64-linux-gnu.so
[0.774s] -- Up-to-date symlink: /home/yzz/219_ws/install/control_input_msgs/local/lib/python3.10/dist-packages/control_input_msgs/control_input_msgs_s__rosidl_typesupport_introspection_c.cpython-310-x86_64-linux-gnu.so
[0.774s] -- Up-to-date symlink: /home/yzz/219_ws/install/control_input_msgs/local/lib/python3.10/dist-packages/control_input_msgs/libcontrol_input_msgs__rosidl_generator_py.so
[0.774s] -- Up-to-date symlink: /home/yzz/219_ws/install/control_input_msgs/local/lib/python3.10/dist-packages/control_input_msgs/msg/__init__.py
[0.774s] -- Up-to-date symlink: /home/yzz/219_ws/install/control_input_msgs/local/lib/python3.10/dist-packages/control_input_msgs/msg/_inputs.py
[0.774s] -- Up-to-date symlink: /home/yzz/219_ws/install/control_input_msgs/local/lib/python3.10/dist-packages/control_input_msgs/msg/_inputs_s.c
[0.775s] -- Up-to-date symlink: /home/yzz/219_ws/install/control_input_msgs/local/lib/python3.10/dist-packages/control_input_msgs/control_input_msgs_s__rosidl_typesupport_fastrtps_c.cpython-310-x86_64-linux-gnu.so
[0.775s] -- Up-to-date symlink: /home/yzz/219_ws/install/control_input_msgs/local/lib/python3.10/dist-packages/control_input_msgs/control_input_msgs_s__rosidl_typesupport_introspection_c.cpython-310-x86_64-linux-gnu.so
[0.775s] -- Up-to-date symlink: /home/yzz/219_ws/install/control_input_msgs/local/lib/python3.10/dist-packages/control_input_msgs/control_input_msgs_s__rosidl_typesupport_c.cpython-310-x86_64-linux-gnu.so
[0.775s] -- Up-to-date symlink: /home/yzz/219_ws/install/control_input_msgs/share/control_input_msgs/msg/Inputs.idl
[0.775s] -- Up-to-date symlink: /home/yzz/219_ws/install/control_input_msgs/share/control_input_msgs/msg/Inputs.msg
[0.775s] -- Up-to-date symlink: /home/yzz/219_ws/install/control_input_msgs/share/ament_index/resource_index/package_run_dependencies/control_input_msgs
[0.775s] -- Up-to-date symlink: /home/yzz/219_ws/install/control_input_msgs/share/ament_index/resource_index/parent_prefix_path/control_input_msgs
[0.775s] -- Up-to-date symlink: /home/yzz/219_ws/install/control_input_msgs/share/control_input_msgs/environment/ament_prefix_path.sh
[0.776s] -- Up-to-date symlink: /home/yzz/219_ws/install/control_input_msgs/share/control_input_msgs/environment/ament_prefix_path.dsv
[0.776s] -- Up-to-date symlink: /home/yzz/219_ws/install/control_input_msgs/share/control_input_msgs/environment/path.sh
[0.776s] -- Up-to-date symlink: /home/yzz/219_ws/install/control_input_msgs/share/control_input_msgs/environment/path.dsv
[0.776s] -- Up-to-date symlink: /home/yzz/219_ws/install/control_input_msgs/share/control_input_msgs/local_setup.bash
[0.776s] -- Up-to-date symlink: /home/yzz/219_ws/install/control_input_msgs/share/control_input_msgs/local_setup.sh
[0.778s] -- Up-to-date symlink: /home/yzz/219_ws/install/control_input_msgs/share/control_input_msgs/local_setup.zsh
[0.778s] -- Up-to-date symlink: /home/yzz/219_ws/install/control_input_msgs/share/control_input_msgs/local_setup.dsv
[0.778s] -- Symlinking: /home/yzz/219_ws/install/control_input_msgs/share/control_input_msgs/package.dsv
[0.789s] -- Up-to-date symlink: /home/yzz/219_ws/install/control_input_msgs/share/ament_index/resource_index/packages/control_input_msgs
[0.790s] -- Up-to-date symlink: /home/yzz/219_ws/install/control_input_msgs/share/control_input_msgs/cmake/rosidl_cmake-extras.cmake
[0.793s] -- Up-to-date symlink: /home/yzz/219_ws/install/control_input_msgs/share/control_input_msgs/cmake/ament_cmake_export_include_directories-extras.cmake
[0.793s] -- Up-to-date symlink: /home/yzz/219_ws/install/control_input_msgs/share/control_input_msgs/cmake/ament_cmake_export_libraries-extras.cmake
[0.793s] -- Up-to-date symlink: /home/yzz/219_ws/install/control_input_msgs/share/control_input_msgs/cmake/ament_cmake_export_targets-extras.cmake
[0.794s] -- Up-to-date symlink: /home/yzz/219_ws/install/control_input_msgs/share/control_input_msgs/cmake/rosidl_cmake_export_typesupport_targets-extras.cmake
[0.794s] -- Up-to-date symlink: /home/yzz/219_ws/install/control_input_msgs/share/control_input_msgs/cmake/ament_cmake_export_dependencies-extras.cmake
[0.794s] -- Up-to-date symlink: /home/yzz/219_ws/install/control_input_msgs/share/control_input_msgs/cmake/rosidl_cmake_export_typesupport_libraries-extras.cmake
[0.794s] -- Up-to-date symlink: /home/yzz/219_ws/install/control_input_msgs/share/control_input_msgs/cmake/control_input_msgsConfig.cmake
[0.794s] -- Up-to-date symlink: /home/yzz/219_ws/install/control_input_msgs/share/control_input_msgs/cmake/control_input_msgsConfig-version.cmake
[0.794s] -- Up-to-date symlink: /home/yzz/219_ws/install/control_input_msgs/share/control_input_msgs/package.xml
[0.794s] -- Up-to-date: /home/yzz/219_ws/install/control_input_msgs/lib/libcontrol_input_msgs__rosidl_generator_c.so
[0.794s] -- Up-to-date: /home/yzz/219_ws/install/control_input_msgs/lib/libcontrol_input_msgs__rosidl_typesupport_fastrtps_c.so
[0.794s] -- Up-to-date: /home/yzz/219_ws/install/control_input_msgs/lib/libcontrol_input_msgs__rosidl_typesupport_introspection_c.so
[0.794s] -- Up-to-date: /home/yzz/219_ws/install/control_input_msgs/lib/libcontrol_input_msgs__rosidl_typesupport_c.so
[0.794s] -- Up-to-date: /home/yzz/219_ws/install/control_input_msgs/lib/libcontrol_input_msgs__rosidl_typesupport_fastrtps_cpp.so
[0.795s] -- Up-to-date: /home/yzz/219_ws/install/control_input_msgs/lib/libcontrol_input_msgs__rosidl_typesupport_introspection_cpp.so
[0.795s] -- Up-to-date: /home/yzz/219_ws/install/control_input_msgs/lib/libcontrol_input_msgs__rosidl_typesupport_cpp.so
[0.868s] Listing '/home/yzz/219_ws/install/control_input_msgs/local/lib/python3.10/dist-packages/control_input_msgs'...
[0.868s] Listing '/home/yzz/219_ws/install/control_input_msgs/local/lib/python3.10/dist-packages/control_input_msgs/msg'...
[0.869s] -- Up-to-date: /home/yzz/219_ws/install/control_input_msgs/lib/libcontrol_input_msgs__rosidl_generator_py.so
[0.869s] -- Up-to-date: /home/yzz/219_ws/install/control_input_msgs/share/control_input_msgs/cmake/export_control_input_msgs__rosidl_generator_cExport.cmake
[0.869s] -- Up-to-date: /home/yzz/219_ws/install/control_input_msgs/share/control_input_msgs/cmake/export_control_input_msgs__rosidl_generator_cExport-noconfig.cmake
[0.869s] -- Up-to-date: /home/yzz/219_ws/install/control_input_msgs/share/control_input_msgs/cmake/export_control_input_msgs__rosidl_typesupport_fastrtps_cExport.cmake
[0.869s] -- Up-to-date: /home/yzz/219_ws/install/control_input_msgs/share/control_input_msgs/cmake/export_control_input_msgs__rosidl_typesupport_fastrtps_cExport-noconfig.cmake
[0.869s] -- Up-to-date: /home/yzz/219_ws/install/control_input_msgs/share/control_input_msgs/cmake/control_input_msgs__rosidl_typesupport_introspection_cExport.cmake
[0.869s] -- Up-to-date: /home/yzz/219_ws/install/control_input_msgs/share/control_input_msgs/cmake/control_input_msgs__rosidl_typesupport_introspection_cExport-noconfig.cmake
[0.869s] -- Up-to-date: /home/yzz/219_ws/install/control_input_msgs/share/control_input_msgs/cmake/control_input_msgs__rosidl_typesupport_cExport.cmake
[0.869s] -- Up-to-date: /home/yzz/219_ws/install/control_input_msgs/share/control_input_msgs/cmake/control_input_msgs__rosidl_typesupport_cExport-noconfig.cmake
[0.869s] -- Up-to-date: /home/yzz/219_ws/install/control_input_msgs/share/control_input_msgs/cmake/export_control_input_msgs__rosidl_generator_cppExport.cmake
[0.869s] -- Up-to-date: /home/yzz/219_ws/install/control_input_msgs/share/control_input_msgs/cmake/export_control_input_msgs__rosidl_typesupport_fastrtps_cppExport.cmake
[0.869s] -- Up-to-date: /home/yzz/219_ws/install/control_input_msgs/share/control_input_msgs/cmake/export_control_input_msgs__rosidl_typesupport_fastrtps_cppExport-noconfig.cmake
[0.869s] -- Up-to-date: /home/yzz/219_ws/install/control_input_msgs/share/control_input_msgs/cmake/control_input_msgs__rosidl_typesupport_introspection_cppExport.cmake
[0.869s] -- Up-to-date: /home/yzz/219_ws/install/control_input_msgs/share/control_input_msgs/cmake/control_input_msgs__rosidl_typesupport_introspection_cppExport-noconfig.cmake
[0.869s] -- Up-to-date: /home/yzz/219_ws/install/control_input_msgs/share/control_input_msgs/cmake/control_input_msgs__rosidl_typesupport_cppExport.cmake
[0.873s] -- Up-to-date: /home/yzz/219_ws/install/control_input_msgs/share/control_input_msgs/cmake/control_input_msgs__rosidl_typesupport_cppExport-noconfig.cmake
[0.876s] -- Up-to-date: /home/yzz/219_ws/install/control_input_msgs/share/control_input_msgs/cmake/export_control_input_msgs__rosidl_generator_pyExport.cmake
[0.878s] -- Up-to-date: /home/yzz/219_ws/install/control_input_msgs/share/control_input_msgs/cmake/export_control_input_msgs__rosidl_generator_pyExport-noconfig.cmake
[0.878s] Invoked command in '/home/yzz/219_ws/build/control_input_msgs' returned '0': CMAKE_PREFIX_PATH=/opt/ros/humble /usr/bin/cmake --install /home/yzz/219_ws/build/control_input_msgs
