[0.031s] Invoking command in '/home/yzz/219_ws/build/control_input_msgs': CMAKE_PREFIX_PATH=${CMAKE_PREFIX_PATH}:/opt/ros/humble /usr/bin/cmake --build /home/yzz/219_ws/build/control_input_msgs -- -j2 -l2
[0.147s] [  3%] Built target control_input_msgs__cpp
[0.176s] [ 12%] Built target control_input_msgs__rosidl_generator_c
[0.243s] [ 16%] Built target ament_cmake_python_symlink_control_input_msgs
[0.245s] [ 22%] Built target control_input_msgs__rosidl_typesupport_cpp
[0.303s] [ 32%] Built target control_input_msgs__rosidl_typesupport_introspection_c
[0.315s] [ 41%] Built target control_input_msgs__rosidl_typesupport_fastrtps_c
[0.376s] [ 54%] Built target control_input_msgs__rosidl_typesupport_fastrtps_cpp
[0.386s] [ 61%] Built target control_input_msgs__rosidl_typesupport_c
[0.449s] [ 70%] Built target control_input_msgs__rosidl_typesupport_introspection_cpp
[0.495s] [ 70%] Built target control_input_msgs
[0.542s] [ 74%] Built target control_input_msgs__py
[0.609s] [ 80%] Built target control_input_msgs__rosidl_generator_py
[0.637s] [ 87%] Built target control_input_msgs__rosidl_typesupport_fastrtps_c__pyext
[0.675s] [ 93%] Built target control_input_msgs__rosidl_typesupport_introspection_c__pyext
[0.739s] [100%] Built target control_input_msgs__rosidl_typesupport_c__pyext
[0.794s] running egg_info
[0.794s] writing control_input_msgs.egg-info/PKG-INFO
[0.795s] writing dependency_links to control_input_msgs.egg-info/dependency_links.txt
[0.795s] writing top-level names to control_input_msgs.egg-info/top_level.txt
[0.798s] reading manifest file 'control_input_msgs.egg-info/SOURCES.txt'
[0.803s] writing manifest file 'control_input_msgs.egg-info/SOURCES.txt'
[0.836s] [100%] Built target ament_cmake_python_build_control_input_msgs_egg
[0.848s] Invoked command in '/home/yzz/219_ws/build/control_input_msgs' returned '0': CMAKE_PREFIX_PATH=${CMAKE_PREFIX_PATH}:/opt/ros/humble /usr/bin/cmake --build /home/yzz/219_ws/build/control_input_msgs -- -j2 -l2
[0.849s] Invoking command in '/home/yzz/219_ws/build/control_input_msgs': CMAKE_PREFIX_PATH=${CMAKE_PREFIX_PATH}:/opt/ros/humble /usr/bin/cmake --install /home/yzz/219_ws/build/control_input_msgs
[0.857s] -- Install configuration: ""
[0.858s] -- Execute custom install script
[0.858s] -- Up-to-date symlink: /home/yzz/219_ws/install/control_input_msgs/share/ament_index/resource_index/rosidl_interfaces/control_input_msgs
[0.858s] -- Up-to-date symlink: /home/yzz/219_ws/install/control_input_msgs/include/control_input_msgs/control_input_msgs/msg/detail/inputs__functions.h
[0.858s] -- Up-to-date symlink: /home/yzz/219_ws/install/control_input_msgs/include/control_input_msgs/control_input_msgs/msg/detail/inputs__struct.h
[0.858s] -- Up-to-date symlink: /home/yzz/219_ws/install/control_input_msgs/include/control_input_msgs/control_input_msgs/msg/detail/inputs__type_support.h
[0.858s] -- Up-to-date symlink: /home/yzz/219_ws/install/control_input_msgs/include/control_input_msgs/control_input_msgs/msg/inputs.h
[0.859s] -- Up-to-date symlink: /home/yzz/219_ws/install/control_input_msgs/include/control_input_msgs/control_input_msgs/msg/rosidl_generator_c__visibility_control.h
[0.859s] -- Up-to-date symlink: /home/yzz/219_ws/install/control_input_msgs/share/control_input_msgs/environment/library_path.sh
[0.860s] -- Up-to-date symlink: /home/yzz/219_ws/install/control_input_msgs/share/control_input_msgs/environment/library_path.dsv
[0.860s] -- Up-to-date symlink: /home/yzz/219_ws/install/control_input_msgs/include/control_input_msgs/control_input_msgs/msg/detail/inputs__rosidl_typesupport_fastrtps_c.h
[0.860s] -- Up-to-date symlink: /home/yzz/219_ws/install/control_input_msgs/include/control_input_msgs/control_input_msgs/msg/rosidl_typesupport_fastrtps_c__visibility_control.h
[0.860s] -- Up-to-date symlink: /home/yzz/219_ws/install/control_input_msgs/include/control_input_msgs/control_input_msgs/msg/detail/inputs__rosidl_typesupport_introspection_c.h
[0.860s] -- Up-to-date symlink: /home/yzz/219_ws/install/control_input_msgs/include/control_input_msgs/control_input_msgs/msg/rosidl_typesupport_introspection_c__visibility_control.h
[0.860s] -- Up-to-date symlink: /home/yzz/219_ws/install/control_input_msgs/include/control_input_msgs/control_input_msgs/msg/detail/inputs__builder.hpp
[0.860s] -- Up-to-date symlink: /home/yzz/219_ws/install/control_input_msgs/include/control_input_msgs/control_input_msgs/msg/detail/inputs__struct.hpp
[0.860s] -- Up-to-date symlink: /home/yzz/219_ws/install/control_input_msgs/include/control_input_msgs/control_input_msgs/msg/detail/inputs__traits.hpp
[0.860s] -- Up-to-date symlink: /home/yzz/219_ws/install/control_input_msgs/include/control_input_msgs/control_input_msgs/msg/detail/inputs__type_support.hpp
[0.860s] -- Up-to-date symlink: /home/yzz/219_ws/install/control_input_msgs/include/control_input_msgs/control_input_msgs/msg/inputs.hpp
[0.860s] -- Up-to-date symlink: /home/yzz/219_ws/install/control_input_msgs/include/control_input_msgs/control_input_msgs/msg/rosidl_generator_cpp__visibility_control.hpp
[0.860s] -- Up-to-date symlink: /home/yzz/219_ws/install/control_input_msgs/include/control_input_msgs/control_input_msgs/msg/detail/inputs__rosidl_typesupport_fastrtps_cpp.hpp
[0.861s] -- Up-to-date symlink: /home/yzz/219_ws/install/control_input_msgs/include/control_input_msgs/control_input_msgs/msg/rosidl_typesupport_fastrtps_cpp__visibility_control.h
[0.861s] -- Up-to-date symlink: /home/yzz/219_ws/install/control_input_msgs/include/control_input_msgs/control_input_msgs/msg/detail/inputs__rosidl_typesupport_introspection_cpp.hpp
[0.861s] -- Up-to-date symlink: /home/yzz/219_ws/install/control_input_msgs/share/control_input_msgs/environment/pythonpath.sh
[0.861s] -- Up-to-date symlink: /home/yzz/219_ws/install/control_input_msgs/share/control_input_msgs/environment/pythonpath.dsv
[0.861s] -- Up-to-date symlink: /home/yzz/219_ws/install/control_input_msgs/local/lib/python3.10/dist-packages/control_input_msgs-0.0.0-py3.10.egg-info/PKG-INFO
[0.861s] -- Up-to-date symlink: /home/yzz/219_ws/install/control_input_msgs/local/lib/python3.10/dist-packages/control_input_msgs-0.0.0-py3.10.egg-info/SOURCES.txt
[0.862s] -- Up-to-date symlink: /home/yzz/219_ws/install/control_input_msgs/local/lib/python3.10/dist-packages/control_input_msgs-0.0.0-py3.10.egg-info/dependency_links.txt
[0.862s] -- Up-to-date symlink: /home/yzz/219_ws/install/control_input_msgs/local/lib/python3.10/dist-packages/control_input_msgs-0.0.0-py3.10.egg-info/top_level.txt
[0.862s] -- Up-to-date symlink: /home/yzz/219_ws/install/control_input_msgs/local/lib/python3.10/dist-packages/control_input_msgs/__init__.py
[0.862s] -- Up-to-date symlink: /home/yzz/219_ws/install/control_input_msgs/local/lib/python3.10/dist-packages/control_input_msgs/_control_input_msgs_s.ep.rosidl_typesupport_c.c
[0.862s] -- Up-to-date symlink: /home/yzz/219_ws/install/control_input_msgs/local/lib/python3.10/dist-packages/control_input_msgs/_control_input_msgs_s.ep.rosidl_typesupport_fastrtps_c.c
[0.863s] -- Up-to-date symlink: /home/yzz/219_ws/install/control_input_msgs/local/lib/python3.10/dist-packages/control_input_msgs/_control_input_msgs_s.ep.rosidl_typesupport_introspection_c.c
[0.863s] -- Up-to-date symlink: /home/yzz/219_ws/install/control_input_msgs/local/lib/python3.10/dist-packages/control_input_msgs/control_input_msgs_s__rosidl_typesupport_c.cpython-310-x86_64-linux-gnu.so
[0.863s] -- Up-to-date symlink: /home/yzz/219_ws/install/control_input_msgs/local/lib/python3.10/dist-packages/control_input_msgs/control_input_msgs_s__rosidl_typesupport_fastrtps_c.cpython-310-x86_64-linux-gnu.so
[0.863s] -- Up-to-date symlink: /home/yzz/219_ws/install/control_input_msgs/local/lib/python3.10/dist-packages/control_input_msgs/control_input_msgs_s__rosidl_typesupport_introspection_c.cpython-310-x86_64-linux-gnu.so
[0.863s] -- Up-to-date symlink: /home/yzz/219_ws/install/control_input_msgs/local/lib/python3.10/dist-packages/control_input_msgs/libcontrol_input_msgs__rosidl_generator_py.so
[0.863s] -- Up-to-date symlink: /home/yzz/219_ws/install/control_input_msgs/local/lib/python3.10/dist-packages/control_input_msgs/msg/__init__.py
[0.863s] -- Up-to-date symlink: /home/yzz/219_ws/install/control_input_msgs/local/lib/python3.10/dist-packages/control_input_msgs/msg/_inputs.py
[0.864s] -- Up-to-date symlink: /home/yzz/219_ws/install/control_input_msgs/local/lib/python3.10/dist-packages/control_input_msgs/msg/_inputs_s.c
[0.864s] -- Up-to-date symlink: /home/yzz/219_ws/install/control_input_msgs/local/lib/python3.10/dist-packages/control_input_msgs/control_input_msgs_s__rosidl_typesupport_fastrtps_c.cpython-310-x86_64-linux-gnu.so
[0.864s] -- Up-to-date symlink: /home/yzz/219_ws/install/control_input_msgs/local/lib/python3.10/dist-packages/control_input_msgs/control_input_msgs_s__rosidl_typesupport_introspection_c.cpython-310-x86_64-linux-gnu.so
[0.864s] -- Up-to-date symlink: /home/yzz/219_ws/install/control_input_msgs/local/lib/python3.10/dist-packages/control_input_msgs/control_input_msgs_s__rosidl_typesupport_c.cpython-310-x86_64-linux-gnu.so
[0.864s] -- Up-to-date symlink: /home/yzz/219_ws/install/control_input_msgs/share/control_input_msgs/msg/Inputs.idl
[0.864s] -- Up-to-date symlink: /home/yzz/219_ws/install/control_input_msgs/share/control_input_msgs/msg/Inputs.msg
[0.865s] -- Up-to-date symlink: /home/yzz/219_ws/install/control_input_msgs/share/ament_index/resource_index/package_run_dependencies/control_input_msgs
[0.865s] -- Up-to-date symlink: /home/yzz/219_ws/install/control_input_msgs/share/ament_index/resource_index/parent_prefix_path/control_input_msgs
[0.865s] -- Up-to-date symlink: /home/yzz/219_ws/install/control_input_msgs/share/control_input_msgs/environment/ament_prefix_path.sh
[0.865s] -- Up-to-date symlink: /home/yzz/219_ws/install/control_input_msgs/share/control_input_msgs/environment/ament_prefix_path.dsv
[0.865s] -- Up-to-date symlink: /home/yzz/219_ws/install/control_input_msgs/share/control_input_msgs/environment/path.sh
[0.865s] -- Up-to-date symlink: /home/yzz/219_ws/install/control_input_msgs/share/control_input_msgs/environment/path.dsv
[0.865s] -- Up-to-date symlink: /home/yzz/219_ws/install/control_input_msgs/share/control_input_msgs/local_setup.bash
[0.865s] -- Up-to-date symlink: /home/yzz/219_ws/install/control_input_msgs/share/control_input_msgs/local_setup.sh
[0.865s] -- Up-to-date symlink: /home/yzz/219_ws/install/control_input_msgs/share/control_input_msgs/local_setup.zsh
[0.866s] -- Up-to-date symlink: /home/yzz/219_ws/install/control_input_msgs/share/control_input_msgs/local_setup.dsv
[0.866s] -- Symlinking: /home/yzz/219_ws/install/control_input_msgs/share/control_input_msgs/package.dsv
[0.871s] -- Up-to-date symlink: /home/yzz/219_ws/install/control_input_msgs/share/ament_index/resource_index/packages/control_input_msgs
[0.872s] -- Up-to-date symlink: /home/yzz/219_ws/install/control_input_msgs/share/control_input_msgs/cmake/rosidl_cmake-extras.cmake
[0.872s] -- Up-to-date symlink: /home/yzz/219_ws/install/control_input_msgs/share/control_input_msgs/cmake/ament_cmake_export_include_directories-extras.cmake
[0.872s] -- Up-to-date symlink: /home/yzz/219_ws/install/control_input_msgs/share/control_input_msgs/cmake/ament_cmake_export_libraries-extras.cmake
[0.873s] -- Up-to-date symlink: /home/yzz/219_ws/install/control_input_msgs/share/control_input_msgs/cmake/ament_cmake_export_targets-extras.cmake
[0.873s] -- Up-to-date symlink: /home/yzz/219_ws/install/control_input_msgs/share/control_input_msgs/cmake/rosidl_cmake_export_typesupport_targets-extras.cmake
[0.874s] -- Up-to-date symlink: /home/yzz/219_ws/install/control_input_msgs/share/control_input_msgs/cmake/ament_cmake_export_dependencies-extras.cmake
[0.874s] -- Up-to-date symlink: /home/yzz/219_ws/install/control_input_msgs/share/control_input_msgs/cmake/rosidl_cmake_export_typesupport_libraries-extras.cmake
[0.874s] -- Up-to-date symlink: /home/yzz/219_ws/install/control_input_msgs/share/control_input_msgs/cmake/control_input_msgsConfig.cmake
[0.874s] -- Up-to-date symlink: /home/yzz/219_ws/install/control_input_msgs/share/control_input_msgs/cmake/control_input_msgsConfig-version.cmake
[0.874s] -- Up-to-date symlink: /home/yzz/219_ws/install/control_input_msgs/share/control_input_msgs/package.xml
[0.874s] -- Up-to-date: /home/yzz/219_ws/install/control_input_msgs/lib/libcontrol_input_msgs__rosidl_generator_c.so
[0.874s] -- Up-to-date: /home/yzz/219_ws/install/control_input_msgs/lib/libcontrol_input_msgs__rosidl_typesupport_fastrtps_c.so
[0.874s] -- Up-to-date: /home/yzz/219_ws/install/control_input_msgs/lib/libcontrol_input_msgs__rosidl_typesupport_introspection_c.so
[0.874s] -- Up-to-date: /home/yzz/219_ws/install/control_input_msgs/lib/libcontrol_input_msgs__rosidl_typesupport_c.so
[0.875s] -- Up-to-date: /home/yzz/219_ws/install/control_input_msgs/lib/libcontrol_input_msgs__rosidl_typesupport_fastrtps_cpp.so
[0.875s] -- Up-to-date: /home/yzz/219_ws/install/control_input_msgs/lib/libcontrol_input_msgs__rosidl_typesupport_introspection_cpp.so
[0.875s] -- Up-to-date: /home/yzz/219_ws/install/control_input_msgs/lib/libcontrol_input_msgs__rosidl_typesupport_cpp.so
[0.895s] Listing '/home/yzz/219_ws/install/control_input_msgs/local/lib/python3.10/dist-packages/control_input_msgs'...
[0.895s] Listing '/home/yzz/219_ws/install/control_input_msgs/local/lib/python3.10/dist-packages/control_input_msgs/msg'...
[0.896s] -- Up-to-date: /home/yzz/219_ws/install/control_input_msgs/lib/libcontrol_input_msgs__rosidl_generator_py.so
[0.897s] -- Up-to-date: /home/yzz/219_ws/install/control_input_msgs/share/control_input_msgs/cmake/export_control_input_msgs__rosidl_generator_cExport.cmake
[0.897s] -- Up-to-date: /home/yzz/219_ws/install/control_input_msgs/share/control_input_msgs/cmake/export_control_input_msgs__rosidl_generator_cExport-noconfig.cmake
[0.897s] -- Up-to-date: /home/yzz/219_ws/install/control_input_msgs/share/control_input_msgs/cmake/export_control_input_msgs__rosidl_typesupport_fastrtps_cExport.cmake
[0.897s] -- Up-to-date: /home/yzz/219_ws/install/control_input_msgs/share/control_input_msgs/cmake/export_control_input_msgs__rosidl_typesupport_fastrtps_cExport-noconfig.cmake
[0.897s] -- Up-to-date: /home/yzz/219_ws/install/control_input_msgs/share/control_input_msgs/cmake/control_input_msgs__rosidl_typesupport_introspection_cExport.cmake
[0.898s] -- Up-to-date: /home/yzz/219_ws/install/control_input_msgs/share/control_input_msgs/cmake/control_input_msgs__rosidl_typesupport_introspection_cExport-noconfig.cmake
[0.898s] -- Up-to-date: /home/yzz/219_ws/install/control_input_msgs/share/control_input_msgs/cmake/control_input_msgs__rosidl_typesupport_cExport.cmake
[0.898s] -- Up-to-date: /home/yzz/219_ws/install/control_input_msgs/share/control_input_msgs/cmake/control_input_msgs__rosidl_typesupport_cExport-noconfig.cmake
[0.898s] -- Up-to-date: /home/yzz/219_ws/install/control_input_msgs/share/control_input_msgs/cmake/export_control_input_msgs__rosidl_generator_cppExport.cmake
[0.899s] -- Up-to-date: /home/yzz/219_ws/install/control_input_msgs/share/control_input_msgs/cmake/export_control_input_msgs__rosidl_typesupport_fastrtps_cppExport.cmake
[0.899s] -- Up-to-date: /home/yzz/219_ws/install/control_input_msgs/share/control_input_msgs/cmake/export_control_input_msgs__rosidl_typesupport_fastrtps_cppExport-noconfig.cmake
[0.899s] -- Up-to-date: /home/yzz/219_ws/install/control_input_msgs/share/control_input_msgs/cmake/control_input_msgs__rosidl_typesupport_introspection_cppExport.cmake
[0.899s] -- Up-to-date: /home/yzz/219_ws/install/control_input_msgs/share/control_input_msgs/cmake/control_input_msgs__rosidl_typesupport_introspection_cppExport-noconfig.cmake
[0.899s] -- Up-to-date: /home/yzz/219_ws/install/control_input_msgs/share/control_input_msgs/cmake/control_input_msgs__rosidl_typesupport_cppExport.cmake
[0.899s] -- Up-to-date: /home/yzz/219_ws/install/control_input_msgs/share/control_input_msgs/cmake/control_input_msgs__rosidl_typesupport_cppExport-noconfig.cmake
[0.900s] -- Up-to-date: /home/yzz/219_ws/install/control_input_msgs/share/control_input_msgs/cmake/export_control_input_msgs__rosidl_generator_pyExport.cmake
[0.900s] -- Up-to-date: /home/yzz/219_ws/install/control_input_msgs/share/control_input_msgs/cmake/export_control_input_msgs__rosidl_generator_pyExport-noconfig.cmake
[0.901s] Invoked command in '/home/yzz/219_ws/build/control_input_msgs' returned '0': CMAKE_PREFIX_PATH=${CMAKE_PREFIX_PATH}:/opt/ros/humble /usr/bin/cmake --install /home/yzz/219_ws/build/control_input_msgs
