[0.018s] Invoking command in '/home/yzz/219_ws/build/go1_description': CMAKE_PREFIX_PATH=${CMAKE_PREFIX_PATH}:/opt/ros/humble /usr/bin/cmake /home/yzz/219_ws/src/quadruped_ros2_control-humble/descriptions/unitree/go1_description -DCMAKE_INSTALL_PREFIX=/home/yzz/219_ws/install -DAMENT_CMAKE_SYMLINK_INSTALL=1 -DCMAKE_INSTALL_PREFIX=/home/yzz/219_ws/install/go1_description
[0.170s] -- The C compiler identification is GNU 11.4.0
[0.283s] -- The CXX compiler identification is GNU 11.4.0
[0.298s] -- Detecting C compiler ABI info
[0.410s] -- Detecting C compiler ABI info - done
[0.423s] -- Check for working C compiler: /usr/bin/cc - skipped
[0.424s] -- Detecting C compile features
[0.424s] -- Detecting C compile features - done
[0.432s] -- Detecting CXX compiler ABI info
[0.541s] -- Detecting CXX compiler ABI info - done
[0.550s] -- Check for working CXX compiler: /usr/bin/c++ - skipped
[0.550s] -- Detecting CXX compile features
[0.550s] -- Detecting CXX compile features - done
[0.559s] -- Found ament_cmake: 1.3.12 (/opt/ros/humble/share/ament_cmake/cmake)
[0.755s] -- Found Python3: /usr/bin/python3 (found version "3.10.12") found components: Interpreter 
[0.855s] -- Override CMake install command with custom implementation using symlinks instead of copying resources
[0.982s] -- Configuring done
[0.986s] -- Generating done
[0.986s] -- Build files have been written to: /home/yzz/219_ws/build/go1_description
[0.999s] Invoked command in '/home/yzz/219_ws/build/go1_description' returned '0': CMAKE_PREFIX_PATH=${CMAKE_PREFIX_PATH}:/opt/ros/humble /usr/bin/cmake /home/yzz/219_ws/src/quadruped_ros2_control-humble/descriptions/unitree/go1_description -DCMAKE_INSTALL_PREFIX=/home/yzz/219_ws/install -DAMENT_CMAKE_SYMLINK_INSTALL=1 -DCMAKE_INSTALL_PREFIX=/home/yzz/219_ws/install/go1_description
[1.000s] Invoking command in '/home/yzz/219_ws/build/go1_description': CMAKE_PREFIX_PATH=${CMAKE_PREFIX_PATH}:/opt/ros/humble /usr/bin/cmake --build /home/yzz/219_ws/build/go1_description -- -j2 -l2
[1.088s] Invoked command in '/home/yzz/219_ws/build/go1_description' returned '0': CMAKE_PREFIX_PATH=${CMAKE_PREFIX_PATH}:/opt/ros/humble /usr/bin/cmake --build /home/yzz/219_ws/build/go1_description -- -j2 -l2
[1.099s] Invoking command in '/home/yzz/219_ws/build/go1_description': CMAKE_PREFIX_PATH=${CMAKE_PREFIX_PATH}:/opt/ros/humble /usr/bin/cmake --install /home/yzz/219_ws/build/go1_description
[1.119s] -- Install configuration: ""
[1.121s] -- Execute custom install script
[1.122s] -- Symlinking: /home/yzz/219_ws/install/go1_description/share/go1_description//meshes/calf.dae
[1.143s] -- Symlinking: /home/yzz/219_ws/install/go1_description/share/go1_description//meshes/depthCamera.dae
[1.165s] -- Symlinking: /home/yzz/219_ws/install/go1_description/share/go1_description//meshes/hip.dae
[1.186s] -- Symlinking: /home/yzz/219_ws/install/go1_description/share/go1_description//meshes/thigh.dae
[1.201s] -- Symlinking: /home/yzz/219_ws/install/go1_description/share/go1_description//meshes/thigh_mirror.dae
[1.220s] -- Symlinking: /home/yzz/219_ws/install/go1_description/share/go1_description//meshes/trunk.dae
[1.232s] -- Symlinking: /home/yzz/219_ws/install/go1_description/share/go1_description//meshes/ultraSound.dae
[1.245s] -- Symlinking: /home/yzz/219_ws/install/go1_description/share/go1_description//xacro/const.xacro
[1.259s] -- Symlinking: /home/yzz/219_ws/install/go1_description/share/go1_description//xacro/depthCamera.xacro
[1.278s] -- Symlinking: /home/yzz/219_ws/install/go1_description/share/go1_description//xacro/ft_sensor.xacro
[1.287s] -- Symlinking: /home/yzz/219_ws/install/go1_description/share/go1_description//xacro/gazebo.xacro
[1.300s] -- Symlinking: /home/yzz/219_ws/install/go1_description/share/go1_description//xacro/gazebo_classic.xacro
[1.309s] -- Symlinking: /home/yzz/219_ws/install/go1_description/share/go1_description//xacro/leg.xacro
[1.318s] -- Symlinking: /home/yzz/219_ws/install/go1_description/share/go1_description//xacro/materials.xacro
[1.325s] -- Symlinking: /home/yzz/219_ws/install/go1_description/share/go1_description//xacro/robot.xacro
[1.334s] -- Symlinking: /home/yzz/219_ws/install/go1_description/share/go1_description//xacro/ros2_control.xacro
[1.344s] -- Symlinking: /home/yzz/219_ws/install/go1_description/share/go1_description//xacro/transmission.xacro
[1.356s] -- Symlinking: /home/yzz/219_ws/install/go1_description/share/go1_description//xacro/ultraSound.xacro
[1.366s] -- Symlinking: /home/yzz/219_ws/install/go1_description/share/go1_description//launch/visualize.launch.py
[1.377s] -- Symlinking: /home/yzz/219_ws/install/go1_description/share/go1_description//config/gazebo.yaml
[1.396s] -- Symlinking: /home/yzz/219_ws/install/go1_description/share/go1_description//config/hardware_config.yaml
[1.412s] -- Symlinking: /home/yzz/219_ws/install/go1_description/share/go1_description//config/ocs2/gait.info
[1.425s] -- Symlinking: /home/yzz/219_ws/install/go1_description/share/go1_description//config/ocs2/reference.info
[1.430s] -- Symlinking: /home/yzz/219_ws/install/go1_description/share/go1_description//config/ocs2/task.info
[1.441s] -- Symlinking: /home/yzz/219_ws/install/go1_description/share/go1_description//config/robot_control.yaml
[1.455s] -- Symlinking: /home/yzz/219_ws/install/go1_description/share/go1_description//config/visualize_urdf.rviz
[1.464s] -- Symlinking: /home/yzz/219_ws/install/go1_description/share/go1_description//urdf/robot.urdf
[1.474s] -- Symlinking: /home/yzz/219_ws/install/go1_description/share/ament_index/resource_index/package_run_dependencies/go1_description
[1.486s] -- Symlinking: /home/yzz/219_ws/install/go1_description/share/ament_index/resource_index/parent_prefix_path/go1_description
[1.508s] -- Symlinking: /home/yzz/219_ws/install/go1_description/share/go1_description/environment/ament_prefix_path.sh
[1.524s] -- Symlinking: /home/yzz/219_ws/install/go1_description/share/go1_description/environment/ament_prefix_path.dsv
[1.540s] -- Symlinking: /home/yzz/219_ws/install/go1_description/share/go1_description/environment/path.sh
[1.553s] -- Symlinking: /home/yzz/219_ws/install/go1_description/share/go1_description/environment/path.dsv
[1.574s] -- Symlinking: /home/yzz/219_ws/install/go1_description/share/go1_description/local_setup.bash
[1.591s] -- Symlinking: /home/yzz/219_ws/install/go1_description/share/go1_description/local_setup.sh
[1.606s] -- Symlinking: /home/yzz/219_ws/install/go1_description/share/go1_description/local_setup.zsh
[1.627s] -- Symlinking: /home/yzz/219_ws/install/go1_description/share/go1_description/local_setup.dsv
[1.645s] -- Symlinking: /home/yzz/219_ws/install/go1_description/share/go1_description/package.dsv
[1.668s] -- Symlinking: /home/yzz/219_ws/install/go1_description/share/ament_index/resource_index/packages/go1_description
[1.690s] -- Symlinking: /home/yzz/219_ws/install/go1_description/share/go1_description/cmake/go1_descriptionConfig.cmake
[1.707s] -- Symlinking: /home/yzz/219_ws/install/go1_description/share/go1_description/cmake/go1_descriptionConfig-version.cmake
[1.729s] -- Symlinking: /home/yzz/219_ws/install/go1_description/share/go1_description/package.xml
[1.749s] Invoked command in '/home/yzz/219_ws/build/go1_description' returned '0': CMAKE_PREFIX_PATH=${CMAKE_PREFIX_PATH}:/opt/ros/humble /usr/bin/cmake --install /home/yzz/219_ws/build/go1_description
