[0.025s] Invoking command in '/home/yzz/219_ws/build/control_input_msgs': CMAKE_PREFIX_PATH=${CMAKE_PREFIX_PATH}:/opt/ros/humble /usr/bin/cmake --build /home/yzz/219_ws/build/control_input_msgs -- -j2 -l2
[0.196s] [  9%] Built target control_input_msgs__rosidl_generator_c
[0.201s] [ 12%] Built target control_input_msgs__cpp
[0.294s] [ 22%] Built target control_input_msgs__rosidl_typesupport_cpp
[0.339s] [ 22%] Built target ament_cmake_python_symlink_control_input_msgs
[0.407s] [ 32%] Built target control_input_msgs__rosidl_typesupport_fastrtps_c
[0.451s] [ 41%] Built target control_input_msgs__rosidl_typesupport_introspection_c
[0.505s] [ 51%] Built target control_input_msgs__rosidl_typesupport_c
[0.538s] [ 61%] Built target control_input_msgs__rosidl_typesupport_fastrtps_cpp
[0.606s] [ 70%] Built target control_input_msgs__rosidl_typesupport_introspection_cpp
[0.659s] [ 70%] Built target control_input_msgs
[0.728s] [ 74%] Built target control_input_msgs__py
[0.809s] [ 80%] Built target control_input_msgs__rosidl_generator_py
[0.869s] [ 87%] Built target control_input_msgs__rosidl_typesupport_fastrtps_c__pyext
[0.928s] [ 93%] Built target control_input_msgs__rosidl_typesupport_introspection_c__pyext
[0.974s] [100%] Built target control_input_msgs__rosidl_typesupport_c__pyext
[0.980s] running egg_info
[0.980s] writing control_input_msgs.egg-info/PKG-INFO
[0.980s] writing dependency_links to control_input_msgs.egg-info/dependency_links.txt
[0.980s] writing top-level names to control_input_msgs.egg-info/top_level.txt
[0.983s] reading manifest file 'control_input_msgs.egg-info/SOURCES.txt'
[0.985s] writing manifest file 'control_input_msgs.egg-info/SOURCES.txt'
[1.014s] [100%] Built target ament_cmake_python_build_control_input_msgs_egg
[1.033s] Invoked command in '/home/yzz/219_ws/build/control_input_msgs' returned '0': CMAKE_PREFIX_PATH=${CMAKE_PREFIX_PATH}:/opt/ros/humble /usr/bin/cmake --build /home/yzz/219_ws/build/control_input_msgs -- -j2 -l2
[1.034s] Invoking command in '/home/yzz/219_ws/build/control_input_msgs': CMAKE_PREFIX_PATH=${CMAKE_PREFIX_PATH}:/opt/ros/humble /usr/bin/cmake --install /home/yzz/219_ws/build/control_input_msgs
[1.049s] -- Install configuration: ""
[1.051s] -- Execute custom install script
[1.051s] -- Up-to-date symlink: /home/yzz/219_ws/install/control_input_msgs/share/ament_index/resource_index/rosidl_interfaces/control_input_msgs
[1.051s] -- Up-to-date symlink: /home/yzz/219_ws/install/control_input_msgs/include/control_input_msgs/control_input_msgs/msg/detail/inputs__functions.h
[1.051s] -- Up-to-date symlink: /home/yzz/219_ws/install/control_input_msgs/include/control_input_msgs/control_input_msgs/msg/detail/inputs__struct.h
[1.051s] -- Up-to-date symlink: /home/yzz/219_ws/install/control_input_msgs/include/control_input_msgs/control_input_msgs/msg/detail/inputs__type_support.h
[1.051s] -- Up-to-date symlink: /home/yzz/219_ws/install/control_input_msgs/include/control_input_msgs/control_input_msgs/msg/inputs.h
[1.051s] -- Up-to-date symlink: /home/yzz/219_ws/install/control_input_msgs/include/control_input_msgs/control_input_msgs/msg/rosidl_generator_c__visibility_control.h
[1.051s] -- Up-to-date symlink: /home/yzz/219_ws/install/control_input_msgs/share/control_input_msgs/environment/library_path.sh
[1.051s] -- Up-to-date symlink: /home/yzz/219_ws/install/control_input_msgs/share/control_input_msgs/environment/library_path.dsv
[1.052s] -- Up-to-date symlink: /home/yzz/219_ws/install/control_input_msgs/include/control_input_msgs/control_input_msgs/msg/detail/inputs__rosidl_typesupport_fastrtps_c.h
[1.052s] -- Up-to-date symlink: /home/yzz/219_ws/install/control_input_msgs/include/control_input_msgs/control_input_msgs/msg/rosidl_typesupport_fastrtps_c__visibility_control.h
[1.052s] -- Up-to-date symlink: /home/yzz/219_ws/install/control_input_msgs/include/control_input_msgs/control_input_msgs/msg/detail/inputs__rosidl_typesupport_introspection_c.h
[1.052s] -- Up-to-date symlink: /home/yzz/219_ws/install/control_input_msgs/include/control_input_msgs/control_input_msgs/msg/rosidl_typesupport_introspection_c__visibility_control.h
[1.053s] -- Up-to-date symlink: /home/yzz/219_ws/install/control_input_msgs/include/control_input_msgs/control_input_msgs/msg/detail/inputs__builder.hpp
[1.053s] -- Up-to-date symlink: /home/yzz/219_ws/install/control_input_msgs/include/control_input_msgs/control_input_msgs/msg/detail/inputs__struct.hpp
[1.053s] -- Up-to-date symlink: /home/yzz/219_ws/install/control_input_msgs/include/control_input_msgs/control_input_msgs/msg/detail/inputs__traits.hpp
[1.053s] -- Up-to-date symlink: /home/yzz/219_ws/install/control_input_msgs/include/control_input_msgs/control_input_msgs/msg/detail/inputs__type_support.hpp
[1.053s] -- Up-to-date symlink: /home/yzz/219_ws/install/control_input_msgs/include/control_input_msgs/control_input_msgs/msg/inputs.hpp
[1.053s] -- Up-to-date symlink: /home/yzz/219_ws/install/control_input_msgs/include/control_input_msgs/control_input_msgs/msg/rosidl_generator_cpp__visibility_control.hpp
[1.054s] -- Up-to-date symlink: /home/yzz/219_ws/install/control_input_msgs/include/control_input_msgs/control_input_msgs/msg/detail/inputs__rosidl_typesupport_fastrtps_cpp.hpp
[1.054s] -- Up-to-date symlink: /home/yzz/219_ws/install/control_input_msgs/include/control_input_msgs/control_input_msgs/msg/rosidl_typesupport_fastrtps_cpp__visibility_control.h
[1.058s] -- Up-to-date symlink: /home/yzz/219_ws/install/control_input_msgs/include/control_input_msgs/control_input_msgs/msg/detail/inputs__rosidl_typesupport_introspection_cpp.hpp
[1.058s] -- Up-to-date symlink: /home/yzz/219_ws/install/control_input_msgs/share/control_input_msgs/environment/pythonpath.sh
[1.058s] -- Up-to-date symlink: /home/yzz/219_ws/install/control_input_msgs/share/control_input_msgs/environment/pythonpath.dsv
[1.058s] -- Up-to-date symlink: /home/yzz/219_ws/install/control_input_msgs/local/lib/python3.10/dist-packages/control_input_msgs-0.0.0-py3.10.egg-info/PKG-INFO
[1.058s] -- Up-to-date symlink: /home/yzz/219_ws/install/control_input_msgs/local/lib/python3.10/dist-packages/control_input_msgs-0.0.0-py3.10.egg-info/SOURCES.txt
[1.058s] -- Up-to-date symlink: /home/yzz/219_ws/install/control_input_msgs/local/lib/python3.10/dist-packages/control_input_msgs-0.0.0-py3.10.egg-info/dependency_links.txt
[1.058s] -- Up-to-date symlink: /home/yzz/219_ws/install/control_input_msgs/local/lib/python3.10/dist-packages/control_input_msgs-0.0.0-py3.10.egg-info/top_level.txt
[1.059s] -- Up-to-date symlink: /home/yzz/219_ws/install/control_input_msgs/local/lib/python3.10/dist-packages/control_input_msgs/__init__.py
[1.059s] -- Up-to-date symlink: /home/yzz/219_ws/install/control_input_msgs/local/lib/python3.10/dist-packages/control_input_msgs/_control_input_msgs_s.ep.rosidl_typesupport_c.c
[1.059s] -- Up-to-date symlink: /home/yzz/219_ws/install/control_input_msgs/local/lib/python3.10/dist-packages/control_input_msgs/_control_input_msgs_s.ep.rosidl_typesupport_fastrtps_c.c
[1.059s] -- Up-to-date symlink: /home/yzz/219_ws/install/control_input_msgs/local/lib/python3.10/dist-packages/control_input_msgs/_control_input_msgs_s.ep.rosidl_typesupport_introspection_c.c
[1.059s] -- Up-to-date symlink: /home/yzz/219_ws/install/control_input_msgs/local/lib/python3.10/dist-packages/control_input_msgs/control_input_msgs_s__rosidl_typesupport_c.cpython-310-x86_64-linux-gnu.so
[1.059s] -- Up-to-date symlink: /home/yzz/219_ws/install/control_input_msgs/local/lib/python3.10/dist-packages/control_input_msgs/control_input_msgs_s__rosidl_typesupport_fastrtps_c.cpython-310-x86_64-linux-gnu.so
[1.059s] -- Up-to-date symlink: /home/yzz/219_ws/install/control_input_msgs/local/lib/python3.10/dist-packages/control_input_msgs/control_input_msgs_s__rosidl_typesupport_introspection_c.cpython-310-x86_64-linux-gnu.so
[1.059s] -- Up-to-date symlink: /home/yzz/219_ws/install/control_input_msgs/local/lib/python3.10/dist-packages/control_input_msgs/libcontrol_input_msgs__rosidl_generator_py.so
[1.059s] -- Up-to-date symlink: /home/yzz/219_ws/install/control_input_msgs/local/lib/python3.10/dist-packages/control_input_msgs/msg/__init__.py
[1.059s] -- Up-to-date symlink: /home/yzz/219_ws/install/control_input_msgs/local/lib/python3.10/dist-packages/control_input_msgs/msg/_inputs.py
[1.060s] -- Up-to-date symlink: /home/yzz/219_ws/install/control_input_msgs/local/lib/python3.10/dist-packages/control_input_msgs/msg/_inputs_s.c
[1.060s] -- Up-to-date symlink: /home/yzz/219_ws/install/control_input_msgs/local/lib/python3.10/dist-packages/control_input_msgs/control_input_msgs_s__rosidl_typesupport_fastrtps_c.cpython-310-x86_64-linux-gnu.so
[1.060s] -- Up-to-date symlink: /home/yzz/219_ws/install/control_input_msgs/local/lib/python3.10/dist-packages/control_input_msgs/control_input_msgs_s__rosidl_typesupport_introspection_c.cpython-310-x86_64-linux-gnu.so
[1.061s] -- Up-to-date symlink: /home/yzz/219_ws/install/control_input_msgs/local/lib/python3.10/dist-packages/control_input_msgs/control_input_msgs_s__rosidl_typesupport_c.cpython-310-x86_64-linux-gnu.so
[1.061s] -- Up-to-date symlink: /home/yzz/219_ws/install/control_input_msgs/share/control_input_msgs/msg/Inputs.idl
[1.061s] -- Up-to-date symlink: /home/yzz/219_ws/install/control_input_msgs/share/control_input_msgs/msg/Inputs.msg
[1.063s] -- Up-to-date symlink: /home/yzz/219_ws/install/control_input_msgs/share/ament_index/resource_index/package_run_dependencies/control_input_msgs
[1.063s] -- Up-to-date symlink: /home/yzz/219_ws/install/control_input_msgs/share/ament_index/resource_index/parent_prefix_path/control_input_msgs
[1.063s] -- Up-to-date symlink: /home/yzz/219_ws/install/control_input_msgs/share/control_input_msgs/environment/ament_prefix_path.sh
[1.063s] -- Up-to-date symlink: /home/yzz/219_ws/install/control_input_msgs/share/control_input_msgs/environment/ament_prefix_path.dsv
[1.063s] -- Up-to-date symlink: /home/yzz/219_ws/install/control_input_msgs/share/control_input_msgs/environment/path.sh
[1.064s] -- Up-to-date symlink: /home/yzz/219_ws/install/control_input_msgs/share/control_input_msgs/environment/path.dsv
[1.064s] -- Up-to-date symlink: /home/yzz/219_ws/install/control_input_msgs/share/control_input_msgs/local_setup.bash
[1.064s] -- Up-to-date symlink: /home/yzz/219_ws/install/control_input_msgs/share/control_input_msgs/local_setup.sh
[1.064s] -- Up-to-date symlink: /home/yzz/219_ws/install/control_input_msgs/share/control_input_msgs/local_setup.zsh
[1.064s] -- Up-to-date symlink: /home/yzz/219_ws/install/control_input_msgs/share/control_input_msgs/local_setup.dsv
[1.064s] -- Symlinking: /home/yzz/219_ws/install/control_input_msgs/share/control_input_msgs/package.dsv
[1.098s] -- Up-to-date symlink: /home/yzz/219_ws/install/control_input_msgs/share/ament_index/resource_index/packages/control_input_msgs
[1.098s] -- Up-to-date symlink: /home/yzz/219_ws/install/control_input_msgs/share/control_input_msgs/cmake/rosidl_cmake-extras.cmake
[1.099s] -- Up-to-date symlink: /home/yzz/219_ws/install/control_input_msgs/share/control_input_msgs/cmake/ament_cmake_export_include_directories-extras.cmake
[1.099s] -- Up-to-date symlink: /home/yzz/219_ws/install/control_input_msgs/share/control_input_msgs/cmake/ament_cmake_export_libraries-extras.cmake
[1.099s] -- Up-to-date symlink: /home/yzz/219_ws/install/control_input_msgs/share/control_input_msgs/cmake/ament_cmake_export_targets-extras.cmake
[1.099s] -- Up-to-date symlink: /home/yzz/219_ws/install/control_input_msgs/share/control_input_msgs/cmake/rosidl_cmake_export_typesupport_targets-extras.cmake
[1.099s] -- Up-to-date symlink: /home/yzz/219_ws/install/control_input_msgs/share/control_input_msgs/cmake/ament_cmake_export_dependencies-extras.cmake
[1.099s] -- Up-to-date symlink: /home/yzz/219_ws/install/control_input_msgs/share/control_input_msgs/cmake/rosidl_cmake_export_typesupport_libraries-extras.cmake
[1.099s] -- Up-to-date symlink: /home/yzz/219_ws/install/control_input_msgs/share/control_input_msgs/cmake/control_input_msgsConfig.cmake
[1.100s] -- Up-to-date symlink: /home/yzz/219_ws/install/control_input_msgs/share/control_input_msgs/cmake/control_input_msgsConfig-version.cmake
[1.100s] -- Up-to-date symlink: /home/yzz/219_ws/install/control_input_msgs/share/control_input_msgs/package.xml
[1.100s] -- Up-to-date: /home/yzz/219_ws/install/control_input_msgs/lib/libcontrol_input_msgs__rosidl_generator_c.so
[1.101s] -- Up-to-date: /home/yzz/219_ws/install/control_input_msgs/lib/libcontrol_input_msgs__rosidl_typesupport_fastrtps_c.so
[1.101s] -- Up-to-date: /home/yzz/219_ws/install/control_input_msgs/lib/libcontrol_input_msgs__rosidl_typesupport_introspection_c.so
[1.102s] -- Up-to-date: /home/yzz/219_ws/install/control_input_msgs/lib/libcontrol_input_msgs__rosidl_typesupport_c.so
[1.102s] -- Up-to-date: /home/yzz/219_ws/install/control_input_msgs/lib/libcontrol_input_msgs__rosidl_typesupport_fastrtps_cpp.so
[1.102s] -- Up-to-date: /home/yzz/219_ws/install/control_input_msgs/lib/libcontrol_input_msgs__rosidl_typesupport_introspection_cpp.so
[1.103s] -- Up-to-date: /home/yzz/219_ws/install/control_input_msgs/lib/libcontrol_input_msgs__rosidl_typesupport_cpp.so
[1.165s] Listing '/home/yzz/219_ws/install/control_input_msgs/local/lib/python3.10/dist-packages/control_input_msgs'...
[1.165s] Listing '/home/yzz/219_ws/install/control_input_msgs/local/lib/python3.10/dist-packages/control_input_msgs/msg'...
[1.171s] -- Up-to-date: /home/yzz/219_ws/install/control_input_msgs/lib/libcontrol_input_msgs__rosidl_generator_py.so
[1.174s] -- Up-to-date: /home/yzz/219_ws/install/control_input_msgs/share/control_input_msgs/cmake/export_control_input_msgs__rosidl_generator_cExport.cmake
[1.174s] -- Up-to-date: /home/yzz/219_ws/install/control_input_msgs/share/control_input_msgs/cmake/export_control_input_msgs__rosidl_generator_cExport-noconfig.cmake
[1.175s] -- Up-to-date: /home/yzz/219_ws/install/control_input_msgs/share/control_input_msgs/cmake/export_control_input_msgs__rosidl_typesupport_fastrtps_cExport.cmake
[1.175s] -- Up-to-date: /home/yzz/219_ws/install/control_input_msgs/share/control_input_msgs/cmake/export_control_input_msgs__rosidl_typesupport_fastrtps_cExport-noconfig.cmake
[1.175s] -- Up-to-date: /home/yzz/219_ws/install/control_input_msgs/share/control_input_msgs/cmake/control_input_msgs__rosidl_typesupport_introspection_cExport.cmake
[1.176s] -- Up-to-date: /home/yzz/219_ws/install/control_input_msgs/share/control_input_msgs/cmake/control_input_msgs__rosidl_typesupport_introspection_cExport-noconfig.cmake
[1.176s] -- Up-to-date: /home/yzz/219_ws/install/control_input_msgs/share/control_input_msgs/cmake/control_input_msgs__rosidl_typesupport_cExport.cmake
[1.176s] -- Up-to-date: /home/yzz/219_ws/install/control_input_msgs/share/control_input_msgs/cmake/control_input_msgs__rosidl_typesupport_cExport-noconfig.cmake
[1.177s] -- Up-to-date: /home/yzz/219_ws/install/control_input_msgs/share/control_input_msgs/cmake/export_control_input_msgs__rosidl_generator_cppExport.cmake
[1.177s] -- Up-to-date: /home/yzz/219_ws/install/control_input_msgs/share/control_input_msgs/cmake/export_control_input_msgs__rosidl_typesupport_fastrtps_cppExport.cmake
[1.177s] -- Up-to-date: /home/yzz/219_ws/install/control_input_msgs/share/control_input_msgs/cmake/export_control_input_msgs__rosidl_typesupport_fastrtps_cppExport-noconfig.cmake
[1.178s] -- Up-to-date: /home/yzz/219_ws/install/control_input_msgs/share/control_input_msgs/cmake/control_input_msgs__rosidl_typesupport_introspection_cppExport.cmake
[1.178s] -- Up-to-date: /home/yzz/219_ws/install/control_input_msgs/share/control_input_msgs/cmake/control_input_msgs__rosidl_typesupport_introspection_cppExport-noconfig.cmake
[1.178s] -- Up-to-date: /home/yzz/219_ws/install/control_input_msgs/share/control_input_msgs/cmake/control_input_msgs__rosidl_typesupport_cppExport.cmake
[1.178s] -- Up-to-date: /home/yzz/219_ws/install/control_input_msgs/share/control_input_msgs/cmake/control_input_msgs__rosidl_typesupport_cppExport-noconfig.cmake
[1.179s] -- Up-to-date: /home/yzz/219_ws/install/control_input_msgs/share/control_input_msgs/cmake/export_control_input_msgs__rosidl_generator_pyExport.cmake
[1.179s] -- Up-to-date: /home/yzz/219_ws/install/control_input_msgs/share/control_input_msgs/cmake/export_control_input_msgs__rosidl_generator_pyExport-noconfig.cmake
[1.184s] Invoked command in '/home/yzz/219_ws/build/control_input_msgs' returned '0': CMAKE_PREFIX_PATH=${CMAKE_PREFIX_PATH}:/opt/ros/humble /usr/bin/cmake --install /home/yzz/219_ws/build/control_input_msgs
