[0.019s] Invoking command in '/home/yzz/219_ws/build/control_input_msgs': CMAKE_PREFIX_PATH=${CMAKE_PREFIX_PATH}:/opt/ros/humble /usr/bin/cmake --build /home/yzz/219_ws/build/control_input_msgs -- -j2 -l2
[0.174s] [  3%] Built target control_input_msgs__cpp
[0.188s] [ 12%] Built target control_input_msgs__rosidl_generator_c
[0.283s] [ 22%] Built target control_input_msgs__rosidl_typesupport_cpp
[0.283s] [ 22%] Built target ament_cmake_python_symlink_control_input_msgs
[0.388s] [ 35%] Built target control_input_msgs__rosidl_typesupport_fastrtps_c
[0.391s] [ 41%] Built target control_input_msgs__rosidl_typesupport_introspection_c
[0.453s] [ 51%] Built target control_input_msgs__rosidl_typesupport_c
[0.468s] [ 61%] Built target control_input_msgs__rosidl_typesupport_fastrtps_cpp
[0.566s] [ 70%] Built target control_input_msgs__rosidl_typesupport_introspection_cpp
[0.676s] [ 70%] Built target control_input_msgs
[0.773s] [ 74%] Built target control_input_msgs__py
[0.904s] [ 80%] Built target control_input_msgs__rosidl_generator_py
[0.976s] [ 87%] Built target control_input_msgs__rosidl_typesupport_fastrtps_c__pyext
[1.107s] [ 93%] Built target control_input_msgs__rosidl_typesupport_introspection_c__pyext
[1.116s] running egg_info
[1.122s] writing control_input_msgs.egg-info/PKG-INFO
[1.126s] writing dependency_links to control_input_msgs.egg-info/dependency_links.txt
[1.126s] writing top-level names to control_input_msgs.egg-info/top_level.txt
[1.143s] reading manifest file 'control_input_msgs.egg-info/SOURCES.txt'
[1.143s] writing manifest file 'control_input_msgs.egg-info/SOURCES.txt'
[1.212s] [100%] Built target control_input_msgs__rosidl_typesupport_c__pyext
[1.240s] [100%] Built target ament_cmake_python_build_control_input_msgs_egg
[1.302s] Invoked command in '/home/yzz/219_ws/build/control_input_msgs' returned '0': CMAKE_PREFIX_PATH=${CMAKE_PREFIX_PATH}:/opt/ros/humble /usr/bin/cmake --build /home/yzz/219_ws/build/control_input_msgs -- -j2 -l2
[1.302s] Invoking command in '/home/yzz/219_ws/build/control_input_msgs': CMAKE_PREFIX_PATH=${CMAKE_PREFIX_PATH}:/opt/ros/humble /usr/bin/cmake --install /home/yzz/219_ws/build/control_input_msgs
[1.330s] -- Install configuration: ""
[1.330s] -- Execute custom install script
[1.330s] -- Up-to-date symlink: /home/yzz/219_ws/install/control_input_msgs/share/ament_index/resource_index/rosidl_interfaces/control_input_msgs
[1.330s] -- Up-to-date symlink: /home/yzz/219_ws/install/control_input_msgs/include/control_input_msgs/control_input_msgs/msg/detail/inputs__functions.h
[1.330s] -- Up-to-date symlink: /home/yzz/219_ws/install/control_input_msgs/include/control_input_msgs/control_input_msgs/msg/detail/inputs__struct.h
[1.330s] -- Up-to-date symlink: /home/yzz/219_ws/install/control_input_msgs/include/control_input_msgs/control_input_msgs/msg/detail/inputs__type_support.h
[1.330s] -- Up-to-date symlink: /home/yzz/219_ws/install/control_input_msgs/include/control_input_msgs/control_input_msgs/msg/inputs.h
[1.331s] -- Up-to-date symlink: /home/yzz/219_ws/install/control_input_msgs/include/control_input_msgs/control_input_msgs/msg/rosidl_generator_c__visibility_control.h
[1.331s] -- Up-to-date symlink: /home/yzz/219_ws/install/control_input_msgs/share/control_input_msgs/environment/library_path.sh
[1.335s] -- Up-to-date symlink: /home/yzz/219_ws/install/control_input_msgs/share/control_input_msgs/environment/library_path.dsv
[1.335s] -- Up-to-date symlink: /home/yzz/219_ws/install/control_input_msgs/include/control_input_msgs/control_input_msgs/msg/detail/inputs__rosidl_typesupport_fastrtps_c.h
[1.335s] -- Up-to-date symlink: /home/yzz/219_ws/install/control_input_msgs/include/control_input_msgs/control_input_msgs/msg/rosidl_typesupport_fastrtps_c__visibility_control.h
[1.335s] -- Up-to-date symlink: /home/yzz/219_ws/install/control_input_msgs/include/control_input_msgs/control_input_msgs/msg/detail/inputs__rosidl_typesupport_introspection_c.h
[1.335s] -- Up-to-date symlink: /home/yzz/219_ws/install/control_input_msgs/include/control_input_msgs/control_input_msgs/msg/rosidl_typesupport_introspection_c__visibility_control.h
[1.335s] -- Up-to-date symlink: /home/yzz/219_ws/install/control_input_msgs/include/control_input_msgs/control_input_msgs/msg/detail/inputs__builder.hpp
[1.335s] -- Up-to-date symlink: /home/yzz/219_ws/install/control_input_msgs/include/control_input_msgs/control_input_msgs/msg/detail/inputs__struct.hpp
[1.335s] -- Up-to-date symlink: /home/yzz/219_ws/install/control_input_msgs/include/control_input_msgs/control_input_msgs/msg/detail/inputs__traits.hpp
[1.335s] -- Up-to-date symlink: /home/yzz/219_ws/install/control_input_msgs/include/control_input_msgs/control_input_msgs/msg/detail/inputs__type_support.hpp
[1.336s] -- Up-to-date symlink: /home/yzz/219_ws/install/control_input_msgs/include/control_input_msgs/control_input_msgs/msg/inputs.hpp
[1.336s] -- Up-to-date symlink: /home/yzz/219_ws/install/control_input_msgs/include/control_input_msgs/control_input_msgs/msg/rosidl_generator_cpp__visibility_control.hpp
[1.336s] -- Up-to-date symlink: /home/yzz/219_ws/install/control_input_msgs/include/control_input_msgs/control_input_msgs/msg/detail/inputs__rosidl_typesupport_fastrtps_cpp.hpp
[1.336s] -- Up-to-date symlink: /home/yzz/219_ws/install/control_input_msgs/include/control_input_msgs/control_input_msgs/msg/rosidl_typesupport_fastrtps_cpp__visibility_control.h
[1.336s] -- Up-to-date symlink: /home/yzz/219_ws/install/control_input_msgs/include/control_input_msgs/control_input_msgs/msg/detail/inputs__rosidl_typesupport_introspection_cpp.hpp
[1.336s] -- Up-to-date symlink: /home/yzz/219_ws/install/control_input_msgs/share/control_input_msgs/environment/pythonpath.sh
[1.336s] -- Up-to-date symlink: /home/yzz/219_ws/install/control_input_msgs/share/control_input_msgs/environment/pythonpath.dsv
[1.336s] -- Up-to-date symlink: /home/yzz/219_ws/install/control_input_msgs/local/lib/python3.10/dist-packages/control_input_msgs-0.0.0-py3.10.egg-info/PKG-INFO
[1.336s] -- Up-to-date symlink: /home/yzz/219_ws/install/control_input_msgs/local/lib/python3.10/dist-packages/control_input_msgs-0.0.0-py3.10.egg-info/SOURCES.txt
[1.336s] -- Up-to-date symlink: /home/yzz/219_ws/install/control_input_msgs/local/lib/python3.10/dist-packages/control_input_msgs-0.0.0-py3.10.egg-info/dependency_links.txt
[1.338s] -- Up-to-date symlink: /home/yzz/219_ws/install/control_input_msgs/local/lib/python3.10/dist-packages/control_input_msgs-0.0.0-py3.10.egg-info/top_level.txt
[1.338s] -- Up-to-date symlink: /home/yzz/219_ws/install/control_input_msgs/local/lib/python3.10/dist-packages/control_input_msgs/__init__.py
[1.338s] -- Up-to-date symlink: /home/yzz/219_ws/install/control_input_msgs/local/lib/python3.10/dist-packages/control_input_msgs/_control_input_msgs_s.ep.rosidl_typesupport_c.c
[1.338s] -- Up-to-date symlink: /home/yzz/219_ws/install/control_input_msgs/local/lib/python3.10/dist-packages/control_input_msgs/_control_input_msgs_s.ep.rosidl_typesupport_fastrtps_c.c
[1.339s] -- Up-to-date symlink: /home/yzz/219_ws/install/control_input_msgs/local/lib/python3.10/dist-packages/control_input_msgs/_control_input_msgs_s.ep.rosidl_typesupport_introspection_c.c
[1.339s] -- Up-to-date symlink: /home/yzz/219_ws/install/control_input_msgs/local/lib/python3.10/dist-packages/control_input_msgs/control_input_msgs_s__rosidl_typesupport_c.cpython-310-x86_64-linux-gnu.so
[1.339s] -- Up-to-date symlink: /home/yzz/219_ws/install/control_input_msgs/local/lib/python3.10/dist-packages/control_input_msgs/control_input_msgs_s__rosidl_typesupport_fastrtps_c.cpython-310-x86_64-linux-gnu.so
[1.339s] -- Up-to-date symlink: /home/yzz/219_ws/install/control_input_msgs/local/lib/python3.10/dist-packages/control_input_msgs/control_input_msgs_s__rosidl_typesupport_introspection_c.cpython-310-x86_64-linux-gnu.so
[1.339s] -- Up-to-date symlink: /home/yzz/219_ws/install/control_input_msgs/local/lib/python3.10/dist-packages/control_input_msgs/libcontrol_input_msgs__rosidl_generator_py.so
[1.339s] -- Up-to-date symlink: /home/yzz/219_ws/install/control_input_msgs/local/lib/python3.10/dist-packages/control_input_msgs/msg/__init__.py
[1.339s] -- Up-to-date symlink: /home/yzz/219_ws/install/control_input_msgs/local/lib/python3.10/dist-packages/control_input_msgs/msg/_inputs.py
[1.339s] -- Up-to-date symlink: /home/yzz/219_ws/install/control_input_msgs/local/lib/python3.10/dist-packages/control_input_msgs/msg/_inputs_s.c
[1.339s] -- Up-to-date symlink: /home/yzz/219_ws/install/control_input_msgs/local/lib/python3.10/dist-packages/control_input_msgs/control_input_msgs_s__rosidl_typesupport_fastrtps_c.cpython-310-x86_64-linux-gnu.so
[1.339s] -- Up-to-date symlink: /home/yzz/219_ws/install/control_input_msgs/local/lib/python3.10/dist-packages/control_input_msgs/control_input_msgs_s__rosidl_typesupport_introspection_c.cpython-310-x86_64-linux-gnu.so
[1.339s] -- Up-to-date symlink: /home/yzz/219_ws/install/control_input_msgs/local/lib/python3.10/dist-packages/control_input_msgs/control_input_msgs_s__rosidl_typesupport_c.cpython-310-x86_64-linux-gnu.so
[1.339s] -- Up-to-date symlink: /home/yzz/219_ws/install/control_input_msgs/share/control_input_msgs/msg/Inputs.idl
[1.339s] -- Up-to-date symlink: /home/yzz/219_ws/install/control_input_msgs/share/control_input_msgs/msg/Inputs.msg
[1.339s] -- Up-to-date symlink: /home/yzz/219_ws/install/control_input_msgs/share/ament_index/resource_index/package_run_dependencies/control_input_msgs
[1.339s] -- Up-to-date symlink: /home/yzz/219_ws/install/control_input_msgs/share/ament_index/resource_index/parent_prefix_path/control_input_msgs
[1.339s] -- Up-to-date symlink: /home/yzz/219_ws/install/control_input_msgs/share/control_input_msgs/environment/ament_prefix_path.sh
[1.339s] -- Up-to-date symlink: /home/yzz/219_ws/install/control_input_msgs/share/control_input_msgs/environment/ament_prefix_path.dsv
[1.340s] -- Up-to-date symlink: /home/yzz/219_ws/install/control_input_msgs/share/control_input_msgs/environment/path.sh
[1.340s] -- Up-to-date symlink: /home/yzz/219_ws/install/control_input_msgs/share/control_input_msgs/environment/path.dsv
[1.340s] -- Up-to-date symlink: /home/yzz/219_ws/install/control_input_msgs/share/control_input_msgs/local_setup.bash
[1.341s] -- Up-to-date symlink: /home/yzz/219_ws/install/control_input_msgs/share/control_input_msgs/local_setup.sh
[1.341s] -- Up-to-date symlink: /home/yzz/219_ws/install/control_input_msgs/share/control_input_msgs/local_setup.zsh
[1.341s] -- Up-to-date symlink: /home/yzz/219_ws/install/control_input_msgs/share/control_input_msgs/local_setup.dsv
[1.341s] -- Symlinking: /home/yzz/219_ws/install/control_input_msgs/share/control_input_msgs/package.dsv
[1.363s] -- Up-to-date symlink: /home/yzz/219_ws/install/control_input_msgs/share/ament_index/resource_index/packages/control_input_msgs
[1.363s] -- Up-to-date symlink: /home/yzz/219_ws/install/control_input_msgs/share/control_input_msgs/cmake/rosidl_cmake-extras.cmake
[1.363s] -- Up-to-date symlink: /home/yzz/219_ws/install/control_input_msgs/share/control_input_msgs/cmake/ament_cmake_export_include_directories-extras.cmake
[1.363s] -- Up-to-date symlink: /home/yzz/219_ws/install/control_input_msgs/share/control_input_msgs/cmake/ament_cmake_export_libraries-extras.cmake
[1.363s] -- Up-to-date symlink: /home/yzz/219_ws/install/control_input_msgs/share/control_input_msgs/cmake/ament_cmake_export_targets-extras.cmake
[1.363s] -- Up-to-date symlink: /home/yzz/219_ws/install/control_input_msgs/share/control_input_msgs/cmake/rosidl_cmake_export_typesupport_targets-extras.cmake
[1.363s] -- Up-to-date symlink: /home/yzz/219_ws/install/control_input_msgs/share/control_input_msgs/cmake/ament_cmake_export_dependencies-extras.cmake
[1.363s] -- Up-to-date symlink: /home/yzz/219_ws/install/control_input_msgs/share/control_input_msgs/cmake/rosidl_cmake_export_typesupport_libraries-extras.cmake
[1.363s] -- Up-to-date symlink: /home/yzz/219_ws/install/control_input_msgs/share/control_input_msgs/cmake/control_input_msgsConfig.cmake
[1.367s] -- Up-to-date symlink: /home/yzz/219_ws/install/control_input_msgs/share/control_input_msgs/cmake/control_input_msgsConfig-version.cmake
[1.368s] -- Up-to-date symlink: /home/yzz/219_ws/install/control_input_msgs/share/control_input_msgs/package.xml
[1.368s] -- Up-to-date: /home/yzz/219_ws/install/control_input_msgs/lib/libcontrol_input_msgs__rosidl_generator_c.so
[1.368s] -- Up-to-date: /home/yzz/219_ws/install/control_input_msgs/lib/libcontrol_input_msgs__rosidl_typesupport_fastrtps_c.so
[1.368s] -- Up-to-date: /home/yzz/219_ws/install/control_input_msgs/lib/libcontrol_input_msgs__rosidl_typesupport_introspection_c.so
[1.368s] -- Up-to-date: /home/yzz/219_ws/install/control_input_msgs/lib/libcontrol_input_msgs__rosidl_typesupport_c.so
[1.368s] -- Up-to-date: /home/yzz/219_ws/install/control_input_msgs/lib/libcontrol_input_msgs__rosidl_typesupport_fastrtps_cpp.so
[1.368s] -- Up-to-date: /home/yzz/219_ws/install/control_input_msgs/lib/libcontrol_input_msgs__rosidl_typesupport_introspection_cpp.so
[1.368s] -- Up-to-date: /home/yzz/219_ws/install/control_input_msgs/lib/libcontrol_input_msgs__rosidl_typesupport_cpp.so
[1.422s] Listing '/home/yzz/219_ws/install/control_input_msgs/local/lib/python3.10/dist-packages/control_input_msgs'...
[1.423s] Listing '/home/yzz/219_ws/install/control_input_msgs/local/lib/python3.10/dist-packages/control_input_msgs/msg'...
[1.431s] -- Up-to-date: /home/yzz/219_ws/install/control_input_msgs/lib/libcontrol_input_msgs__rosidl_generator_py.so
[1.432s] -- Up-to-date: /home/yzz/219_ws/install/control_input_msgs/share/control_input_msgs/cmake/export_control_input_msgs__rosidl_generator_cExport.cmake
[1.432s] -- Up-to-date: /home/yzz/219_ws/install/control_input_msgs/share/control_input_msgs/cmake/export_control_input_msgs__rosidl_generator_cExport-noconfig.cmake
[1.432s] -- Up-to-date: /home/yzz/219_ws/install/control_input_msgs/share/control_input_msgs/cmake/export_control_input_msgs__rosidl_typesupport_fastrtps_cExport.cmake
[1.432s] -- Up-to-date: /home/yzz/219_ws/install/control_input_msgs/share/control_input_msgs/cmake/export_control_input_msgs__rosidl_typesupport_fastrtps_cExport-noconfig.cmake
[1.432s] -- Up-to-date: /home/yzz/219_ws/install/control_input_msgs/share/control_input_msgs/cmake/control_input_msgs__rosidl_typesupport_introspection_cExport.cmake
[1.432s] -- Up-to-date: /home/yzz/219_ws/install/control_input_msgs/share/control_input_msgs/cmake/control_input_msgs__rosidl_typesupport_introspection_cExport-noconfig.cmake
[1.432s] -- Up-to-date: /home/yzz/219_ws/install/control_input_msgs/share/control_input_msgs/cmake/control_input_msgs__rosidl_typesupport_cExport.cmake
[1.432s] -- Up-to-date: /home/yzz/219_ws/install/control_input_msgs/share/control_input_msgs/cmake/control_input_msgs__rosidl_typesupport_cExport-noconfig.cmake
[1.432s] -- Up-to-date: /home/yzz/219_ws/install/control_input_msgs/share/control_input_msgs/cmake/export_control_input_msgs__rosidl_generator_cppExport.cmake
[1.432s] -- Up-to-date: /home/yzz/219_ws/install/control_input_msgs/share/control_input_msgs/cmake/export_control_input_msgs__rosidl_typesupport_fastrtps_cppExport.cmake
[1.432s] -- Up-to-date: /home/yzz/219_ws/install/control_input_msgs/share/control_input_msgs/cmake/export_control_input_msgs__rosidl_typesupport_fastrtps_cppExport-noconfig.cmake
[1.433s] -- Up-to-date: /home/yzz/219_ws/install/control_input_msgs/share/control_input_msgs/cmake/control_input_msgs__rosidl_typesupport_introspection_cppExport.cmake
[1.434s] -- Up-to-date: /home/yzz/219_ws/install/control_input_msgs/share/control_input_msgs/cmake/control_input_msgs__rosidl_typesupport_introspection_cppExport-noconfig.cmake
[1.434s] -- Up-to-date: /home/yzz/219_ws/install/control_input_msgs/share/control_input_msgs/cmake/control_input_msgs__rosidl_typesupport_cppExport.cmake
[1.438s] -- Up-to-date: /home/yzz/219_ws/install/control_input_msgs/share/control_input_msgs/cmake/control_input_msgs__rosidl_typesupport_cppExport-noconfig.cmake
[1.438s] -- Up-to-date: /home/yzz/219_ws/install/control_input_msgs/share/control_input_msgs/cmake/export_control_input_msgs__rosidl_generator_pyExport.cmake
[1.438s] -- Up-to-date: /home/yzz/219_ws/install/control_input_msgs/share/control_input_msgs/cmake/export_control_input_msgs__rosidl_generator_pyExport-noconfig.cmake
[1.439s] Invoked command in '/home/yzz/219_ws/build/control_input_msgs' returned '0': CMAKE_PREFIX_PATH=${CMAKE_PREFIX_PATH}:/opt/ros/humble /usr/bin/cmake --install /home/yzz/219_ws/build/control_input_msgs
