[0.014s] Invoking command in '/home/yzz/219_ws/build/keyboard_input': AMENT_PREFIX_PATH=/home/yzz/219_ws/install/control_input_msgs:${AMENT_PREFIX_PATH} CMAKE_PREFIX_PATH=/home/yzz/219_ws/install/control_input_msgs:/opt/ros/humble LD_LIBRARY_PATH=/home/yzz/219_ws/install/control_input_msgs/lib:${LD_LIBRARY_PATH} PYTHONPATH=/home/yzz/219_ws/install/control_input_msgs/local/lib/python3.10/dist-packages:${PYTHONPATH} /usr/bin/cmake --build /home/yzz/219_ws/build/keyboard_input -- -j2 -l2
[0.127s] [100%] Built target keyboard_input
[0.157s] Invoked command in '/home/yzz/219_ws/build/keyboard_input' returned '0': AMENT_PREFIX_PATH=/home/yzz/219_ws/install/control_input_msgs:${AMENT_PREFIX_PATH} CMAKE_PREFIX_PATH=/home/yzz/219_ws/install/control_input_msgs:/opt/ros/humble LD_LIBRARY_PATH=/home/yzz/219_ws/install/control_input_msgs/lib:${LD_LIBRARY_PATH} PYTHONPATH=/home/yzz/219_ws/install/control_input_msgs/local/lib/python3.10/dist-packages:${PYTHONPATH} /usr/bin/cmake --build /home/yzz/219_ws/build/keyboard_input -- -j2 -l2
[0.159s] Invoking command in '/home/yzz/219_ws/build/keyboard_input': AMENT_PREFIX_PATH=/home/yzz/219_ws/install/control_input_msgs:${AMENT_PREFIX_PATH} CMAKE_PREFIX_PATH=/home/yzz/219_ws/install/control_input_msgs:/opt/ros/humble LD_LIBRARY_PATH=/home/yzz/219_ws/install/control_input_msgs/lib:${LD_LIBRARY_PATH} PYTHONPATH=/home/yzz/219_ws/install/control_input_msgs/local/lib/python3.10/dist-packages:${PYTHONPATH} /usr/bin/cmake --install /home/yzz/219_ws/build/keyboard_input
[0.191s] -- Install configuration: ""
[0.193s] -- Execute custom install script
[0.197s] -- Up-to-date symlink: /home/yzz/219_ws/install/keyboard_input/lib/keyboard_input/keyboard_input
[0.199s] -- Up-to-date symlink: /home/yzz/219_ws/install/keyboard_input/share/ament_index/resource_index/package_run_dependencies/keyboard_input
[0.199s] -- Up-to-date symlink: /home/yzz/219_ws/install/keyboard_input/share/ament_index/resource_index/parent_prefix_path/keyboard_input
[0.202s] -- Up-to-date symlink: /home/yzz/219_ws/install/keyboard_input/share/keyboard_input/environment/ament_prefix_path.sh
[0.202s] -- Up-to-date symlink: /home/yzz/219_ws/install/keyboard_input/share/keyboard_input/environment/ament_prefix_path.dsv
[0.202s] -- Up-to-date symlink: /home/yzz/219_ws/install/keyboard_input/share/keyboard_input/environment/path.sh
[0.202s] -- Up-to-date symlink: /home/yzz/219_ws/install/keyboard_input/share/keyboard_input/environment/path.dsv
[0.202s] -- Up-to-date symlink: /home/yzz/219_ws/install/keyboard_input/share/keyboard_input/local_setup.bash
[0.203s] -- Up-to-date symlink: /home/yzz/219_ws/install/keyboard_input/share/keyboard_input/local_setup.sh
[0.203s] -- Up-to-date symlink: /home/yzz/219_ws/install/keyboard_input/share/keyboard_input/local_setup.zsh
[0.203s] -- Up-to-date symlink: /home/yzz/219_ws/install/keyboard_input/share/keyboard_input/local_setup.dsv
[0.203s] -- Symlinking: /home/yzz/219_ws/install/keyboard_input/share/keyboard_input/package.dsv
[0.211s] -- Up-to-date symlink: /home/yzz/219_ws/install/keyboard_input/share/ament_index/resource_index/packages/keyboard_input
[0.211s] -- Up-to-date symlink: /home/yzz/219_ws/install/keyboard_input/share/keyboard_input/cmake/keyboard_inputConfig.cmake
[0.212s] -- Up-to-date symlink: /home/yzz/219_ws/install/keyboard_input/share/keyboard_input/cmake/keyboard_inputConfig-version.cmake
[0.214s] -- Up-to-date symlink: /home/yzz/219_ws/install/keyboard_input/share/keyboard_input/package.xml
[0.215s] Invoked command in '/home/yzz/219_ws/build/keyboard_input' returned '0': AMENT_PREFIX_PATH=/home/yzz/219_ws/install/control_input_msgs:${AMENT_PREFIX_PATH} CMAKE_PREFIX_PATH=/home/yzz/219_ws/install/control_input_msgs:/opt/ros/humble LD_LIBRARY_PATH=/home/yzz/219_ws/install/control_input_msgs/lib:${LD_LIBRARY_PATH} PYTHONPATH=/home/yzz/219_ws/install/control_input_msgs/local/lib/python3.10/dist-packages:${PYTHONPATH} /usr/bin/cmake --install /home/yzz/219_ws/build/keyboard_input
