[0.024s] Invoking command in '/home/yzz/219_ws/build/hardware_unitree_mujoco': CMAKE_PREFIX_PATH=${CMAKE_PREFIX_PATH}:/opt/ros/humble /usr/bin/cmake --build /home/yzz/219_ws/build/hardware_unitree_mujoco -- -j2 -l2
[0.109s] -- Found ament_cmake: 1.3.12 (/opt/ros/humble/share/ament_cmake/cmake)
[0.399s] -- Override CMake install command with custom implementation using symlinks instead of copying resources
[0.469s] -- Found serial: 1.2.1 (/usr/local/share/serial/cmake)
[0.480s] -- Found hardware_interface: 2.52.2 (/opt/ros/humble/share/hardware_interface/cmake)
[0.539s] -- Found rosidl_generator_c: 3.1.7 (/opt/ros/humble/share/rosidl_generator_c/cmake)
[0.543s] -- Found rosidl_adapter: 3.1.7 (/opt/ros/humble/share/rosidl_adapter/cmake)
[0.557s] -- Found rosidl_generator_cpp: 3.1.7 (/opt/ros/humble/share/rosidl_generator_cpp/cmake)
[0.576s] -- Using all available rosidl_typesupport_c: rosidl_typesupport_fastrtps_c;rosidl_typesupport_introspection_c
[0.595s] -- Using all available rosidl_typesupport_cpp: rosidl_typesupport_fastrtps_cpp;rosidl_typesupport_introspection_cpp
[0.842s] -- Found rmw_implementation_cmake: 6.1.2 (/opt/ros/humble/share/rmw_implementation_cmake/cmake)
[0.845s] -- Found rmw_fastrtps_cpp: 6.2.9 (/opt/ros/humble/share/rmw_fastrtps_cpp/cmake)
[0.878s] -- Found TinyXML2 via Config file: TinyXML2_DIR-NOTFOUND
[0.902s] -- Found TinyXML2 via Config file: TinyXML2_DIR-NOTFOUND
[0.936s] -- Found TinyXML2 via Config file: TinyXML2_DIR-NOTFOUND
[0.948s] -- Found TinyXML2 via Config file: TinyXML2_DIR-NOTFOUND
[0.966s] -- Using RMW implementation 'rmw_fastrtps_cpp' as default
[1.053s] -- Found ament_lint_auto: 0.12.14 (/opt/ros/humble/share/ament_lint_auto/cmake)
[1.155s] -- Added test 'cppcheck' to perform static code analysis on C / C++ code
[1.156s] -- Configured cppcheck include dirs: $<BUILD_INTERFACE:/home/yzz/219_ws/src/quadruped_ros2_control-humble/hardwares/hardware_unitree_mujoco/include>;/home/yzz/219_ws/src/quadruped_ros2_control-humble/hardwares/hardware_unitree_mujoco/src
[1.157s] -- Configured cppcheck exclude dirs and/or files: 
[1.158s] -- Added test 'flake8' to check Python code syntax and style conventions
[1.159s] -- Added test 'lint_cmake' to check CMake code style
[1.160s] -- Added test 'pep257' to check Python code against some of the docstring style conventions in PEP 257
[1.163s] -- Added test 'uncrustify' to check C / C++ code style
[1.163s] -- Configured uncrustify additional arguments: 
[1.164s] -- Added test 'xmllint' to check XML markup files
[1.170s] -- Configuring done
[1.217s] -- Generating done
[1.226s] -- Build files have been written to: /home/yzz/219_ws/build/hardware_unitree_mujoco
[1.290s] [35m[1mConsolidate compiler generated dependencies of target hardware_unitree_mujoco[0m
[1.343s] [ 20%] [32m[1mLinking CXX shared library libhardware_unitree_mujoco.so[0m
[1.645s] [100%] Built target hardware_unitree_mujoco
[1.655s] Invoked command in '/home/yzz/219_ws/build/hardware_unitree_mujoco' returned '0': CMAKE_PREFIX_PATH=${CMAKE_PREFIX_PATH}:/opt/ros/humble /usr/bin/cmake --build /home/yzz/219_ws/build/hardware_unitree_mujoco -- -j2 -l2
[1.658s] Invoking command in '/home/yzz/219_ws/build/hardware_unitree_mujoco': CMAKE_PREFIX_PATH=${CMAKE_PREFIX_PATH}:/opt/ros/humble /usr/bin/cmake --install /home/yzz/219_ws/build/hardware_unitree_mujoco
[1.663s] -- Install configuration: ""
[1.663s] -- Execute custom install script
[1.664s] -- Up-to-date symlink: /home/yzz/219_ws/install/hardware_unitree_mujoco/share/hardware_unitree_mujoco//HardwareUnitree.xml
[1.664s] -- Up-to-date symlink: /home/yzz/219_ws/install/hardware_unitree_mujoco/include/hardware_unitree_mujoco/hardware_unitree_mujoco/HardwareUnitree.h
[1.664s] -- Up-to-date symlink: /home/yzz/219_ws/install/hardware_unitree_mujoco/include/hardware_unitree_mujoco/hardware_unitree_mujoco/crc_table.hpp
[1.664s] -- Up-to-date symlink: /home/yzz/219_ws/install/hardware_unitree_mujoco/include/hardware_unitree_mujoco/hardware_unitree_mujoco/imu.hpp
[1.664s] -- Up-to-date symlink: /home/yzz/219_ws/install/hardware_unitree_mujoco/include/hardware_unitree_mujoco/hardware_unitree_mujoco/motor_hw.hpp
[1.665s] -- Up-to-date symlink: /home/yzz/219_ws/install/hardware_unitree_mujoco/share/hardware_unitree_mujoco/HardwareUnitree.xml
[1.665s] -- Up-to-date symlink: /home/yzz/219_ws/install/hardware_unitree_mujoco/share/hardware_unitree_mujoco//launch/visualize.launch.py
[1.665s] -- Up-to-date symlink: /home/yzz/219_ws/install/hardware_unitree_mujoco/share/hardware_unitree_mujoco/environment/library_path.sh
[1.665s] -- Up-to-date symlink: /home/yzz/219_ws/install/hardware_unitree_mujoco/share/hardware_unitree_mujoco/environment/library_path.dsv
[1.666s] -- Up-to-date symlink: /home/yzz/219_ws/install/hardware_unitree_mujoco/share/ament_index/resource_index/package_run_dependencies/hardware_unitree_mujoco
[1.666s] -- Up-to-date symlink: /home/yzz/219_ws/install/hardware_unitree_mujoco/share/ament_index/resource_index/parent_prefix_path/hardware_unitree_mujoco
[1.666s] -- Up-to-date symlink: /home/yzz/219_ws/install/hardware_unitree_mujoco/share/hardware_unitree_mujoco/environment/ament_prefix_path.sh
[1.666s] -- Up-to-date symlink: /home/yzz/219_ws/install/hardware_unitree_mujoco/share/hardware_unitree_mujoco/environment/ament_prefix_path.dsv
[1.666s] -- Up-to-date symlink: /home/yzz/219_ws/install/hardware_unitree_mujoco/share/hardware_unitree_mujoco/environment/path.sh
[1.666s] -- Up-to-date symlink: /home/yzz/219_ws/install/hardware_unitree_mujoco/share/hardware_unitree_mujoco/environment/path.dsv
[1.666s] -- Up-to-date symlink: /home/yzz/219_ws/install/hardware_unitree_mujoco/share/hardware_unitree_mujoco/local_setup.bash
[1.666s] -- Up-to-date symlink: /home/yzz/219_ws/install/hardware_unitree_mujoco/share/hardware_unitree_mujoco/local_setup.sh
[1.666s] -- Up-to-date symlink: /home/yzz/219_ws/install/hardware_unitree_mujoco/share/hardware_unitree_mujoco/local_setup.zsh
[1.667s] -- Up-to-date symlink: /home/yzz/219_ws/install/hardware_unitree_mujoco/share/hardware_unitree_mujoco/local_setup.dsv
[1.667s] -- Symlinking: /home/yzz/219_ws/install/hardware_unitree_mujoco/share/hardware_unitree_mujoco/package.dsv
[1.674s] -- Up-to-date symlink: /home/yzz/219_ws/install/hardware_unitree_mujoco/share/ament_index/resource_index/packages/hardware_unitree_mujoco
[1.674s] -- Up-to-date symlink: /home/yzz/219_ws/install/hardware_unitree_mujoco/share/ament_index/resource_index/hardware_interface__pluginlib__plugin/hardware_unitree_mujoco
[1.674s] -- Up-to-date symlink: /home/yzz/219_ws/install/hardware_unitree_mujoco/share/hardware_unitree_mujoco/cmake/ament_cmake_export_dependencies-extras.cmake
[1.674s] -- Up-to-date symlink: /home/yzz/219_ws/install/hardware_unitree_mujoco/share/hardware_unitree_mujoco/cmake/ament_cmake_export_targets-extras.cmake
[1.674s] -- Up-to-date symlink: /home/yzz/219_ws/install/hardware_unitree_mujoco/share/hardware_unitree_mujoco/cmake/hardware_unitree_mujocoConfig.cmake
[1.675s] -- Up-to-date symlink: /home/yzz/219_ws/install/hardware_unitree_mujoco/share/hardware_unitree_mujoco/cmake/hardware_unitree_mujocoConfig-version.cmake
[1.675s] -- Up-to-date symlink: /home/yzz/219_ws/install/hardware_unitree_mujoco/share/hardware_unitree_mujoco/package.xml
[1.675s] -- Installing: /home/yzz/219_ws/install/hardware_unitree_mujoco/lib/libhardware_unitree_mujoco.so
[1.675s] -- Old export file "/home/yzz/219_ws/install/hardware_unitree_mujoco/share/hardware_unitree_mujoco/cmake/export_hardware_unitree_mujocoExport.cmake" will be replaced.  Removing files [/home/yzz/219_ws/install/hardware_unitree_mujoco/share/hardware_unitree_mujoco/cmake/export_hardware_unitree_mujocoExport-noconfig.cmake].
[1.675s] -- Installing: /home/yzz/219_ws/install/hardware_unitree_mujoco/share/hardware_unitree_mujoco/cmake/export_hardware_unitree_mujocoExport.cmake
[1.676s] -- Installing: /home/yzz/219_ws/install/hardware_unitree_mujoco/share/hardware_unitree_mujoco/cmake/export_hardware_unitree_mujocoExport-noconfig.cmake
[1.679s] Invoked command in '/home/yzz/219_ws/build/hardware_unitree_mujoco' returned '0': CMAKE_PREFIX_PATH=${CMAKE_PREFIX_PATH}:/opt/ros/humble /usr/bin/cmake --install /home/yzz/219_ws/build/hardware_unitree_mujoco
