[0.062s] Invoking command in '/home/yzz/219_ws/build/controller_common': AMENT_PREFIX_PATH=/home/yzz/219_ws/install/control_input_msgs:${AMENT_PREFIX_PATH} CMAKE_PREFIX_PATH=/home/yzz/219_ws/install/control_input_msgs:/opt/ros/humble LD_LIBRARY_PATH=/home/yzz/219_ws/install/control_input_msgs/lib:${LD_LIBRARY_PATH} PYTHONPATH=/home/yzz/219_ws/install/control_input_msgs/local/lib/python3.10/dist-packages:${PYTHONPATH} /usr/bin/cmake --build /home/yzz/219_ws/build/controller_common -- -j2 -l2
[0.328s] [100%] Built target controller_common
[0.371s] Invoked command in '/home/yzz/219_ws/build/controller_common' returned '0': AMENT_PREFIX_PATH=/home/yzz/219_ws/install/control_input_msgs:${AMENT_PREFIX_PATH} CMAKE_PREFIX_PATH=/home/yzz/219_ws/install/control_input_msgs:/opt/ros/humble LD_LIBRARY_PATH=/home/yzz/219_ws/install/control_input_msgs/lib:${LD_LIBRARY_PATH} PYTHONPATH=/home/yzz/219_ws/install/control_input_msgs/local/lib/python3.10/dist-packages:${PYTHONPATH} /usr/bin/cmake --build /home/yzz/219_ws/build/controller_common -- -j2 -l2
[0.374s] Invoking command in '/home/yzz/219_ws/build/controller_common': AMENT_PREFIX_PATH=/home/yzz/219_ws/install/control_input_msgs:${AMENT_PREFIX_PATH} CMAKE_PREFIX_PATH=/home/yzz/219_ws/install/control_input_msgs:/opt/ros/humble LD_LIBRARY_PATH=/home/yzz/219_ws/install/control_input_msgs/lib:${LD_LIBRARY_PATH} PYTHONPATH=/home/yzz/219_ws/install/control_input_msgs/local/lib/python3.10/dist-packages:${PYTHONPATH} /usr/bin/cmake --install /home/yzz/219_ws/build/controller_common
[0.418s] -- Install configuration: "Release"
[0.419s] -- Execute custom install script
[0.421s] -- Up-to-date symlink: /home/yzz/219_ws/install/controller_common/include/controller_common/controller_common/CtrlInterfaces.h
[0.422s] -- Up-to-date symlink: /home/yzz/219_ws/install/controller_common/include/controller_common/controller_common/FSM/BaseFixedStand.h
[0.422s] -- Up-to-date symlink: /home/yzz/219_ws/install/controller_common/include/controller_common/controller_common/FSM/FSMState.h
[0.423s] -- Up-to-date symlink: /home/yzz/219_ws/install/controller_common/include/controller_common/controller_common/FSM/StateFixedDown.h
[0.423s] -- Up-to-date symlink: /home/yzz/219_ws/install/controller_common/include/controller_common/controller_common/FSM/StatePassive.h
[0.423s] -- Up-to-date symlink: /home/yzz/219_ws/install/controller_common/include/controller_common/controller_common/common/enumClass.h
[0.423s] -- Up-to-date symlink: /home/yzz/219_ws/install/controller_common/include/controller_common/controller_common/common/mathTools.h
[0.424s] -- Up-to-date symlink: /home/yzz/219_ws/install/controller_common/include/controller_common/controller_common/common/mathTypes.h
[0.424s] -- Up-to-date symlink: /home/yzz/219_ws/install/controller_common/share/controller_common/environment/library_path.sh
[0.424s] -- Up-to-date symlink: /home/yzz/219_ws/install/controller_common/share/controller_common/environment/library_path.dsv
[0.425s] -- Up-to-date symlink: /home/yzz/219_ws/install/controller_common/share/ament_index/resource_index/package_run_dependencies/controller_common
[0.425s] -- Up-to-date symlink: /home/yzz/219_ws/install/controller_common/share/ament_index/resource_index/parent_prefix_path/controller_common
[0.426s] -- Up-to-date symlink: /home/yzz/219_ws/install/controller_common/share/controller_common/environment/ament_prefix_path.sh
[0.426s] -- Up-to-date symlink: /home/yzz/219_ws/install/controller_common/share/controller_common/environment/ament_prefix_path.dsv
[0.427s] -- Up-to-date symlink: /home/yzz/219_ws/install/controller_common/share/controller_common/environment/path.sh
[0.427s] -- Up-to-date symlink: /home/yzz/219_ws/install/controller_common/share/controller_common/environment/path.dsv
[0.428s] -- Up-to-date symlink: /home/yzz/219_ws/install/controller_common/share/controller_common/local_setup.bash
[0.429s] -- Up-to-date symlink: /home/yzz/219_ws/install/controller_common/share/controller_common/local_setup.sh
[0.430s] -- Up-to-date symlink: /home/yzz/219_ws/install/controller_common/share/controller_common/local_setup.zsh
[0.430s] -- Up-to-date symlink: /home/yzz/219_ws/install/controller_common/share/controller_common/local_setup.dsv
[0.432s] -- Symlinking: /home/yzz/219_ws/install/controller_common/share/controller_common/package.dsv
[0.478s] -- Up-to-date symlink: /home/yzz/219_ws/install/controller_common/share/ament_index/resource_index/packages/controller_common
[0.478s] -- Up-to-date symlink: /home/yzz/219_ws/install/controller_common/share/controller_common/cmake/ament_cmake_export_targets-extras.cmake
[0.480s] -- Up-to-date symlink: /home/yzz/219_ws/install/controller_common/share/controller_common/cmake/controller_commonConfig.cmake
[0.482s] -- Up-to-date symlink: /home/yzz/219_ws/install/controller_common/share/controller_common/cmake/controller_commonConfig-version.cmake
[0.483s] -- Up-to-date symlink: /home/yzz/219_ws/install/controller_common/share/controller_common/package.xml
[0.485s] -- Up-to-date: /home/yzz/219_ws/install/controller_common/lib/libcontroller_common.so
[0.485s] -- Up-to-date: /home/yzz/219_ws/install/controller_common/share/controller_common/cmake/export_controller_commonExport.cmake
[0.485s] -- Up-to-date: /home/yzz/219_ws/install/controller_common/share/controller_common/cmake/export_controller_commonExport-release.cmake
[0.492s] Invoked command in '/home/yzz/219_ws/build/controller_common' returned '0': AMENT_PREFIX_PATH=/home/yzz/219_ws/install/control_input_msgs:${AMENT_PREFIX_PATH} CMAKE_PREFIX_PATH=/home/yzz/219_ws/install/control_input_msgs:/opt/ros/humble LD_LIBRARY_PATH=/home/yzz/219_ws/install/control_input_msgs/lib:${LD_LIBRARY_PATH} PYTHONPATH=/home/yzz/219_ws/install/control_input_msgs/local/lib/python3.10/dist-packages:${PYTHONPATH} /usr/bin/cmake --install /home/yzz/219_ws/build/controller_common
