[0.048s] Invoking command in '/home/yzz/219_ws/build/controller_common': CMAKE_PREFIX_PATH=/home/yzz/219_ws/install/control_input_msgs:/home/yzz/219_ws/install/unitree_guide_controller:/home/yzz/219_ws/install/keyboard_input:/home/yzz/219_ws/install/hardware_unitree_mujoco:/home/yzz/219_ws/install/go1_description:/home/yzz/219_ws/install/controller_common:/opt/ros/humble LD_LIBRARY_PATH=/home/yzz/219_ws/install/control_input_msgs/lib:/home/yzz/219_ws/install/unitree_guide_controller/lib:/home/yzz/219_ws/install/hardware_unitree_mujoco/lib:/home/yzz/219_ws/install/controller_common/lib:/opt/ros/humble/opt/rviz_ogre_vendor/lib:/opt/ros/humble/lib/x86_64-linux-gnu:/lib/x86_64-linux-gnu:/usr/lib/x86_64-linux-gnu:/opt/ros/humble/lib /usr/bin/cmake /home/yzz/219_ws/src/quadruped_ros2_control-humble/libraries/controller_common -DCMAKE_INSTALL_PREFIX=/home/yzz/219_ws/install -DAMENT_CMAKE_SYMLINK_INSTALL=1 -DCMAKE_INSTALL_PREFIX=/home/yzz/219_ws/install/controller_common
[0.219s] -- The C compiler identification is GNU 11.4.0
[0.382s] -- The CXX compiler identification is GNU 11.4.0
[0.401s] -- Detecting C compiler ABI info
[0.608s] -- Detecting C compiler ABI info - done
[0.620s] -- Check for working C compiler: /usr/bin/cc - skipped
[0.621s] -- Detecting C compile features
[0.621s] -- Detecting C compile features - done
[0.627s] -- Detecting CXX compiler ABI info
[0.883s] -- Detecting CXX compiler ABI info - done
[0.901s] -- Check for working CXX compiler: /usr/bin/c++ - skipped
[0.901s] -- Detecting CXX compile features
[0.901s] -- Detecting CXX compile features - done
[0.908s] -- Found ament_cmake: 1.3.12 (/opt/ros/humble/share/ament_cmake/cmake)
[1.240s] -- Found Python3: /usr/bin/python3 (found version "3.10.12") found components: Interpreter 
[1.342s] -- Override CMake install command with custom implementation using symlinks instead of copying resources
[1.396s] -- Found hardware_interface: 2.52.2 (/opt/ros/humble/share/hardware_interface/cmake)
[1.469s] -- Found rosidl_generator_c: 3.1.7 (/opt/ros/humble/share/rosidl_generator_c/cmake)
[1.476s] -- Found rosidl_adapter: 3.1.7 (/opt/ros/humble/share/rosidl_adapter/cmake)
[1.497s] -- Found rosidl_generator_cpp: 3.1.7 (/opt/ros/humble/share/rosidl_generator_cpp/cmake)
[1.516s] -- Using all available rosidl_typesupport_c: rosidl_typesupport_fastrtps_c;rosidl_typesupport_introspection_c
[1.544s] -- Using all available rosidl_typesupport_cpp: rosidl_typesupport_fastrtps_cpp;rosidl_typesupport_introspection_cpp
[1.852s] -- Found rmw_implementation_cmake: 6.1.2 (/opt/ros/humble/share/rmw_implementation_cmake/cmake)
[1.859s] -- Found rmw_fastrtps_cpp: 6.2.9 (/opt/ros/humble/share/rmw_fastrtps_cpp/cmake)
[1.913s] -- Found TinyXML2 via Config file: TinyXML2_DIR-NOTFOUND
[2.064s] -- Found OpenSSL: /usr/lib/x86_64-linux-gnu/libcrypto.so (found version "3.0.2")  
[2.072s] -- Found TinyXML2 via Config file: TinyXML2_DIR-NOTFOUND
[2.101s] -- Found FastRTPS: /opt/ros/humble/include  
[2.106s] -- Found TinyXML2 via Config file: TinyXML2_DIR-NOTFOUND
[2.127s] -- Found TinyXML2 via Config file: TinyXML2_DIR-NOTFOUND
[2.152s] -- Using RMW implementation 'rmw_fastrtps_cpp' as default
[2.167s] -- Looking for pthread.h
[2.429s] -- Looking for pthread.h - found
[2.429s] -- Performing Test CMAKE_HAVE_LIBC_PTHREAD
[2.587s] -- Performing Test CMAKE_HAVE_LIBC_PTHREAD - Success
[2.588s] -- Found Threads: TRUE  
[2.659s] -- Found control_input_msgs: 0.0.0 (/home/yzz/219_ws/install/control_input_msgs/share/control_input_msgs/cmake)
[2.773s] -- Configuring done
[2.797s] -- Generating done
[2.804s] -- Build files have been written to: /home/yzz/219_ws/build/controller_common
[2.823s] Invoked command in '/home/yzz/219_ws/build/controller_common' returned '0': CMAKE_PREFIX_PATH=/home/yzz/219_ws/install/control_input_msgs:/home/yzz/219_ws/install/unitree_guide_controller:/home/yzz/219_ws/install/keyboard_input:/home/yzz/219_ws/install/hardware_unitree_mujoco:/home/yzz/219_ws/install/go1_description:/home/yzz/219_ws/install/controller_common:/opt/ros/humble LD_LIBRARY_PATH=/home/yzz/219_ws/install/control_input_msgs/lib:/home/yzz/219_ws/install/unitree_guide_controller/lib:/home/yzz/219_ws/install/hardware_unitree_mujoco/lib:/home/yzz/219_ws/install/controller_common/lib:/opt/ros/humble/opt/rviz_ogre_vendor/lib:/opt/ros/humble/lib/x86_64-linux-gnu:/lib/x86_64-linux-gnu:/usr/lib/x86_64-linux-gnu:/opt/ros/humble/lib /usr/bin/cmake /home/yzz/219_ws/src/quadruped_ros2_control-humble/libraries/controller_common -DCMAKE_INSTALL_PREFIX=/home/yzz/219_ws/install -DAMENT_CMAKE_SYMLINK_INSTALL=1 -DCMAKE_INSTALL_PREFIX=/home/yzz/219_ws/install/controller_common
[2.823s] Invoking command in '/home/yzz/219_ws/build/controller_common': CMAKE_PREFIX_PATH=/home/yzz/219_ws/install/control_input_msgs:/home/yzz/219_ws/install/unitree_guide_controller:/home/yzz/219_ws/install/keyboard_input:/home/yzz/219_ws/install/hardware_unitree_mujoco:/home/yzz/219_ws/install/go1_description:/home/yzz/219_ws/install/controller_common:/opt/ros/humble LD_LIBRARY_PATH=/home/yzz/219_ws/install/control_input_msgs/lib:/home/yzz/219_ws/install/unitree_guide_controller/lib:/home/yzz/219_ws/install/hardware_unitree_mujoco/lib:/home/yzz/219_ws/install/controller_common/lib:/opt/ros/humble/opt/rviz_ogre_vendor/lib:/opt/ros/humble/lib/x86_64-linux-gnu:/lib/x86_64-linux-gnu:/usr/lib/x86_64-linux-gnu:/opt/ros/humble/lib /usr/bin/cmake --build /home/yzz/219_ws/build/controller_common -- -j2 -l2
[2.947s] [ 25%] [32mBuilding CXX object CMakeFiles/controller_common.dir/src/FSM/StatePassive.cpp.o[0m
[3.835s] [ 50%] [32mBuilding CXX object CMakeFiles/controller_common.dir/src/FSM/BaseFixedStand.cpp.o[0m
[4.605s] [ 75%] [32mBuilding CXX object CMakeFiles/controller_common.dir/src/FSM/StateFixedDown.cpp.o[0m
[5.349s] [100%] [32m[1mLinking CXX shared library libcontroller_common.so[0m
[5.663s] [100%] Built target controller_common
[5.694s] Invoked command in '/home/yzz/219_ws/build/controller_common' returned '0': CMAKE_PREFIX_PATH=/home/yzz/219_ws/install/control_input_msgs:/home/yzz/219_ws/install/unitree_guide_controller:/home/yzz/219_ws/install/keyboard_input:/home/yzz/219_ws/install/hardware_unitree_mujoco:/home/yzz/219_ws/install/go1_description:/home/yzz/219_ws/install/controller_common:/opt/ros/humble LD_LIBRARY_PATH=/home/yzz/219_ws/install/control_input_msgs/lib:/home/yzz/219_ws/install/unitree_guide_controller/lib:/home/yzz/219_ws/install/hardware_unitree_mujoco/lib:/home/yzz/219_ws/install/controller_common/lib:/opt/ros/humble/opt/rviz_ogre_vendor/lib:/opt/ros/humble/lib/x86_64-linux-gnu:/lib/x86_64-linux-gnu:/usr/lib/x86_64-linux-gnu:/opt/ros/humble/lib /usr/bin/cmake --build /home/yzz/219_ws/build/controller_common -- -j2 -l2
[5.694s] Invoking command in '/home/yzz/219_ws/build/controller_common': CMAKE_PREFIX_PATH=/home/yzz/219_ws/install/control_input_msgs:/home/yzz/219_ws/install/unitree_guide_controller:/home/yzz/219_ws/install/keyboard_input:/home/yzz/219_ws/install/hardware_unitree_mujoco:/home/yzz/219_ws/install/go1_description:/home/yzz/219_ws/install/controller_common:/opt/ros/humble LD_LIBRARY_PATH=/home/yzz/219_ws/install/control_input_msgs/lib:/home/yzz/219_ws/install/unitree_guide_controller/lib:/home/yzz/219_ws/install/hardware_unitree_mujoco/lib:/home/yzz/219_ws/install/controller_common/lib:/opt/ros/humble/opt/rviz_ogre_vendor/lib:/opt/ros/humble/lib/x86_64-linux-gnu:/lib/x86_64-linux-gnu:/usr/lib/x86_64-linux-gnu:/opt/ros/humble/lib /usr/bin/cmake --install /home/yzz/219_ws/build/controller_common
[5.708s] -- Install configuration: "Release"
[5.708s] -- Execute custom install script
[5.708s] -- Symlinking: /home/yzz/219_ws/install/controller_common/include/controller_common/controller_common/CtrlInterfaces.h
[5.729s] -- Symlinking: /home/yzz/219_ws/install/controller_common/include/controller_common/controller_common/FSM/BaseFixedStand.h
[5.742s] -- Symlinking: /home/yzz/219_ws/install/controller_common/include/controller_common/controller_common/FSM/FSMState.h
[5.765s] -- Symlinking: /home/yzz/219_ws/install/controller_common/include/controller_common/controller_common/FSM/StateFixedDown.h
[5.785s] -- Symlinking: /home/yzz/219_ws/install/controller_common/include/controller_common/controller_common/FSM/StatePassive.h
[5.799s] -- Symlinking: /home/yzz/219_ws/install/controller_common/include/controller_common/controller_common/common/enumClass.h
[5.814s] -- Symlinking: /home/yzz/219_ws/install/controller_common/include/controller_common/controller_common/common/mathTools.h
[5.830s] -- Symlinking: /home/yzz/219_ws/install/controller_common/include/controller_common/controller_common/common/mathTypes.h
[5.849s] -- Symlinking: /home/yzz/219_ws/install/controller_common/share/controller_common/environment/library_path.sh
[5.866s] -- Symlinking: /home/yzz/219_ws/install/controller_common/share/controller_common/environment/library_path.dsv
[5.881s] -- Symlinking: /home/yzz/219_ws/install/controller_common/share/ament_index/resource_index/package_run_dependencies/controller_common
[5.896s] -- Symlinking: /home/yzz/219_ws/install/controller_common/share/ament_index/resource_index/parent_prefix_path/controller_common
[5.911s] -- Symlinking: /home/yzz/219_ws/install/controller_common/share/controller_common/environment/ament_prefix_path.sh
[5.945s] -- Symlinking: /home/yzz/219_ws/install/controller_common/share/controller_common/environment/ament_prefix_path.dsv
[5.974s] -- Symlinking: /home/yzz/219_ws/install/controller_common/share/controller_common/environment/path.sh
[6.000s] -- Symlinking: /home/yzz/219_ws/install/controller_common/share/controller_common/environment/path.dsv
[6.031s] -- Symlinking: /home/yzz/219_ws/install/controller_common/share/controller_common/local_setup.bash
[6.058s] -- Symlinking: /home/yzz/219_ws/install/controller_common/share/controller_common/local_setup.sh
[6.093s] -- Symlinking: /home/yzz/219_ws/install/controller_common/share/controller_common/local_setup.zsh
[6.130s] -- Symlinking: /home/yzz/219_ws/install/controller_common/share/controller_common/local_setup.dsv
[6.165s] -- Symlinking: /home/yzz/219_ws/install/controller_common/share/controller_common/package.dsv
[6.187s] -- Symlinking: /home/yzz/219_ws/install/controller_common/share/ament_index/resource_index/packages/controller_common
[6.220s] -- Symlinking: /home/yzz/219_ws/install/controller_common/share/controller_common/cmake/ament_cmake_export_targets-extras.cmake
[6.245s] -- Symlinking: /home/yzz/219_ws/install/controller_common/share/controller_common/cmake/controller_commonConfig.cmake
[6.263s] -- Symlinking: /home/yzz/219_ws/install/controller_common/share/controller_common/cmake/controller_commonConfig-version.cmake
[6.277s] -- Symlinking: /home/yzz/219_ws/install/controller_common/share/controller_common/package.xml
[6.298s] -- Installing: /home/yzz/219_ws/install/controller_common/lib/libcontroller_common.so
[6.300s] -- Set runtime path of "/home/yzz/219_ws/install/controller_common/lib/libcontroller_common.so" to ""
[6.305s] -- Installing: /home/yzz/219_ws/install/controller_common/share/controller_common/cmake/export_controller_commonExport.cmake
[6.305s] -- Installing: /home/yzz/219_ws/install/controller_common/share/controller_common/cmake/export_controller_commonExport-release.cmake
[6.312s] Invoked command in '/home/yzz/219_ws/build/controller_common' returned '0': CMAKE_PREFIX_PATH=/home/yzz/219_ws/install/control_input_msgs:/home/yzz/219_ws/install/unitree_guide_controller:/home/yzz/219_ws/install/keyboard_input:/home/yzz/219_ws/install/hardware_unitree_mujoco:/home/yzz/219_ws/install/go1_description:/home/yzz/219_ws/install/controller_common:/opt/ros/humble LD_LIBRARY_PATH=/home/yzz/219_ws/install/control_input_msgs/lib:/home/yzz/219_ws/install/unitree_guide_controller/lib:/home/yzz/219_ws/install/hardware_unitree_mujoco/lib:/home/yzz/219_ws/install/controller_common/lib:/opt/ros/humble/opt/rviz_ogre_vendor/lib:/opt/ros/humble/lib/x86_64-linux-gnu:/lib/x86_64-linux-gnu:/usr/lib/x86_64-linux-gnu:/opt/ros/humble/lib /usr/bin/cmake --install /home/yzz/219_ws/build/controller_common
