[0.038s] Invoking command in '/home/yzz/219_ws/build/unitree_guide_controller': CMAKE_PREFIX_PATH=/home/yzz/219_ws/install/controller_common:/home/yzz/219_ws/install/control_input_msgs:/home/yzz/219_ws/install/unitree_guide_controller:/home/yzz/219_ws/install/keyboard_input:/home/yzz/219_ws/install/hardware_unitree_mujoco:/home/yzz/219_ws/install/go1_description:/opt/ros/humble LD_LIBRARY_PATH=/home/yzz/219_ws/install/controller_common/lib:/home/yzz/219_ws/install/control_input_msgs/lib:/home/yzz/219_ws/install/unitree_guide_controller/lib:/home/yzz/219_ws/install/hardware_unitree_mujoco/lib:/opt/ros/humble/opt/rviz_ogre_vendor/lib:/opt/ros/humble/lib/x86_64-linux-gnu:/opt/ros/humble/lib:/home/yzz/.mujoco/mujoco237/bin:/home/yzz/.mujoco/mujoco237/bin /usr/bin/cmake --build /home/yzz/219_ws/build/unitree_guide_controller -- -j2 -l2
[0.117s] [35m[1mConsolidate compiler generated dependencies of target unitree_guide_controller[0m
[0.192s] [  5%] [32mBuilding CXX object CMakeFiles/unitree_guide_controller.dir/src/FSM/StateFreeStand.cpp.o[0m
[0.198s] [ 11%] [32mBuilding CXX object CMakeFiles/unitree_guide_controller.dir/src/UnitreeGuideController.cpp.o[0m
[17.309s] [ 17%] [32mBuilding CXX object CMakeFiles/unitree_guide_controller.dir/src/FSM/StateBalanceTest.cpp.o[0m
[20.737s] [ 23%] [32m[1mLinking CXX shared library libunitree_guide_controller.so[0m
[20.993s] [100%] Built target unitree_guide_controller
[21.004s] Invoked command in '/home/yzz/219_ws/build/unitree_guide_controller' returned '0': CMAKE_PREFIX_PATH=/home/yzz/219_ws/install/controller_common:/home/yzz/219_ws/install/control_input_msgs:/home/yzz/219_ws/install/unitree_guide_controller:/home/yzz/219_ws/install/keyboard_input:/home/yzz/219_ws/install/hardware_unitree_mujoco:/home/yzz/219_ws/install/go1_description:/opt/ros/humble LD_LIBRARY_PATH=/home/yzz/219_ws/install/controller_common/lib:/home/yzz/219_ws/install/control_input_msgs/lib:/home/yzz/219_ws/install/unitree_guide_controller/lib:/home/yzz/219_ws/install/hardware_unitree_mujoco/lib:/opt/ros/humble/opt/rviz_ogre_vendor/lib:/opt/ros/humble/lib/x86_64-linux-gnu:/opt/ros/humble/lib:/home/yzz/.mujoco/mujoco237/bin:/home/yzz/.mujoco/mujoco237/bin /usr/bin/cmake --build /home/yzz/219_ws/build/unitree_guide_controller -- -j2 -l2
[21.006s] Invoking command in '/home/yzz/219_ws/build/unitree_guide_controller': CMAKE_PREFIX_PATH=/home/yzz/219_ws/install/controller_common:/home/yzz/219_ws/install/control_input_msgs:/home/yzz/219_ws/install/unitree_guide_controller:/home/yzz/219_ws/install/keyboard_input:/home/yzz/219_ws/install/hardware_unitree_mujoco:/home/yzz/219_ws/install/go1_description:/opt/ros/humble LD_LIBRARY_PATH=/home/yzz/219_ws/install/controller_common/lib:/home/yzz/219_ws/install/control_input_msgs/lib:/home/yzz/219_ws/install/unitree_guide_controller/lib:/home/yzz/219_ws/install/hardware_unitree_mujoco/lib:/opt/ros/humble/opt/rviz_ogre_vendor/lib:/opt/ros/humble/lib/x86_64-linux-gnu:/opt/ros/humble/lib:/home/yzz/.mujoco/mujoco237/bin:/home/yzz/.mujoco/mujoco237/bin /usr/bin/cmake --install /home/yzz/219_ws/build/unitree_guide_controller
[21.015s] -- Install configuration: "Release"
[21.020s] -- Execute custom install script
[21.020s] -- Up-to-date symlink: /home/yzz/219_ws/install/unitree_guide_controller/share/unitree_guide_controller//unitree_guide_controller.xml
[21.022s] -- Up-to-date symlink: /home/yzz/219_ws/install/unitree_guide_controller/include/unitree_guide_controller/unitree_guide_controller/FSM/StateBalanceTest.h
[21.022s] -- Up-to-date symlink: /home/yzz/219_ws/install/unitree_guide_controller/include/unitree_guide_controller/unitree_guide_controller/FSM/StateFixedStand.h
[21.022s] -- Up-to-date symlink: /home/yzz/219_ws/install/unitree_guide_controller/include/unitree_guide_controller/unitree_guide_controller/FSM/StateFreeStand.h
[21.022s] -- Up-to-date symlink: /home/yzz/219_ws/install/unitree_guide_controller/include/unitree_guide_controller/unitree_guide_controller/FSM/StateSwingTest.h
[21.022s] -- Up-to-date symlink: /home/yzz/219_ws/install/unitree_guide_controller/include/unitree_guide_controller/unitree_guide_controller/FSM/StateTrotting.h
[21.022s] -- Up-to-date symlink: /home/yzz/219_ws/install/unitree_guide_controller/include/unitree_guide_controller/unitree_guide_controller/UnitreeGuideController.h
[21.022s] -- Up-to-date symlink: /home/yzz/219_ws/install/unitree_guide_controller/include/unitree_guide_controller/unitree_guide_controller/common/mathTools.h
[21.022s] -- Up-to-date symlink: /home/yzz/219_ws/install/unitree_guide_controller/include/unitree_guide_controller/unitree_guide_controller/common/mathTypes.h
[21.022s] -- Up-to-date symlink: /home/yzz/219_ws/install/unitree_guide_controller/include/unitree_guide_controller/unitree_guide_controller/control/BalanceCtrl.h
[21.022s] -- Up-to-date symlink: /home/yzz/219_ws/install/unitree_guide_controller/include/unitree_guide_controller/unitree_guide_controller/control/CtrlComponent.h
[21.022s] -- Up-to-date symlink: /home/yzz/219_ws/install/unitree_guide_controller/include/unitree_guide_controller/unitree_guide_controller/control/Estimator.h
[21.022s] -- Up-to-date symlink: /home/yzz/219_ws/install/unitree_guide_controller/include/unitree_guide_controller/unitree_guide_controller/control/LowPassFilter.h
[21.023s] -- Up-to-date symlink: /home/yzz/219_ws/install/unitree_guide_controller/include/unitree_guide_controller/unitree_guide_controller/gait/FeetEndCalc.h
[21.023s] -- Up-to-date symlink: /home/yzz/219_ws/install/unitree_guide_controller/include/unitree_guide_controller/unitree_guide_controller/gait/GaitGenerator.h
[21.023s] -- Up-to-date symlink: /home/yzz/219_ws/install/unitree_guide_controller/include/unitree_guide_controller/unitree_guide_controller/gait/WaveGenerator.h
[21.023s] -- Up-to-date symlink: /home/yzz/219_ws/install/unitree_guide_controller/include/unitree_guide_controller/unitree_guide_controller/robot/QuadrupedRobot.h
[21.023s] -- Up-to-date symlink: /home/yzz/219_ws/install/unitree_guide_controller/include/unitree_guide_controller/unitree_guide_controller/robot/RobotLeg.h
[21.023s] -- Up-to-date symlink: /home/yzz/219_ws/install/unitree_guide_controller/share/unitree_guide_controller//launch/gazebo.launch.py
[21.023s] -- Up-to-date symlink: /home/yzz/219_ws/install/unitree_guide_controller/share/unitree_guide_controller//launch/gazebo_classic.launch.py
[21.023s] -- Up-to-date symlink: /home/yzz/219_ws/install/unitree_guide_controller/share/unitree_guide_controller//launch/mujoco.launch.py
[21.023s] -- Up-to-date symlink: /home/yzz/219_ws/install/unitree_guide_controller/share/unitree_guide_controller/environment/library_path.sh
[21.023s] -- Up-to-date symlink: /home/yzz/219_ws/install/unitree_guide_controller/share/unitree_guide_controller/environment/library_path.dsv
[21.023s] -- Up-to-date symlink: /home/yzz/219_ws/install/unitree_guide_controller/share/ament_index/resource_index/package_run_dependencies/unitree_guide_controller
[21.023s] -- Up-to-date symlink: /home/yzz/219_ws/install/unitree_guide_controller/share/ament_index/resource_index/parent_prefix_path/unitree_guide_controller
[21.024s] -- Up-to-date symlink: /home/yzz/219_ws/install/unitree_guide_controller/share/unitree_guide_controller/environment/ament_prefix_path.sh
[21.025s] -- Up-to-date symlink: /home/yzz/219_ws/install/unitree_guide_controller/share/unitree_guide_controller/environment/ament_prefix_path.dsv
[21.025s] -- Up-to-date symlink: /home/yzz/219_ws/install/unitree_guide_controller/share/unitree_guide_controller/environment/path.sh
[21.026s] -- Up-to-date symlink: /home/yzz/219_ws/install/unitree_guide_controller/share/unitree_guide_controller/environment/path.dsv
[21.026s] -- Up-to-date symlink: /home/yzz/219_ws/install/unitree_guide_controller/share/unitree_guide_controller/local_setup.bash
[21.027s] -- Up-to-date symlink: /home/yzz/219_ws/install/unitree_guide_controller/share/unitree_guide_controller/local_setup.sh
[21.028s] -- Up-to-date symlink: /home/yzz/219_ws/install/unitree_guide_controller/share/unitree_guide_controller/local_setup.zsh
[21.028s] -- Up-to-date symlink: /home/yzz/219_ws/install/unitree_guide_controller/share/unitree_guide_controller/local_setup.dsv
[21.029s] -- Symlinking: /home/yzz/219_ws/install/unitree_guide_controller/share/unitree_guide_controller/package.dsv
[21.045s] -- Up-to-date symlink: /home/yzz/219_ws/install/unitree_guide_controller/share/ament_index/resource_index/packages/unitree_guide_controller
[21.046s] -- Up-to-date symlink: /home/yzz/219_ws/install/unitree_guide_controller/share/ament_index/resource_index/controller_interface__pluginlib__plugin/unitree_guide_controller
[21.047s] -- Up-to-date symlink: /home/yzz/219_ws/install/unitree_guide_controller/share/unitree_guide_controller/cmake/ament_cmake_export_dependencies-extras.cmake
[21.047s] -- Up-to-date symlink: /home/yzz/219_ws/install/unitree_guide_controller/share/unitree_guide_controller/cmake/ament_cmake_export_targets-extras.cmake
[21.048s] -- Up-to-date symlink: /home/yzz/219_ws/install/unitree_guide_controller/share/unitree_guide_controller/cmake/unitree_guide_controllerConfig.cmake
[21.049s] -- Up-to-date symlink: /home/yzz/219_ws/install/unitree_guide_controller/share/unitree_guide_controller/cmake/unitree_guide_controllerConfig-version.cmake
[21.049s] -- Up-to-date symlink: /home/yzz/219_ws/install/unitree_guide_controller/share/unitree_guide_controller/package.xml
[21.049s] -- Installing: /home/yzz/219_ws/install/unitree_guide_controller/lib/unitree_guide_controller/libunitree_guide_controller.so
[21.052s] -- Set runtime path of "/home/yzz/219_ws/install/unitree_guide_controller/lib/unitree_guide_controller/libunitree_guide_controller.so" to ""
[21.053s] -- Up-to-date: /home/yzz/219_ws/install/unitree_guide_controller/share/unitree_guide_controller/cmake/export_unitree_guide_controllerExport.cmake
[21.053s] -- Up-to-date: /home/yzz/219_ws/install/unitree_guide_controller/share/unitree_guide_controller/cmake/export_unitree_guide_controllerExport-release.cmake
[21.056s] Invoked command in '/home/yzz/219_ws/build/unitree_guide_controller' returned '0': CMAKE_PREFIX_PATH=/home/yzz/219_ws/install/controller_common:/home/yzz/219_ws/install/control_input_msgs:/home/yzz/219_ws/install/unitree_guide_controller:/home/yzz/219_ws/install/keyboard_input:/home/yzz/219_ws/install/hardware_unitree_mujoco:/home/yzz/219_ws/install/go1_description:/opt/ros/humble LD_LIBRARY_PATH=/home/yzz/219_ws/install/controller_common/lib:/home/yzz/219_ws/install/control_input_msgs/lib:/home/yzz/219_ws/install/unitree_guide_controller/lib:/home/yzz/219_ws/install/hardware_unitree_mujoco/lib:/opt/ros/humble/opt/rviz_ogre_vendor/lib:/opt/ros/humble/lib/x86_64-linux-gnu:/opt/ros/humble/lib:/home/yzz/.mujoco/mujoco237/bin:/home/yzz/.mujoco/mujoco237/bin /usr/bin/cmake --install /home/yzz/219_ws/build/unitree_guide_controller
