[0.025s] Invoking command in '/home/yzz/219_ws/build/controller_common': CMAKE_PREFIX_PATH=/home/yzz/219_ws/install/control_input_msgs:/home/yzz/219_ws/install/hardware_unitree_mujoco:/home/yzz/219_ws/install/unitree_guide_controller:/home/yzz/219_ws/install/keyboard_input:/home/yzz/219_ws/install/go1_description:/home/yzz/219_ws/install/controller_common:/opt/ros/humble LD_LIBRARY_PATH=/home/yzz/219_ws/install/control_input_msgs/lib:/home/yzz/219_ws/install/hardware_unitree_mujoco/lib:/home/yzz/219_ws/install/unitree_guide_controller/lib:/home/yzz/219_ws/install/controller_common/lib:/opt/ros/humble/opt/rviz_ogre_vendor/lib:/opt/ros/humble/lib/x86_64-linux-gnu:/opt/ros/humble/lib:/home/yzz/.mujoco/mujoco237/bin:/home/yzz/.mujoco/mujoco237/bin /usr/bin/cmake --build /home/yzz/219_ws/build/controller_common -- -j2 -l2
[0.108s] [35m[1mConsolidate compiler generated dependencies of target controller_common[0m
[0.150s] [100%] Built target controller_common
[0.179s] Invoked command in '/home/yzz/219_ws/build/controller_common' returned '0': CMAKE_PREFIX_PATH=/home/yzz/219_ws/install/control_input_msgs:/home/yzz/219_ws/install/hardware_unitree_mujoco:/home/yzz/219_ws/install/unitree_guide_controller:/home/yzz/219_ws/install/keyboard_input:/home/yzz/219_ws/install/go1_description:/home/yzz/219_ws/install/controller_common:/opt/ros/humble LD_LIBRARY_PATH=/home/yzz/219_ws/install/control_input_msgs/lib:/home/yzz/219_ws/install/hardware_unitree_mujoco/lib:/home/yzz/219_ws/install/unitree_guide_controller/lib:/home/yzz/219_ws/install/controller_common/lib:/opt/ros/humble/opt/rviz_ogre_vendor/lib:/opt/ros/humble/lib/x86_64-linux-gnu:/opt/ros/humble/lib:/home/yzz/.mujoco/mujoco237/bin:/home/yzz/.mujoco/mujoco237/bin /usr/bin/cmake --build /home/yzz/219_ws/build/controller_common -- -j2 -l2
[0.185s] Invoking command in '/home/yzz/219_ws/build/controller_common': CMAKE_PREFIX_PATH=/home/yzz/219_ws/install/control_input_msgs:/home/yzz/219_ws/install/hardware_unitree_mujoco:/home/yzz/219_ws/install/unitree_guide_controller:/home/yzz/219_ws/install/keyboard_input:/home/yzz/219_ws/install/go1_description:/home/yzz/219_ws/install/controller_common:/opt/ros/humble LD_LIBRARY_PATH=/home/yzz/219_ws/install/control_input_msgs/lib:/home/yzz/219_ws/install/hardware_unitree_mujoco/lib:/home/yzz/219_ws/install/unitree_guide_controller/lib:/home/yzz/219_ws/install/controller_common/lib:/opt/ros/humble/opt/rviz_ogre_vendor/lib:/opt/ros/humble/lib/x86_64-linux-gnu:/opt/ros/humble/lib:/home/yzz/.mujoco/mujoco237/bin:/home/yzz/.mujoco/mujoco237/bin /usr/bin/cmake --install /home/yzz/219_ws/build/controller_common
[0.203s] -- Install configuration: "Release"
[0.204s] -- Execute custom install script
[0.205s] -- Up-to-date symlink: /home/yzz/219_ws/install/controller_common/include/controller_common/controller_common/CtrlInterfaces.h
[0.205s] -- Up-to-date symlink: /home/yzz/219_ws/install/controller_common/include/controller_common/controller_common/FSM/BaseFixedStand.h
[0.205s] -- Up-to-date symlink: /home/yzz/219_ws/install/controller_common/include/controller_common/controller_common/FSM/FSMState.h
[0.207s] -- Up-to-date symlink: /home/yzz/219_ws/install/controller_common/include/controller_common/controller_common/FSM/StateFixedDown.h
[0.207s] -- Up-to-date symlink: /home/yzz/219_ws/install/controller_common/include/controller_common/controller_common/FSM/StatePassive.h
[0.209s] -- Up-to-date symlink: /home/yzz/219_ws/install/controller_common/include/controller_common/controller_common/common/enumClass.h
[0.209s] -- Up-to-date symlink: /home/yzz/219_ws/install/controller_common/include/controller_common/controller_common/common/mathTools.h
[0.209s] -- Up-to-date symlink: /home/yzz/219_ws/install/controller_common/include/controller_common/controller_common/common/mathTypes.h
[0.209s] -- Up-to-date symlink: /home/yzz/219_ws/install/controller_common/share/controller_common/environment/library_path.sh
[0.209s] -- Up-to-date symlink: /home/yzz/219_ws/install/controller_common/share/controller_common/environment/library_path.dsv
[0.209s] -- Up-to-date symlink: /home/yzz/219_ws/install/controller_common/share/ament_index/resource_index/package_run_dependencies/controller_common
[0.209s] -- Up-to-date symlink: /home/yzz/219_ws/install/controller_common/share/ament_index/resource_index/parent_prefix_path/controller_common
[0.209s] -- Up-to-date symlink: /home/yzz/219_ws/install/controller_common/share/controller_common/environment/ament_prefix_path.sh
[0.209s] -- Up-to-date symlink: /home/yzz/219_ws/install/controller_common/share/controller_common/environment/ament_prefix_path.dsv
[0.210s] -- Up-to-date symlink: /home/yzz/219_ws/install/controller_common/share/controller_common/environment/path.sh
[0.210s] -- Up-to-date symlink: /home/yzz/219_ws/install/controller_common/share/controller_common/environment/path.dsv
[0.210s] -- Up-to-date symlink: /home/yzz/219_ws/install/controller_common/share/controller_common/local_setup.bash
[0.212s] -- Up-to-date symlink: /home/yzz/219_ws/install/controller_common/share/controller_common/local_setup.sh
[0.212s] -- Up-to-date symlink: /home/yzz/219_ws/install/controller_common/share/controller_common/local_setup.zsh
[0.213s] -- Up-to-date symlink: /home/yzz/219_ws/install/controller_common/share/controller_common/local_setup.dsv
[0.214s] -- Symlinking: /home/yzz/219_ws/install/controller_common/share/controller_common/package.dsv
[0.232s] -- Up-to-date symlink: /home/yzz/219_ws/install/controller_common/share/ament_index/resource_index/packages/controller_common
[0.233s] -- Up-to-date symlink: /home/yzz/219_ws/install/controller_common/share/controller_common/cmake/ament_cmake_export_targets-extras.cmake
[0.233s] -- Up-to-date symlink: /home/yzz/219_ws/install/controller_common/share/controller_common/cmake/controller_commonConfig.cmake
[0.234s] -- Up-to-date symlink: /home/yzz/219_ws/install/controller_common/share/controller_common/cmake/controller_commonConfig-version.cmake
[0.234s] -- Up-to-date symlink: /home/yzz/219_ws/install/controller_common/share/controller_common/package.xml
[0.235s] -- Up-to-date: /home/yzz/219_ws/install/controller_common/lib/libcontroller_common.so
[0.235s] -- Up-to-date: /home/yzz/219_ws/install/controller_common/share/controller_common/cmake/export_controller_commonExport.cmake
[0.235s] -- Up-to-date: /home/yzz/219_ws/install/controller_common/share/controller_common/cmake/export_controller_commonExport-release.cmake
[0.243s] Invoked command in '/home/yzz/219_ws/build/controller_common' returned '0': CMAKE_PREFIX_PATH=/home/yzz/219_ws/install/control_input_msgs:/home/yzz/219_ws/install/hardware_unitree_mujoco:/home/yzz/219_ws/install/unitree_guide_controller:/home/yzz/219_ws/install/keyboard_input:/home/yzz/219_ws/install/go1_description:/home/yzz/219_ws/install/controller_common:/opt/ros/humble LD_LIBRARY_PATH=/home/yzz/219_ws/install/control_input_msgs/lib:/home/yzz/219_ws/install/hardware_unitree_mujoco/lib:/home/yzz/219_ws/install/unitree_guide_controller/lib:/home/yzz/219_ws/install/controller_common/lib:/opt/ros/humble/opt/rviz_ogre_vendor/lib:/opt/ros/humble/lib/x86_64-linux-gnu:/opt/ros/humble/lib:/home/yzz/.mujoco/mujoco237/bin:/home/yzz/.mujoco/mujoco237/bin /usr/bin/cmake --install /home/yzz/219_ws/build/controller_common
