[0.023s] Invoking command in '/home/yzz/219_ws/build/keyboard_input': CMAKE_PREFIX_PATH=/home/yzz/219_ws/install/control_input_msgs:/home/yzz/219_ws/install/hardware_unitree_mujoco:/home/yzz/219_ws/install/unitree_guide_controller:/home/yzz/219_ws/install/keyboard_input:/home/yzz/219_ws/install/go1_description:/home/yzz/219_ws/install/controller_common:/opt/ros/humble LD_LIBRARY_PATH=/home/yzz/219_ws/install/control_input_msgs/lib:/home/yzz/219_ws/install/hardware_unitree_mujoco/lib:/home/yzz/219_ws/install/unitree_guide_controller/lib:/home/yzz/219_ws/install/controller_common/lib:/opt/ros/humble/opt/rviz_ogre_vendor/lib:/opt/ros/humble/lib/x86_64-linux-gnu:/opt/ros/humble/lib:/home/yzz/.mujoco/mujoco237/bin:/home/yzz/.mujoco/mujoco237/bin /usr/bin/cmake --build /home/yzz/219_ws/build/keyboard_input -- -j2 -l2
[0.142s] [100%] Built target keyboard_input
[0.160s] Invoked command in '/home/yzz/219_ws/build/keyboard_input' returned '0': CMAKE_PREFIX_PATH=/home/yzz/219_ws/install/control_input_msgs:/home/yzz/219_ws/install/hardware_unitree_mujoco:/home/yzz/219_ws/install/unitree_guide_controller:/home/yzz/219_ws/install/keyboard_input:/home/yzz/219_ws/install/go1_description:/home/yzz/219_ws/install/controller_common:/opt/ros/humble LD_LIBRARY_PATH=/home/yzz/219_ws/install/control_input_msgs/lib:/home/yzz/219_ws/install/hardware_unitree_mujoco/lib:/home/yzz/219_ws/install/unitree_guide_controller/lib:/home/yzz/219_ws/install/controller_common/lib:/opt/ros/humble/opt/rviz_ogre_vendor/lib:/opt/ros/humble/lib/x86_64-linux-gnu:/opt/ros/humble/lib:/home/yzz/.mujoco/mujoco237/bin:/home/yzz/.mujoco/mujoco237/bin /usr/bin/cmake --build /home/yzz/219_ws/build/keyboard_input -- -j2 -l2
[0.160s] Invoking command in '/home/yzz/219_ws/build/keyboard_input': CMAKE_PREFIX_PATH=/home/yzz/219_ws/install/control_input_msgs:/home/yzz/219_ws/install/hardware_unitree_mujoco:/home/yzz/219_ws/install/unitree_guide_controller:/home/yzz/219_ws/install/keyboard_input:/home/yzz/219_ws/install/go1_description:/home/yzz/219_ws/install/controller_common:/opt/ros/humble LD_LIBRARY_PATH=/home/yzz/219_ws/install/control_input_msgs/lib:/home/yzz/219_ws/install/hardware_unitree_mujoco/lib:/home/yzz/219_ws/install/unitree_guide_controller/lib:/home/yzz/219_ws/install/controller_common/lib:/opt/ros/humble/opt/rviz_ogre_vendor/lib:/opt/ros/humble/lib/x86_64-linux-gnu:/opt/ros/humble/lib:/home/yzz/.mujoco/mujoco237/bin:/home/yzz/.mujoco/mujoco237/bin /usr/bin/cmake --install /home/yzz/219_ws/build/keyboard_input
[0.172s] -- Install configuration: ""
[0.173s] -- Execute custom install script
[0.173s] -- Up-to-date symlink: /home/yzz/219_ws/install/keyboard_input/lib/keyboard_input/keyboard_input
[0.175s] -- Up-to-date symlink: /home/yzz/219_ws/install/keyboard_input/share/ament_index/resource_index/package_run_dependencies/keyboard_input
[0.175s] -- Up-to-date symlink: /home/yzz/219_ws/install/keyboard_input/share/ament_index/resource_index/parent_prefix_path/keyboard_input
[0.176s] -- Up-to-date symlink: /home/yzz/219_ws/install/keyboard_input/share/keyboard_input/environment/ament_prefix_path.sh
[0.176s] -- Up-to-date symlink: /home/yzz/219_ws/install/keyboard_input/share/keyboard_input/environment/ament_prefix_path.dsv
[0.176s] -- Up-to-date symlink: /home/yzz/219_ws/install/keyboard_input/share/keyboard_input/environment/path.sh
[0.177s] -- Up-to-date symlink: /home/yzz/219_ws/install/keyboard_input/share/keyboard_input/environment/path.dsv
[0.177s] -- Up-to-date symlink: /home/yzz/219_ws/install/keyboard_input/share/keyboard_input/local_setup.bash
[0.179s] -- Up-to-date symlink: /home/yzz/219_ws/install/keyboard_input/share/keyboard_input/local_setup.sh
[0.179s] -- Up-to-date symlink: /home/yzz/219_ws/install/keyboard_input/share/keyboard_input/local_setup.zsh
[0.179s] -- Up-to-date symlink: /home/yzz/219_ws/install/keyboard_input/share/keyboard_input/local_setup.dsv
[0.184s] -- Symlinking: /home/yzz/219_ws/install/keyboard_input/share/keyboard_input/package.dsv
[0.196s] -- Up-to-date symlink: /home/yzz/219_ws/install/keyboard_input/share/ament_index/resource_index/packages/keyboard_input
[0.198s] -- Up-to-date symlink: /home/yzz/219_ws/install/keyboard_input/share/keyboard_input/cmake/keyboard_inputConfig.cmake
[0.198s] -- Up-to-date symlink: /home/yzz/219_ws/install/keyboard_input/share/keyboard_input/cmake/keyboard_inputConfig-version.cmake
[0.199s] -- Up-to-date symlink: /home/yzz/219_ws/install/keyboard_input/share/keyboard_input/package.xml
[0.226s] Invoked command in '/home/yzz/219_ws/build/keyboard_input' returned '0': CMAKE_PREFIX_PATH=/home/yzz/219_ws/install/control_input_msgs:/home/yzz/219_ws/install/hardware_unitree_mujoco:/home/yzz/219_ws/install/unitree_guide_controller:/home/yzz/219_ws/install/keyboard_input:/home/yzz/219_ws/install/go1_description:/home/yzz/219_ws/install/controller_common:/opt/ros/humble LD_LIBRARY_PATH=/home/yzz/219_ws/install/control_input_msgs/lib:/home/yzz/219_ws/install/hardware_unitree_mujoco/lib:/home/yzz/219_ws/install/unitree_guide_controller/lib:/home/yzz/219_ws/install/controller_common/lib:/opt/ros/humble/opt/rviz_ogre_vendor/lib:/opt/ros/humble/lib/x86_64-linux-gnu:/opt/ros/humble/lib:/home/yzz/.mujoco/mujoco237/bin:/home/yzz/.mujoco/mujoco237/bin /usr/bin/cmake --install /home/yzz/219_ws/build/keyboard_input
