[0.003s] Invoking command in '/home/yzz/219_ws/build/hardware_unitree_mujoco': CMAKE_PREFIX_PATH=${CMAKE_PREFIX_PATH}:/opt/ros/humble /usr/bin/cmake --build /home/yzz/219_ws/build/hardware_unitree_mujoco -- -j2 -l2
[0.134s] [35m[1mConsolidate compiler generated dependencies of target hardware_unitree_mujoco[0m
[0.219s] [ 40%] [32mBuilding CXX object CMakeFiles/hardware_unitree_mujoco.dir/src/motor_hw.cpp.o[0m
[0.220s] [ 40%] [32mBuilding CXX object CMakeFiles/hardware_unitree_mujoco.dir/src/HardwareUnitree.cpp.o[0m
[5.642s] In file included from [01m[K/home/yzz/219_ws/src/quadruped_ros2_control-humble/hardwares/hardware_unitree_mujoco/src/HardwareUnitree.cpp:10[m[K:
[5.642s] [01m[K/home/yzz/219_ws/src/quadruped_ros2_control-humble/hardwares/hardware_unitree_mujoco/src/crc32.h:9:17:[m[K [01;35m[Kwarning: [m[K‘[01m[Kuint32_t crc32_core(const uint32_t*, uint32_t)[m[K’ defined but not used [[01;35m[K]8;;https://gcc.gnu.org/onlinedocs/gcc/Warning-Options.html#index-Wunused-function-Wunused-function]8;;[m[K]
[5.642s]     9 | static uint32_t [01;35m[Kcrc32_core[m[K(const uint32_t *ptr, uint32_t len) {
[5.642s]       |                 [01;35m[K^~~~~~~~~~[m[K
[6.738s] [ 60%] [32m[1mLinking CXX shared library libhardware_unitree_mujoco.so[0m
[6.985s] [100%] Built target hardware_unitree_mujoco
[6.996s] Invoked command in '/home/yzz/219_ws/build/hardware_unitree_mujoco' returned '0': CMAKE_PREFIX_PATH=${CMAKE_PREFIX_PATH}:/opt/ros/humble /usr/bin/cmake --build /home/yzz/219_ws/build/hardware_unitree_mujoco -- -j2 -l2
[7.001s] Invoking command in '/home/yzz/219_ws/build/hardware_unitree_mujoco': CMAKE_PREFIX_PATH=${CMAKE_PREFIX_PATH}:/opt/ros/humble /usr/bin/cmake --install /home/yzz/219_ws/build/hardware_unitree_mujoco
[7.005s] -- Install configuration: ""
[7.006s] -- Execute custom install script
[7.006s] -- Up-to-date symlink: /home/yzz/219_ws/install/hardware_unitree_mujoco/share/hardware_unitree_mujoco//HardwareUnitree.xml
[7.006s] -- Up-to-date symlink: /home/yzz/219_ws/install/hardware_unitree_mujoco/include/hardware_unitree_mujoco/hardware_unitree_mujoco/HardwareUnitree.h
[7.007s] -- Up-to-date symlink: /home/yzz/219_ws/install/hardware_unitree_mujoco/include/hardware_unitree_mujoco/hardware_unitree_mujoco/crc_table.hpp
[7.007s] -- Up-to-date symlink: /home/yzz/219_ws/install/hardware_unitree_mujoco/include/hardware_unitree_mujoco/hardware_unitree_mujoco/imu.hpp
[7.007s] -- Up-to-date symlink: /home/yzz/219_ws/install/hardware_unitree_mujoco/include/hardware_unitree_mujoco/hardware_unitree_mujoco/motor_hw.hpp
[7.007s] -- Up-to-date symlink: /home/yzz/219_ws/install/hardware_unitree_mujoco/share/hardware_unitree_mujoco/HardwareUnitree.xml
[7.007s] -- Up-to-date symlink: /home/yzz/219_ws/install/hardware_unitree_mujoco/share/hardware_unitree_mujoco//launch/visualize.launch.py
[7.008s] -- Up-to-date symlink: /home/yzz/219_ws/install/hardware_unitree_mujoco/share/hardware_unitree_mujoco/environment/library_path.sh
[7.008s] -- Up-to-date symlink: /home/yzz/219_ws/install/hardware_unitree_mujoco/share/hardware_unitree_mujoco/environment/library_path.dsv
[7.008s] -- Up-to-date symlink: /home/yzz/219_ws/install/hardware_unitree_mujoco/share/ament_index/resource_index/package_run_dependencies/hardware_unitree_mujoco
[7.008s] -- Up-to-date symlink: /home/yzz/219_ws/install/hardware_unitree_mujoco/share/ament_index/resource_index/parent_prefix_path/hardware_unitree_mujoco
[7.009s] -- Up-to-date symlink: /home/yzz/219_ws/install/hardware_unitree_mujoco/share/hardware_unitree_mujoco/environment/ament_prefix_path.sh
[7.009s] -- Up-to-date symlink: /home/yzz/219_ws/install/hardware_unitree_mujoco/share/hardware_unitree_mujoco/environment/ament_prefix_path.dsv
[7.009s] -- Up-to-date symlink: /home/yzz/219_ws/install/hardware_unitree_mujoco/share/hardware_unitree_mujoco/environment/path.sh
[7.009s] -- Up-to-date symlink: /home/yzz/219_ws/install/hardware_unitree_mujoco/share/hardware_unitree_mujoco/environment/path.dsv
[7.009s] -- Up-to-date symlink: /home/yzz/219_ws/install/hardware_unitree_mujoco/share/hardware_unitree_mujoco/local_setup.bash
[7.010s] -- Up-to-date symlink: /home/yzz/219_ws/install/hardware_unitree_mujoco/share/hardware_unitree_mujoco/local_setup.sh
[7.010s] -- Up-to-date symlink: /home/yzz/219_ws/install/hardware_unitree_mujoco/share/hardware_unitree_mujoco/local_setup.zsh
[7.010s] -- Up-to-date symlink: /home/yzz/219_ws/install/hardware_unitree_mujoco/share/hardware_unitree_mujoco/local_setup.dsv
[7.010s] -- Symlinking: /home/yzz/219_ws/install/hardware_unitree_mujoco/share/hardware_unitree_mujoco/package.dsv
[7.015s] -- Up-to-date symlink: /home/yzz/219_ws/install/hardware_unitree_mujoco/share/ament_index/resource_index/packages/hardware_unitree_mujoco
[7.015s] -- Up-to-date symlink: /home/yzz/219_ws/install/hardware_unitree_mujoco/share/ament_index/resource_index/hardware_interface__pluginlib__plugin/hardware_unitree_mujoco
[7.016s] -- Up-to-date symlink: /home/yzz/219_ws/install/hardware_unitree_mujoco/share/hardware_unitree_mujoco/cmake/ament_cmake_export_dependencies-extras.cmake
[7.016s] -- Up-to-date symlink: /home/yzz/219_ws/install/hardware_unitree_mujoco/share/hardware_unitree_mujoco/cmake/ament_cmake_export_targets-extras.cmake
[7.016s] -- Up-to-date symlink: /home/yzz/219_ws/install/hardware_unitree_mujoco/share/hardware_unitree_mujoco/cmake/hardware_unitree_mujocoConfig.cmake
[7.016s] -- Up-to-date symlink: /home/yzz/219_ws/install/hardware_unitree_mujoco/share/hardware_unitree_mujoco/cmake/hardware_unitree_mujocoConfig-version.cmake
[7.017s] -- Up-to-date symlink: /home/yzz/219_ws/install/hardware_unitree_mujoco/share/hardware_unitree_mujoco/package.xml
[7.017s] -- Installing: /home/yzz/219_ws/install/hardware_unitree_mujoco/lib/libhardware_unitree_mujoco.so
[7.018s] -- Up-to-date: /home/yzz/219_ws/install/hardware_unitree_mujoco/share/hardware_unitree_mujoco/cmake/export_hardware_unitree_mujocoExport.cmake
[7.018s] -- Up-to-date: /home/yzz/219_ws/install/hardware_unitree_mujoco/share/hardware_unitree_mujoco/cmake/export_hardware_unitree_mujocoExport-noconfig.cmake
[7.020s] Invoked command in '/home/yzz/219_ws/build/hardware_unitree_mujoco' returned '0': CMAKE_PREFIX_PATH=${CMAKE_PREFIX_PATH}:/opt/ros/humble /usr/bin/cmake --install /home/yzz/219_ws/build/hardware_unitree_mujoco
