[0.021s] Invoking command in '/home/yzz/219_ws/build/keyboard_input': CMAKE_PREFIX_PATH=/home/yzz/219_ws/install/control_input_msgs:/home/yzz/219_ws/install/unitree_guide_controller:/home/yzz/219_ws/install/keyboard_input:/home/yzz/219_ws/install/hardware_unitree_mujoco:/home/yzz/219_ws/install/go1_description:/home/yzz/219_ws/install/controller_common:/opt/ros/humble LD_LIBRARY_PATH=/home/yzz/219_ws/install/control_input_msgs/lib:/home/yzz/219_ws/install/unitree_guide_controller/lib:/home/yzz/219_ws/install/hardware_unitree_mujoco/lib:/home/yzz/219_ws/install/controller_common/lib:/opt/ros/humble/opt/rviz_ogre_vendor/lib:/opt/ros/humble/lib/x86_64-linux-gnu:/lib/x86_64-linux-gnu:/usr/lib/x86_64-linux-gnu:/opt/ros/humble/lib /usr/bin/cmake /home/yzz/219_ws/src/quadruped_ros2_control-humble/commands/keyboard_input -DCMAKE_INSTALL_PREFIX=/home/yzz/219_ws/install -DAMENT_CMAKE_SYMLINK_INSTALL=1 -DCMAKE_INSTALL_PREFIX=/home/yzz/219_ws/install/keyboard_input
[0.128s] -- The C compiler identification is GNU 11.4.0
[0.225s] -- The CXX compiler identification is GNU 11.4.0
[0.245s] -- Detecting C compiler ABI info
[0.393s] -- Detecting C compiler ABI info - done
[0.406s] -- Check for working C compiler: /usr/bin/cc - skipped
[0.406s] -- Detecting C compile features
[0.409s] -- Detecting C compile features - done
[0.412s] -- Detecting CXX compiler ABI info
[0.566s] -- Detecting CXX compiler ABI info - done
[0.569s] -- Check for working CXX compiler: /usr/bin/c++ - skipped
[0.571s] -- Detecting CXX compile features
[0.572s] -- Detecting CXX compile features - done
[0.576s] -- Found ament_cmake: 1.3.12 (/opt/ros/humble/share/ament_cmake/cmake)
[0.724s] -- Found Python3: /usr/bin/python3 (found version "3.10.12") found components: Interpreter 
[0.788s] -- Override CMake install command with custom implementation using symlinks instead of copying resources
[0.812s] -- Found rclcpp: 16.0.16 (/opt/ros/humble/share/rclcpp/cmake)
[0.864s] -- Found rosidl_generator_c: 3.1.7 (/opt/ros/humble/share/rosidl_generator_c/cmake)
[0.875s] -- Found rosidl_adapter: 3.1.7 (/opt/ros/humble/share/rosidl_adapter/cmake)
[0.881s] -- Found rosidl_generator_cpp: 3.1.7 (/opt/ros/humble/share/rosidl_generator_cpp/cmake)
[0.890s] -- Using all available rosidl_typesupport_c: rosidl_typesupport_fastrtps_c;rosidl_typesupport_introspection_c
[0.909s] -- Using all available rosidl_typesupport_cpp: rosidl_typesupport_fastrtps_cpp;rosidl_typesupport_introspection_cpp
[0.962s] -- Found rmw_implementation_cmake: 6.1.2 (/opt/ros/humble/share/rmw_implementation_cmake/cmake)
[0.962s] -- Found rmw_fastrtps_cpp: 6.2.9 (/opt/ros/humble/share/rmw_fastrtps_cpp/cmake)
[1.153s] -- Found OpenSSL: /usr/lib/x86_64-linux-gnu/libcrypto.so (found version "3.0.2")  
[1.203s] -- Found FastRTPS: /opt/ros/humble/include  
[1.260s] -- Using RMW implementation 'rmw_fastrtps_cpp' as default
[1.274s] -- Looking for pthread.h
[1.420s] -- Looking for pthread.h - found
[1.421s] -- Performing Test CMAKE_HAVE_LIBC_PTHREAD
[1.584s] -- Performing Test CMAKE_HAVE_LIBC_PTHREAD - Success
[1.586s] -- Found Threads: TRUE  
[1.670s] -- Found control_input_msgs: 0.0.0 (/home/yzz/219_ws/install/control_input_msgs/share/control_input_msgs/cmake)
[1.779s] -- Configuring done
[1.786s] -- Generating done
[1.790s] -- Build files have been written to: /home/yzz/219_ws/build/keyboard_input
[1.800s] Invoked command in '/home/yzz/219_ws/build/keyboard_input' returned '0': CMAKE_PREFIX_PATH=/home/yzz/219_ws/install/control_input_msgs:/home/yzz/219_ws/install/unitree_guide_controller:/home/yzz/219_ws/install/keyboard_input:/home/yzz/219_ws/install/hardware_unitree_mujoco:/home/yzz/219_ws/install/go1_description:/home/yzz/219_ws/install/controller_common:/opt/ros/humble LD_LIBRARY_PATH=/home/yzz/219_ws/install/control_input_msgs/lib:/home/yzz/219_ws/install/unitree_guide_controller/lib:/home/yzz/219_ws/install/hardware_unitree_mujoco/lib:/home/yzz/219_ws/install/controller_common/lib:/opt/ros/humble/opt/rviz_ogre_vendor/lib:/opt/ros/humble/lib/x86_64-linux-gnu:/lib/x86_64-linux-gnu:/usr/lib/x86_64-linux-gnu:/opt/ros/humble/lib /usr/bin/cmake /home/yzz/219_ws/src/quadruped_ros2_control-humble/commands/keyboard_input -DCMAKE_INSTALL_PREFIX=/home/yzz/219_ws/install -DAMENT_CMAKE_SYMLINK_INSTALL=1 -DCMAKE_INSTALL_PREFIX=/home/yzz/219_ws/install/keyboard_input
[1.800s] Invoking command in '/home/yzz/219_ws/build/keyboard_input': CMAKE_PREFIX_PATH=/home/yzz/219_ws/install/control_input_msgs:/home/yzz/219_ws/install/unitree_guide_controller:/home/yzz/219_ws/install/keyboard_input:/home/yzz/219_ws/install/hardware_unitree_mujoco:/home/yzz/219_ws/install/go1_description:/home/yzz/219_ws/install/controller_common:/opt/ros/humble LD_LIBRARY_PATH=/home/yzz/219_ws/install/control_input_msgs/lib:/home/yzz/219_ws/install/unitree_guide_controller/lib:/home/yzz/219_ws/install/hardware_unitree_mujoco/lib:/home/yzz/219_ws/install/controller_common/lib:/opt/ros/humble/opt/rviz_ogre_vendor/lib:/opt/ros/humble/lib/x86_64-linux-gnu:/lib/x86_64-linux-gnu:/usr/lib/x86_64-linux-gnu:/opt/ros/humble/lib /usr/bin/cmake --build /home/yzz/219_ws/build/keyboard_input -- -j2 -l2
[1.904s] [ 50%] [32mBuilding CXX object CMakeFiles/keyboard_input.dir/src/KeyboardInput.cpp.o[0m
[6.921s] [100%] [32m[1mLinking CXX executable keyboard_input[0m
[7.184s] [100%] Built target keyboard_input
[7.210s] Invoked command in '/home/yzz/219_ws/build/keyboard_input' returned '0': CMAKE_PREFIX_PATH=/home/yzz/219_ws/install/control_input_msgs:/home/yzz/219_ws/install/unitree_guide_controller:/home/yzz/219_ws/install/keyboard_input:/home/yzz/219_ws/install/hardware_unitree_mujoco:/home/yzz/219_ws/install/go1_description:/home/yzz/219_ws/install/controller_common:/opt/ros/humble LD_LIBRARY_PATH=/home/yzz/219_ws/install/control_input_msgs/lib:/home/yzz/219_ws/install/unitree_guide_controller/lib:/home/yzz/219_ws/install/hardware_unitree_mujoco/lib:/home/yzz/219_ws/install/controller_common/lib:/opt/ros/humble/opt/rviz_ogre_vendor/lib:/opt/ros/humble/lib/x86_64-linux-gnu:/lib/x86_64-linux-gnu:/usr/lib/x86_64-linux-gnu:/opt/ros/humble/lib /usr/bin/cmake --build /home/yzz/219_ws/build/keyboard_input -- -j2 -l2
[7.210s] Invoking command in '/home/yzz/219_ws/build/keyboard_input': CMAKE_PREFIX_PATH=/home/yzz/219_ws/install/control_input_msgs:/home/yzz/219_ws/install/unitree_guide_controller:/home/yzz/219_ws/install/keyboard_input:/home/yzz/219_ws/install/hardware_unitree_mujoco:/home/yzz/219_ws/install/go1_description:/home/yzz/219_ws/install/controller_common:/opt/ros/humble LD_LIBRARY_PATH=/home/yzz/219_ws/install/control_input_msgs/lib:/home/yzz/219_ws/install/unitree_guide_controller/lib:/home/yzz/219_ws/install/hardware_unitree_mujoco/lib:/home/yzz/219_ws/install/controller_common/lib:/opt/ros/humble/opt/rviz_ogre_vendor/lib:/opt/ros/humble/lib/x86_64-linux-gnu:/lib/x86_64-linux-gnu:/usr/lib/x86_64-linux-gnu:/opt/ros/humble/lib /usr/bin/cmake --install /home/yzz/219_ws/build/keyboard_input
[7.228s] -- Install configuration: ""
[7.228s] -- Execute custom install script
[7.229s] -- Symlinking: /home/yzz/219_ws/install/keyboard_input/lib/keyboard_input/keyboard_input
[7.247s] -- Symlinking: /home/yzz/219_ws/install/keyboard_input/share/ament_index/resource_index/package_run_dependencies/keyboard_input
[7.260s] -- Symlinking: /home/yzz/219_ws/install/keyboard_input/share/ament_index/resource_index/parent_prefix_path/keyboard_input
[7.273s] -- Symlinking: /home/yzz/219_ws/install/keyboard_input/share/keyboard_input/environment/ament_prefix_path.sh
[7.287s] -- Symlinking: /home/yzz/219_ws/install/keyboard_input/share/keyboard_input/environment/ament_prefix_path.dsv
[7.301s] -- Symlinking: /home/yzz/219_ws/install/keyboard_input/share/keyboard_input/environment/path.sh
[7.314s] -- Symlinking: /home/yzz/219_ws/install/keyboard_input/share/keyboard_input/environment/path.dsv
[7.332s] -- Symlinking: /home/yzz/219_ws/install/keyboard_input/share/keyboard_input/local_setup.bash
[7.349s] -- Symlinking: /home/yzz/219_ws/install/keyboard_input/share/keyboard_input/local_setup.sh
[7.365s] -- Symlinking: /home/yzz/219_ws/install/keyboard_input/share/keyboard_input/local_setup.zsh
[7.378s] -- Symlinking: /home/yzz/219_ws/install/keyboard_input/share/keyboard_input/local_setup.dsv
[7.393s] -- Symlinking: /home/yzz/219_ws/install/keyboard_input/share/keyboard_input/package.dsv
[7.409s] -- Symlinking: /home/yzz/219_ws/install/keyboard_input/share/ament_index/resource_index/packages/keyboard_input
[7.421s] -- Symlinking: /home/yzz/219_ws/install/keyboard_input/share/keyboard_input/cmake/keyboard_inputConfig.cmake
[7.436s] -- Symlinking: /home/yzz/219_ws/install/keyboard_input/share/keyboard_input/cmake/keyboard_inputConfig-version.cmake
[7.448s] -- Symlinking: /home/yzz/219_ws/install/keyboard_input/share/keyboard_input/package.xml
[7.467s] Invoked command in '/home/yzz/219_ws/build/keyboard_input' returned '0': CMAKE_PREFIX_PATH=/home/yzz/219_ws/install/control_input_msgs:/home/yzz/219_ws/install/unitree_guide_controller:/home/yzz/219_ws/install/keyboard_input:/home/yzz/219_ws/install/hardware_unitree_mujoco:/home/yzz/219_ws/install/go1_description:/home/yzz/219_ws/install/controller_common:/opt/ros/humble LD_LIBRARY_PATH=/home/yzz/219_ws/install/control_input_msgs/lib:/home/yzz/219_ws/install/unitree_guide_controller/lib:/home/yzz/219_ws/install/hardware_unitree_mujoco/lib:/home/yzz/219_ws/install/controller_common/lib:/opt/ros/humble/opt/rviz_ogre_vendor/lib:/opt/ros/humble/lib/x86_64-linux-gnu:/lib/x86_64-linux-gnu:/usr/lib/x86_64-linux-gnu:/opt/ros/humble/lib /usr/bin/cmake --install /home/yzz/219_ws/build/keyboard_input
