[0.037s] Invoking command in '/home/yzz/219_ws/build/control_input_msgs': CMAKE_PREFIX_PATH=${CMAKE_PREFIX_PATH}:/opt/ros/humble /usr/bin/cmake --build /home/yzz/219_ws/build/control_input_msgs -- -j2 -l2
[0.201s] [  9%] Built target control_input_msgs__rosidl_generator_c
[0.271s] [  9%] Built target ament_cmake_python_symlink_control_input_msgs
[0.279s] [ 12%] Built target control_input_msgs__cpp
[0.380s] [ 22%] Built target control_input_msgs__rosidl_typesupport_fastrtps_c
[0.396s] [ 32%] Built target control_input_msgs__rosidl_typesupport_introspection_c
[0.463s] [ 41%] Built target control_input_msgs__rosidl_typesupport_c
[0.506s] [ 51%] Built target control_input_msgs__rosidl_typesupport_fastrtps_cpp
[0.579s] [ 61%] Built target control_input_msgs__rosidl_typesupport_introspection_cpp
[0.679s] [ 70%] Built target control_input_msgs__rosidl_typesupport_cpp
[0.812s] [ 70%] Built target control_input_msgs
[0.906s] [ 74%] Built target control_input_msgs__py
[0.993s] running egg_info
[0.995s] writing control_input_msgs.egg-info/PKG-INFO
[0.996s] [ 80%] Built target control_input_msgs__rosidl_generator_py
[0.997s] writing dependency_links to control_input_msgs.egg-info/dependency_links.txt
[0.997s] writing top-level names to control_input_msgs.egg-info/top_level.txt
[0.999s] reading manifest file 'control_input_msgs.egg-info/SOURCES.txt'
[0.999s] writing manifest file 'control_input_msgs.egg-info/SOURCES.txt'
[1.050s] [ 80%] Built target ament_cmake_python_build_control_input_msgs_egg
[1.083s] [ 87%] Built target control_input_msgs__rosidl_typesupport_fastrtps_c__pyext
[1.100s] [ 93%] Built target control_input_msgs__rosidl_typesupport_introspection_c__pyext
[1.136s] [100%] Built target control_input_msgs__rosidl_typesupport_c__pyext
[1.155s] Invoked command in '/home/yzz/219_ws/build/control_input_msgs' returned '0': CMAKE_PREFIX_PATH=${CMAKE_PREFIX_PATH}:/opt/ros/humble /usr/bin/cmake --build /home/yzz/219_ws/build/control_input_msgs -- -j2 -l2
[1.161s] Invoking command in '/home/yzz/219_ws/build/control_input_msgs': CMAKE_PREFIX_PATH=${CMAKE_PREFIX_PATH}:/opt/ros/humble /usr/bin/cmake --install /home/yzz/219_ws/build/control_input_msgs
[1.175s] -- Install configuration: ""
[1.175s] -- Execute custom install script
[1.176s] -- Up-to-date symlink: /home/yzz/219_ws/install/control_input_msgs/share/ament_index/resource_index/rosidl_interfaces/control_input_msgs
[1.177s] -- Up-to-date symlink: /home/yzz/219_ws/install/control_input_msgs/include/control_input_msgs/control_input_msgs/msg/detail/inputs__functions.h
[1.177s] -- Up-to-date symlink: /home/yzz/219_ws/install/control_input_msgs/include/control_input_msgs/control_input_msgs/msg/detail/inputs__struct.h
[1.178s] -- Up-to-date symlink: /home/yzz/219_ws/install/control_input_msgs/include/control_input_msgs/control_input_msgs/msg/detail/inputs__type_support.h
[1.178s] -- Up-to-date symlink: /home/yzz/219_ws/install/control_input_msgs/include/control_input_msgs/control_input_msgs/msg/inputs.h
[1.179s] -- Up-to-date symlink: /home/yzz/219_ws/install/control_input_msgs/include/control_input_msgs/control_input_msgs/msg/rosidl_generator_c__visibility_control.h
[1.179s] -- Up-to-date symlink: /home/yzz/219_ws/install/control_input_msgs/share/control_input_msgs/environment/library_path.sh
[1.179s] -- Up-to-date symlink: /home/yzz/219_ws/install/control_input_msgs/share/control_input_msgs/environment/library_path.dsv
[1.180s] -- Up-to-date symlink: /home/yzz/219_ws/install/control_input_msgs/include/control_input_msgs/control_input_msgs/msg/detail/inputs__rosidl_typesupport_fastrtps_c.h
[1.180s] -- Up-to-date symlink: /home/yzz/219_ws/install/control_input_msgs/include/control_input_msgs/control_input_msgs/msg/rosidl_typesupport_fastrtps_c__visibility_control.h
[1.182s] -- Up-to-date symlink: /home/yzz/219_ws/install/control_input_msgs/include/control_input_msgs/control_input_msgs/msg/detail/inputs__rosidl_typesupport_introspection_c.h
[1.182s] -- Up-to-date symlink: /home/yzz/219_ws/install/control_input_msgs/include/control_input_msgs/control_input_msgs/msg/rosidl_typesupport_introspection_c__visibility_control.h
[1.182s] -- Up-to-date symlink: /home/yzz/219_ws/install/control_input_msgs/include/control_input_msgs/control_input_msgs/msg/detail/inputs__builder.hpp
[1.183s] -- Up-to-date symlink: /home/yzz/219_ws/install/control_input_msgs/include/control_input_msgs/control_input_msgs/msg/detail/inputs__struct.hpp
[1.183s] -- Up-to-date symlink: /home/yzz/219_ws/install/control_input_msgs/include/control_input_msgs/control_input_msgs/msg/detail/inputs__traits.hpp
[1.183s] -- Up-to-date symlink: /home/yzz/219_ws/install/control_input_msgs/include/control_input_msgs/control_input_msgs/msg/detail/inputs__type_support.hpp
[1.184s] -- Up-to-date symlink: /home/yzz/219_ws/install/control_input_msgs/include/control_input_msgs/control_input_msgs/msg/inputs.hpp
[1.184s] -- Up-to-date symlink: /home/yzz/219_ws/install/control_input_msgs/include/control_input_msgs/control_input_msgs/msg/rosidl_generator_cpp__visibility_control.hpp
[1.184s] -- Up-to-date symlink: /home/yzz/219_ws/install/control_input_msgs/include/control_input_msgs/control_input_msgs/msg/detail/inputs__rosidl_typesupport_fastrtps_cpp.hpp
[1.185s] -- Up-to-date symlink: /home/yzz/219_ws/install/control_input_msgs/include/control_input_msgs/control_input_msgs/msg/rosidl_typesupport_fastrtps_cpp__visibility_control.h
[1.187s] -- Up-to-date symlink: /home/yzz/219_ws/install/control_input_msgs/include/control_input_msgs/control_input_msgs/msg/detail/inputs__rosidl_typesupport_introspection_cpp.hpp
[1.187s] -- Up-to-date symlink: /home/yzz/219_ws/install/control_input_msgs/share/control_input_msgs/environment/pythonpath.sh
[1.187s] -- Up-to-date symlink: /home/yzz/219_ws/install/control_input_msgs/share/control_input_msgs/environment/pythonpath.dsv
[1.188s] -- Up-to-date symlink: /home/yzz/219_ws/install/control_input_msgs/local/lib/python3.10/dist-packages/control_input_msgs-0.0.0-py3.10.egg-info/PKG-INFO
[1.188s] -- Up-to-date symlink: /home/yzz/219_ws/install/control_input_msgs/local/lib/python3.10/dist-packages/control_input_msgs-0.0.0-py3.10.egg-info/SOURCES.txt
[1.189s] -- Up-to-date symlink: /home/yzz/219_ws/install/control_input_msgs/local/lib/python3.10/dist-packages/control_input_msgs-0.0.0-py3.10.egg-info/dependency_links.txt
[1.190s] -- Up-to-date symlink: /home/yzz/219_ws/install/control_input_msgs/local/lib/python3.10/dist-packages/control_input_msgs-0.0.0-py3.10.egg-info/top_level.txt
[1.190s] -- Up-to-date symlink: /home/yzz/219_ws/install/control_input_msgs/local/lib/python3.10/dist-packages/control_input_msgs/__init__.py
[1.190s] -- Up-to-date symlink: /home/yzz/219_ws/install/control_input_msgs/local/lib/python3.10/dist-packages/control_input_msgs/_control_input_msgs_s.ep.rosidl_typesupport_c.c
[1.190s] -- Up-to-date symlink: /home/yzz/219_ws/install/control_input_msgs/local/lib/python3.10/dist-packages/control_input_msgs/_control_input_msgs_s.ep.rosidl_typesupport_fastrtps_c.c
[1.191s] -- Up-to-date symlink: /home/yzz/219_ws/install/control_input_msgs/local/lib/python3.10/dist-packages/control_input_msgs/_control_input_msgs_s.ep.rosidl_typesupport_introspection_c.c
[1.191s] -- Up-to-date symlink: /home/yzz/219_ws/install/control_input_msgs/local/lib/python3.10/dist-packages/control_input_msgs/control_input_msgs_s__rosidl_typesupport_c.cpython-310-x86_64-linux-gnu.so
[1.191s] -- Up-to-date symlink: /home/yzz/219_ws/install/control_input_msgs/local/lib/python3.10/dist-packages/control_input_msgs/control_input_msgs_s__rosidl_typesupport_fastrtps_c.cpython-310-x86_64-linux-gnu.so
[1.192s] -- Up-to-date symlink: /home/yzz/219_ws/install/control_input_msgs/local/lib/python3.10/dist-packages/control_input_msgs/control_input_msgs_s__rosidl_typesupport_introspection_c.cpython-310-x86_64-linux-gnu.so
[1.192s] -- Up-to-date symlink: /home/yzz/219_ws/install/control_input_msgs/local/lib/python3.10/dist-packages/control_input_msgs/libcontrol_input_msgs__rosidl_generator_py.so
[1.193s] -- Up-to-date symlink: /home/yzz/219_ws/install/control_input_msgs/local/lib/python3.10/dist-packages/control_input_msgs/msg/__init__.py
[1.194s] -- Up-to-date symlink: /home/yzz/219_ws/install/control_input_msgs/local/lib/python3.10/dist-packages/control_input_msgs/msg/_inputs.py
[1.194s] -- Up-to-date symlink: /home/yzz/219_ws/install/control_input_msgs/local/lib/python3.10/dist-packages/control_input_msgs/msg/_inputs_s.c
[1.195s] -- Up-to-date symlink: /home/yzz/219_ws/install/control_input_msgs/local/lib/python3.10/dist-packages/control_input_msgs/control_input_msgs_s__rosidl_typesupport_fastrtps_c.cpython-310-x86_64-linux-gnu.so
[1.195s] -- Up-to-date symlink: /home/yzz/219_ws/install/control_input_msgs/local/lib/python3.10/dist-packages/control_input_msgs/control_input_msgs_s__rosidl_typesupport_introspection_c.cpython-310-x86_64-linux-gnu.so
[1.196s] -- Up-to-date symlink: /home/yzz/219_ws/install/control_input_msgs/local/lib/python3.10/dist-packages/control_input_msgs/control_input_msgs_s__rosidl_typesupport_c.cpython-310-x86_64-linux-gnu.so
[1.196s] -- Up-to-date symlink: /home/yzz/219_ws/install/control_input_msgs/share/control_input_msgs/msg/Inputs.idl
[1.197s] -- Up-to-date symlink: /home/yzz/219_ws/install/control_input_msgs/share/control_input_msgs/msg/Inputs.msg
[1.197s] -- Up-to-date symlink: /home/yzz/219_ws/install/control_input_msgs/share/ament_index/resource_index/package_run_dependencies/control_input_msgs
[1.197s] -- Up-to-date symlink: /home/yzz/219_ws/install/control_input_msgs/share/ament_index/resource_index/parent_prefix_path/control_input_msgs
[1.198s] -- Up-to-date symlink: /home/yzz/219_ws/install/control_input_msgs/share/control_input_msgs/environment/ament_prefix_path.sh
[1.198s] -- Up-to-date symlink: /home/yzz/219_ws/install/control_input_msgs/share/control_input_msgs/environment/ament_prefix_path.dsv
[1.199s] -- Up-to-date symlink: /home/yzz/219_ws/install/control_input_msgs/share/control_input_msgs/environment/path.sh
[1.199s] -- Up-to-date symlink: /home/yzz/219_ws/install/control_input_msgs/share/control_input_msgs/environment/path.dsv
[1.200s] -- Up-to-date symlink: /home/yzz/219_ws/install/control_input_msgs/share/control_input_msgs/local_setup.bash
[1.200s] -- Up-to-date symlink: /home/yzz/219_ws/install/control_input_msgs/share/control_input_msgs/local_setup.sh
[1.201s] -- Up-to-date symlink: /home/yzz/219_ws/install/control_input_msgs/share/control_input_msgs/local_setup.zsh
[1.202s] -- Up-to-date symlink: /home/yzz/219_ws/install/control_input_msgs/share/control_input_msgs/local_setup.dsv
[1.202s] -- Symlinking: /home/yzz/219_ws/install/control_input_msgs/share/control_input_msgs/package.dsv
[1.218s] -- Up-to-date symlink: /home/yzz/219_ws/install/control_input_msgs/share/ament_index/resource_index/packages/control_input_msgs
[1.219s] -- Up-to-date symlink: /home/yzz/219_ws/install/control_input_msgs/share/control_input_msgs/cmake/rosidl_cmake-extras.cmake
[1.219s] -- Up-to-date symlink: /home/yzz/219_ws/install/control_input_msgs/share/control_input_msgs/cmake/ament_cmake_export_include_directories-extras.cmake
[1.220s] -- Up-to-date symlink: /home/yzz/219_ws/install/control_input_msgs/share/control_input_msgs/cmake/ament_cmake_export_libraries-extras.cmake
[1.220s] -- Up-to-date symlink: /home/yzz/219_ws/install/control_input_msgs/share/control_input_msgs/cmake/ament_cmake_export_targets-extras.cmake
[1.220s] -- Up-to-date symlink: /home/yzz/219_ws/install/control_input_msgs/share/control_input_msgs/cmake/rosidl_cmake_export_typesupport_targets-extras.cmake
[1.220s] -- Up-to-date symlink: /home/yzz/219_ws/install/control_input_msgs/share/control_input_msgs/cmake/ament_cmake_export_dependencies-extras.cmake
[1.221s] -- Up-to-date symlink: /home/yzz/219_ws/install/control_input_msgs/share/control_input_msgs/cmake/rosidl_cmake_export_typesupport_libraries-extras.cmake
[1.221s] -- Up-to-date symlink: /home/yzz/219_ws/install/control_input_msgs/share/control_input_msgs/cmake/control_input_msgsConfig.cmake
[1.221s] -- Up-to-date symlink: /home/yzz/219_ws/install/control_input_msgs/share/control_input_msgs/cmake/control_input_msgsConfig-version.cmake
[1.222s] -- Up-to-date symlink: /home/yzz/219_ws/install/control_input_msgs/share/control_input_msgs/package.xml
[1.223s] -- Up-to-date: /home/yzz/219_ws/install/control_input_msgs/lib/libcontrol_input_msgs__rosidl_generator_c.so
[1.223s] -- Up-to-date: /home/yzz/219_ws/install/control_input_msgs/lib/libcontrol_input_msgs__rosidl_typesupport_fastrtps_c.so
[1.223s] -- Up-to-date: /home/yzz/219_ws/install/control_input_msgs/lib/libcontrol_input_msgs__rosidl_typesupport_introspection_c.so
[1.224s] -- Up-to-date: /home/yzz/219_ws/install/control_input_msgs/lib/libcontrol_input_msgs__rosidl_typesupport_c.so
[1.225s] -- Up-to-date: /home/yzz/219_ws/install/control_input_msgs/lib/libcontrol_input_msgs__rosidl_typesupport_fastrtps_cpp.so
[1.225s] -- Up-to-date: /home/yzz/219_ws/install/control_input_msgs/lib/libcontrol_input_msgs__rosidl_typesupport_introspection_cpp.so
[1.226s] -- Up-to-date: /home/yzz/219_ws/install/control_input_msgs/lib/libcontrol_input_msgs__rosidl_typesupport_cpp.so
[1.268s] Listing '/home/yzz/219_ws/install/control_input_msgs/local/lib/python3.10/dist-packages/control_input_msgs'...
[1.269s] Listing '/home/yzz/219_ws/install/control_input_msgs/local/lib/python3.10/dist-packages/control_input_msgs/msg'...
[1.274s] -- Up-to-date: /home/yzz/219_ws/install/control_input_msgs/lib/libcontrol_input_msgs__rosidl_generator_py.so
[1.275s] -- Up-to-date: /home/yzz/219_ws/install/control_input_msgs/share/control_input_msgs/cmake/export_control_input_msgs__rosidl_generator_cExport.cmake
[1.275s] -- Up-to-date: /home/yzz/219_ws/install/control_input_msgs/share/control_input_msgs/cmake/export_control_input_msgs__rosidl_generator_cExport-noconfig.cmake
[1.275s] -- Up-to-date: /home/yzz/219_ws/install/control_input_msgs/share/control_input_msgs/cmake/export_control_input_msgs__rosidl_typesupport_fastrtps_cExport.cmake
[1.276s] -- Up-to-date: /home/yzz/219_ws/install/control_input_msgs/share/control_input_msgs/cmake/export_control_input_msgs__rosidl_typesupport_fastrtps_cExport-noconfig.cmake
[1.276s] -- Up-to-date: /home/yzz/219_ws/install/control_input_msgs/share/control_input_msgs/cmake/control_input_msgs__rosidl_typesupport_introspection_cExport.cmake
[1.276s] -- Up-to-date: /home/yzz/219_ws/install/control_input_msgs/share/control_input_msgs/cmake/control_input_msgs__rosidl_typesupport_introspection_cExport-noconfig.cmake
[1.277s] -- Up-to-date: /home/yzz/219_ws/install/control_input_msgs/share/control_input_msgs/cmake/control_input_msgs__rosidl_typesupport_cExport.cmake
[1.278s] -- Up-to-date: /home/yzz/219_ws/install/control_input_msgs/share/control_input_msgs/cmake/control_input_msgs__rosidl_typesupport_cExport-noconfig.cmake
[1.278s] -- Up-to-date: /home/yzz/219_ws/install/control_input_msgs/share/control_input_msgs/cmake/export_control_input_msgs__rosidl_generator_cppExport.cmake
[1.278s] -- Up-to-date: /home/yzz/219_ws/install/control_input_msgs/share/control_input_msgs/cmake/export_control_input_msgs__rosidl_typesupport_fastrtps_cppExport.cmake
[1.278s] -- Up-to-date: /home/yzz/219_ws/install/control_input_msgs/share/control_input_msgs/cmake/export_control_input_msgs__rosidl_typesupport_fastrtps_cppExport-noconfig.cmake
[1.279s] -- Up-to-date: /home/yzz/219_ws/install/control_input_msgs/share/control_input_msgs/cmake/control_input_msgs__rosidl_typesupport_introspection_cppExport.cmake
[1.279s] -- Up-to-date: /home/yzz/219_ws/install/control_input_msgs/share/control_input_msgs/cmake/control_input_msgs__rosidl_typesupport_introspection_cppExport-noconfig.cmake
[1.279s] -- Up-to-date: /home/yzz/219_ws/install/control_input_msgs/share/control_input_msgs/cmake/control_input_msgs__rosidl_typesupport_cppExport.cmake
[1.279s] -- Up-to-date: /home/yzz/219_ws/install/control_input_msgs/share/control_input_msgs/cmake/control_input_msgs__rosidl_typesupport_cppExport-noconfig.cmake
[1.279s] -- Up-to-date: /home/yzz/219_ws/install/control_input_msgs/share/control_input_msgs/cmake/export_control_input_msgs__rosidl_generator_pyExport.cmake
[1.279s] -- Up-to-date: /home/yzz/219_ws/install/control_input_msgs/share/control_input_msgs/cmake/export_control_input_msgs__rosidl_generator_pyExport-noconfig.cmake
[1.282s] Invoked command in '/home/yzz/219_ws/build/control_input_msgs' returned '0': CMAKE_PREFIX_PATH=${CMAKE_PREFIX_PATH}:/opt/ros/humble /usr/bin/cmake --install /home/yzz/219_ws/build/control_input_msgs
