[0.024s] Invoking command in '/home/yzz/219_ws/build/controller_common': CMAKE_PREFIX_PATH=/home/yzz/219_ws/install/control_input_msgs:/home/yzz/219_ws/install/hardware_unitree_mujoco:/home/yzz/219_ws/install/unitree_guide_controller:/home/yzz/219_ws/install/keyboard_input:/home/yzz/219_ws/install/go1_description:/home/yzz/219_ws/install/controller_common:/opt/ros/humble LD_LIBRARY_PATH=/home/yzz/219_ws/install/control_input_msgs/lib:/home/yzz/219_ws/install/hardware_unitree_mujoco/lib:/home/yzz/219_ws/install/unitree_guide_controller/lib:/home/yzz/219_ws/install/controller_common/lib:/opt/ros/humble/opt/rviz_ogre_vendor/lib:/opt/ros/humble/lib/x86_64-linux-gnu:/opt/ros/humble/lib:/home/yzz/.mujoco/mujoco237/bin:/home/yzz/.mujoco/mujoco237/bin /usr/bin/cmake /home/yzz/219_ws/src/quadruped_ros2_control-humble/libraries/controller_common -DCMAKE_INSTALL_PREFIX=/home/yzz/219_ws/install -DAMENT_CMAKE_SYMLINK_INSTALL=1 -DCMAKE_INSTALL_PREFIX=/home/yzz/219_ws/install/controller_common
[0.156s] -- The C compiler identification is GNU 11.4.0
[0.274s] -- The CXX compiler identification is GNU 11.4.0
[0.287s] -- Detecting C compiler ABI info
[0.476s] -- Detecting C compiler ABI info - done
[0.482s] -- Check for working C compiler: /usr/bin/cc - skipped
[0.482s] -- Detecting C compile features
[0.483s] -- Detecting C compile features - done
[0.486s] -- Detecting CXX compiler ABI info
[0.637s] -- Detecting CXX compiler ABI info - done
[0.644s] -- Check for working CXX compiler: /usr/bin/c++ - skipped
[0.644s] -- Detecting CXX compile features
[0.644s] -- Detecting CXX compile features - done
[0.647s] -- Found ament_cmake: 1.3.12 (/opt/ros/humble/share/ament_cmake/cmake)
[0.863s] -- Found Python3: /usr/bin/python3 (found version "3.10.12") found components: Interpreter 
[0.951s] -- Override CMake install command with custom implementation using symlinks instead of copying resources
[0.991s] -- Found hardware_interface: 2.52.2 (/opt/ros/humble/share/hardware_interface/cmake)
[1.049s] -- Found rosidl_generator_c: 3.1.7 (/opt/ros/humble/share/rosidl_generator_c/cmake)
[1.055s] -- Found rosidl_adapter: 3.1.7 (/opt/ros/humble/share/rosidl_adapter/cmake)
[1.065s] -- Found rosidl_generator_cpp: 3.1.7 (/opt/ros/humble/share/rosidl_generator_cpp/cmake)
[1.085s] -- Using all available rosidl_typesupport_c: rosidl_typesupport_fastrtps_c;rosidl_typesupport_introspection_c
[1.106s] -- Using all available rosidl_typesupport_cpp: rosidl_typesupport_fastrtps_cpp;rosidl_typesupport_introspection_cpp
[1.287s] -- Found rmw_implementation_cmake: 6.1.2 (/opt/ros/humble/share/rmw_implementation_cmake/cmake)
[1.291s] -- Found rmw_fastrtps_cpp: 6.2.9 (/opt/ros/humble/share/rmw_fastrtps_cpp/cmake)
[1.305s] -- Found TinyXML2 via Config file: TinyXML2_DIR-NOTFOUND
[1.395s] -- Found OpenSSL: /usr/lib/x86_64-linux-gnu/libcrypto.so (found version "3.0.2")  
[1.400s] -- Found TinyXML2 via Config file: TinyXML2_DIR-NOTFOUND
[1.423s] -- Found FastRTPS: /opt/ros/humble/include  
[1.428s] -- Found TinyXML2 via Config file: TinyXML2_DIR-NOTFOUND
[1.445s] -- Found TinyXML2 via Config file: TinyXML2_DIR-NOTFOUND
[1.465s] -- Using RMW implementation 'rmw_fastrtps_cpp' as default
[1.475s] -- Looking for pthread.h
[1.655s] -- Looking for pthread.h - found
[1.655s] -- Performing Test CMAKE_HAVE_LIBC_PTHREAD
[1.812s] -- Performing Test CMAKE_HAVE_LIBC_PTHREAD - Success
[1.814s] -- Found Threads: TRUE  
[1.887s] -- Found control_input_msgs: 0.0.0 (/home/yzz/219_ws/install/control_input_msgs/share/control_input_msgs/cmake)
[2.019s] -- Configuring done
[2.034s] -- Generating done
[2.042s] -- Build files have been written to: /home/yzz/219_ws/build/controller_common
[2.066s] Invoked command in '/home/yzz/219_ws/build/controller_common' returned '0': CMAKE_PREFIX_PATH=/home/yzz/219_ws/install/control_input_msgs:/home/yzz/219_ws/install/hardware_unitree_mujoco:/home/yzz/219_ws/install/unitree_guide_controller:/home/yzz/219_ws/install/keyboard_input:/home/yzz/219_ws/install/go1_description:/home/yzz/219_ws/install/controller_common:/opt/ros/humble LD_LIBRARY_PATH=/home/yzz/219_ws/install/control_input_msgs/lib:/home/yzz/219_ws/install/hardware_unitree_mujoco/lib:/home/yzz/219_ws/install/unitree_guide_controller/lib:/home/yzz/219_ws/install/controller_common/lib:/opt/ros/humble/opt/rviz_ogre_vendor/lib:/opt/ros/humble/lib/x86_64-linux-gnu:/opt/ros/humble/lib:/home/yzz/.mujoco/mujoco237/bin:/home/yzz/.mujoco/mujoco237/bin /usr/bin/cmake /home/yzz/219_ws/src/quadruped_ros2_control-humble/libraries/controller_common -DCMAKE_INSTALL_PREFIX=/home/yzz/219_ws/install -DAMENT_CMAKE_SYMLINK_INSTALL=1 -DCMAKE_INSTALL_PREFIX=/home/yzz/219_ws/install/controller_common
[2.066s] Invoking command in '/home/yzz/219_ws/build/controller_common': CMAKE_PREFIX_PATH=/home/yzz/219_ws/install/control_input_msgs:/home/yzz/219_ws/install/hardware_unitree_mujoco:/home/yzz/219_ws/install/unitree_guide_controller:/home/yzz/219_ws/install/keyboard_input:/home/yzz/219_ws/install/go1_description:/home/yzz/219_ws/install/controller_common:/opt/ros/humble LD_LIBRARY_PATH=/home/yzz/219_ws/install/control_input_msgs/lib:/home/yzz/219_ws/install/hardware_unitree_mujoco/lib:/home/yzz/219_ws/install/unitree_guide_controller/lib:/home/yzz/219_ws/install/controller_common/lib:/opt/ros/humble/opt/rviz_ogre_vendor/lib:/opt/ros/humble/lib/x86_64-linux-gnu:/opt/ros/humble/lib:/home/yzz/.mujoco/mujoco237/bin:/home/yzz/.mujoco/mujoco237/bin /usr/bin/cmake --build /home/yzz/219_ws/build/controller_common -- -j2 -l2
[2.190s] [ 25%] [32mBuilding CXX object CMakeFiles/controller_common.dir/src/FSM/StatePassive.cpp.o[0m
[2.190s] [ 50%] [32mBuilding CXX object CMakeFiles/controller_common.dir/src/FSM/BaseFixedStand.cpp.o[0m
[3.622s] [ 75%] [32mBuilding CXX object CMakeFiles/controller_common.dir/src/FSM/StateFixedDown.cpp.o[0m
[4.307s] [100%] [32m[1mLinking CXX shared library libcontroller_common.so[0m
[4.483s] [100%] Built target controller_common
[4.510s] Invoked command in '/home/yzz/219_ws/build/controller_common' returned '0': CMAKE_PREFIX_PATH=/home/yzz/219_ws/install/control_input_msgs:/home/yzz/219_ws/install/hardware_unitree_mujoco:/home/yzz/219_ws/install/unitree_guide_controller:/home/yzz/219_ws/install/keyboard_input:/home/yzz/219_ws/install/go1_description:/home/yzz/219_ws/install/controller_common:/opt/ros/humble LD_LIBRARY_PATH=/home/yzz/219_ws/install/control_input_msgs/lib:/home/yzz/219_ws/install/hardware_unitree_mujoco/lib:/home/yzz/219_ws/install/unitree_guide_controller/lib:/home/yzz/219_ws/install/controller_common/lib:/opt/ros/humble/opt/rviz_ogre_vendor/lib:/opt/ros/humble/lib/x86_64-linux-gnu:/opt/ros/humble/lib:/home/yzz/.mujoco/mujoco237/bin:/home/yzz/.mujoco/mujoco237/bin /usr/bin/cmake --build /home/yzz/219_ws/build/controller_common -- -j2 -l2
[4.512s] Invoking command in '/home/yzz/219_ws/build/controller_common': CMAKE_PREFIX_PATH=/home/yzz/219_ws/install/control_input_msgs:/home/yzz/219_ws/install/hardware_unitree_mujoco:/home/yzz/219_ws/install/unitree_guide_controller:/home/yzz/219_ws/install/keyboard_input:/home/yzz/219_ws/install/go1_description:/home/yzz/219_ws/install/controller_common:/opt/ros/humble LD_LIBRARY_PATH=/home/yzz/219_ws/install/control_input_msgs/lib:/home/yzz/219_ws/install/hardware_unitree_mujoco/lib:/home/yzz/219_ws/install/unitree_guide_controller/lib:/home/yzz/219_ws/install/controller_common/lib:/opt/ros/humble/opt/rviz_ogre_vendor/lib:/opt/ros/humble/lib/x86_64-linux-gnu:/opt/ros/humble/lib:/home/yzz/.mujoco/mujoco237/bin:/home/yzz/.mujoco/mujoco237/bin /usr/bin/cmake --install /home/yzz/219_ws/build/controller_common
[4.524s] -- Install configuration: "Release"
[4.525s] -- Execute custom install script
[4.528s] -- Symlinking: /home/yzz/219_ws/install/controller_common/include/controller_common/controller_common/CtrlInterfaces.h
[4.555s] -- Symlinking: /home/yzz/219_ws/install/controller_common/include/controller_common/controller_common/FSM/BaseFixedStand.h
[4.577s] -- Symlinking: /home/yzz/219_ws/install/controller_common/include/controller_common/controller_common/FSM/FSMState.h
[4.595s] -- Symlinking: /home/yzz/219_ws/install/controller_common/include/controller_common/controller_common/FSM/StateFixedDown.h
[4.613s] -- Symlinking: /home/yzz/219_ws/install/controller_common/include/controller_common/controller_common/FSM/StatePassive.h
[4.631s] -- Symlinking: /home/yzz/219_ws/install/controller_common/include/controller_common/controller_common/common/enumClass.h
[4.651s] -- Symlinking: /home/yzz/219_ws/install/controller_common/include/controller_common/controller_common/common/mathTools.h
[4.663s] -- Symlinking: /home/yzz/219_ws/install/controller_common/include/controller_common/controller_common/common/mathTypes.h
[4.679s] -- Symlinking: /home/yzz/219_ws/install/controller_common/share/controller_common/environment/library_path.sh
[4.694s] -- Symlinking: /home/yzz/219_ws/install/controller_common/share/controller_common/environment/library_path.dsv
[4.711s] -- Symlinking: /home/yzz/219_ws/install/controller_common/share/ament_index/resource_index/package_run_dependencies/controller_common
[4.727s] -- Symlinking: /home/yzz/219_ws/install/controller_common/share/ament_index/resource_index/parent_prefix_path/controller_common
[4.740s] -- Symlinking: /home/yzz/219_ws/install/controller_common/share/controller_common/environment/ament_prefix_path.sh
[4.753s] -- Symlinking: /home/yzz/219_ws/install/controller_common/share/controller_common/environment/ament_prefix_path.dsv
[4.774s] -- Symlinking: /home/yzz/219_ws/install/controller_common/share/controller_common/environment/path.sh
[4.790s] -- Symlinking: /home/yzz/219_ws/install/controller_common/share/controller_common/environment/path.dsv
[4.802s] -- Symlinking: /home/yzz/219_ws/install/controller_common/share/controller_common/local_setup.bash
[4.818s] -- Symlinking: /home/yzz/219_ws/install/controller_common/share/controller_common/local_setup.sh
[4.839s] -- Symlinking: /home/yzz/219_ws/install/controller_common/share/controller_common/local_setup.zsh
[4.859s] -- Symlinking: /home/yzz/219_ws/install/controller_common/share/controller_common/local_setup.dsv
[4.878s] -- Symlinking: /home/yzz/219_ws/install/controller_common/share/controller_common/package.dsv
[4.894s] -- Symlinking: /home/yzz/219_ws/install/controller_common/share/ament_index/resource_index/packages/controller_common
[4.908s] -- Symlinking: /home/yzz/219_ws/install/controller_common/share/controller_common/cmake/ament_cmake_export_targets-extras.cmake
[4.926s] -- Symlinking: /home/yzz/219_ws/install/controller_common/share/controller_common/cmake/controller_commonConfig.cmake
[4.941s] -- Symlinking: /home/yzz/219_ws/install/controller_common/share/controller_common/cmake/controller_commonConfig-version.cmake
[4.957s] -- Symlinking: /home/yzz/219_ws/install/controller_common/share/controller_common/package.xml
[4.972s] -- Installing: /home/yzz/219_ws/install/controller_common/lib/libcontroller_common.so
[4.974s] -- Set runtime path of "/home/yzz/219_ws/install/controller_common/lib/libcontroller_common.so" to ""
[4.974s] -- Installing: /home/yzz/219_ws/install/controller_common/share/controller_common/cmake/export_controller_commonExport.cmake
[4.974s] -- Installing: /home/yzz/219_ws/install/controller_common/share/controller_common/cmake/export_controller_commonExport-release.cmake
[4.981s] Invoked command in '/home/yzz/219_ws/build/controller_common' returned '0': CMAKE_PREFIX_PATH=/home/yzz/219_ws/install/control_input_msgs:/home/yzz/219_ws/install/hardware_unitree_mujoco:/home/yzz/219_ws/install/unitree_guide_controller:/home/yzz/219_ws/install/keyboard_input:/home/yzz/219_ws/install/go1_description:/home/yzz/219_ws/install/controller_common:/opt/ros/humble LD_LIBRARY_PATH=/home/yzz/219_ws/install/control_input_msgs/lib:/home/yzz/219_ws/install/hardware_unitree_mujoco/lib:/home/yzz/219_ws/install/unitree_guide_controller/lib:/home/yzz/219_ws/install/controller_common/lib:/opt/ros/humble/opt/rviz_ogre_vendor/lib:/opt/ros/humble/lib/x86_64-linux-gnu:/opt/ros/humble/lib:/home/yzz/.mujoco/mujoco237/bin:/home/yzz/.mujoco/mujoco237/bin /usr/bin/cmake --install /home/yzz/219_ws/build/controller_common
