[0.018s] Invoking command in '/home/yzz/219_ws/build/control_input_msgs': CMAKE_PREFIX_PATH=${CMAKE_PREFIX_PATH}:/opt/ros/humble /usr/bin/cmake /home/yzz/219_ws/src/quadruped_ros2_control-humble/commands/control_input_msgs -DCMAKE_INSTALL_PREFIX=/home/yzz/219_ws/install -DAMENT_CMAKE_SYMLINK_INSTALL=1 -DCMAKE_INSTALL_PREFIX=/home/yzz/219_ws/install/control_input_msgs
[0.114s] -- The C compiler identification is GNU 11.4.0
[0.191s] -- The CXX compiler identification is GNU 11.4.0
[0.209s] -- Detecting C compiler ABI info
[0.298s] -- Detecting C compiler ABI info - done
[0.302s] -- Check for working C compiler: /usr/bin/cc - skipped
[0.303s] -- Detecting C compile features
[0.303s] -- Detecting C compile features - done
[0.305s] -- Detecting CXX compiler ABI info
[0.450s] -- Detecting CXX compiler ABI info - done
[0.463s] -- Check for working CXX compiler: /usr/bin/c++ - skipped
[0.463s] -- Detecting CXX compile features
[0.463s] -- Detecting CXX compile features - done
[0.469s] -- Found rosidl_default_generators: 1.2.0 (/opt/ros/humble/share/rosidl_default_generators/cmake)
[0.475s] -- Found ament_cmake_core: 1.3.12 (/opt/ros/humble/share/ament_cmake_core/cmake)
[0.725s] -- Found Python3: /usr/bin/python3 (found version "3.10.12") found components: Interpreter 
[0.814s] -- Override CMake install command with custom implementation using symlinks instead of copying resources
[0.819s] -- Using all available rosidl_typesupport_c: rosidl_typesupport_fastrtps_c;rosidl_typesupport_introspection_c
[0.829s] -- Found rosidl_adapter: 3.1.7 (/opt/ros/humble/share/rosidl_adapter/cmake)
[0.890s] -- Using all available rosidl_typesupport_cpp: rosidl_typesupport_fastrtps_cpp;rosidl_typesupport_introspection_cpp
[1.286s] -- Found ament_cmake_ros: 0.10.0 (/opt/ros/humble/share/ament_cmake_ros/cmake)
[1.558s] -- Using all available rosidl_typesupport_c: rosidl_typesupport_fastrtps_c;rosidl_typesupport_introspection_c
[1.874s] -- Using all available rosidl_typesupport_cpp: rosidl_typesupport_fastrtps_cpp;rosidl_typesupport_introspection_cpp
[1.913s] -- Found PythonInterp: /usr/bin/python3 (found suitable version "3.10.12", minimum required is "3.6") 
[1.914s] -- Found python_cmake_module: 0.10.0 (/opt/ros/humble/share/python_cmake_module/cmake)
[1.956s] -- Found PythonLibs: /usr/lib/x86_64-linux-gnu/libpython3.10.so (found suitable version "3.10.12", minimum required is "3.5") 
[1.956s] -- Using PYTHON_EXECUTABLE: /usr/bin/python3
[1.956s] -- Using PYTHON_INCLUDE_DIRS: /usr/include/python3.10
[1.957s] -- Using PYTHON_LIBRARIES: /usr/lib/x86_64-linux-gnu/libpython3.10.so
[1.981s] -- Found PythonExtra: .so  
[2.018s] -- Configuring done
[2.059s] -- Generating done
[2.078s] -- Build files have been written to: /home/yzz/219_ws/build/control_input_msgs
[2.088s] Invoked command in '/home/yzz/219_ws/build/control_input_msgs' returned '0': CMAKE_PREFIX_PATH=${CMAKE_PREFIX_PATH}:/opt/ros/humble /usr/bin/cmake /home/yzz/219_ws/src/quadruped_ros2_control-humble/commands/control_input_msgs -DCMAKE_INSTALL_PREFIX=/home/yzz/219_ws/install -DAMENT_CMAKE_SYMLINK_INSTALL=1 -DCMAKE_INSTALL_PREFIX=/home/yzz/219_ws/install/control_input_msgs
[2.088s] Invoking command in '/home/yzz/219_ws/build/control_input_msgs': CMAKE_PREFIX_PATH=${CMAKE_PREFIX_PATH}:/opt/ros/humble /usr/bin/cmake --build /home/yzz/219_ws/build/control_input_msgs -- -j2 -l2
[2.187s] [  3%] [34m[1mGenerating C code for ROS interfaces[0m
[2.235s] [  6%] [34m[1mGenerating C++ code for ROS interfaces[0m
[2.643s] [  6%] Built target control_input_msgs__cpp
[2.711s] [  9%] [32mBuilding C object CMakeFiles/control_input_msgs__rosidl_generator_c.dir/rosidl_generator_c/control_input_msgs/msg/detail/inputs__functions.c.o[0m
[2.720s] [  9%] Built target ament_cmake_python_symlink_control_input_msgs
[2.757s] [ 12%] [34m[1mGenerating C++ type support dispatch for ROS interfaces[0m
[2.812s] [ 16%] [32m[1mLinking C shared library libcontrol_input_msgs__rosidl_generator_c.so[0m
[2.920s] [ 16%] Built target control_input_msgs__rosidl_generator_c
[2.961s] [ 19%] [34m[1mGenerating C++ type support for eProsima Fast-RTPS[0m
[3.123s] [ 22%] [32mBuilding CXX object CMakeFiles/control_input_msgs__rosidl_typesupport_cpp.dir/rosidl_typesupport_cpp/control_input_msgs/msg/inputs__type_support.cpp.o[0m
[3.304s] [ 25%] [32mBuilding CXX object CMakeFiles/control_input_msgs__rosidl_typesupport_fastrtps_cpp.dir/rosidl_typesupport_fastrtps_cpp/control_input_msgs/msg/detail/dds_fastrtps/inputs__type_support.cpp.o[0m
[3.595s] [ 29%] [32m[1mLinking CXX shared library libcontrol_input_msgs__rosidl_typesupport_cpp.so[0m
[3.667s] [ 29%] Built target control_input_msgs__rosidl_typesupport_cpp
[3.688s] [ 32%] [34m[1mGenerating C++ introspection for ROS interfaces[0m
[4.060s] [ 35%] [32m[1mLinking CXX shared library libcontrol_input_msgs__rosidl_typesupport_fastrtps_cpp.so[0m
[4.195s] [ 38%] [32mBuilding CXX object CMakeFiles/control_input_msgs__rosidl_typesupport_introspection_cpp.dir/rosidl_typesupport_introspection_cpp/control_input_msgs/msg/detail/inputs__type_support.cpp.o[0m
[4.213s] [ 38%] Built target control_input_msgs__rosidl_typesupport_fastrtps_cpp
[4.602s] running egg_info
[4.602s] creating control_input_msgs.egg-info
[4.607s] writing control_input_msgs.egg-info/PKG-INFO
[4.607s] writing dependency_links to control_input_msgs.egg-info/dependency_links.txt
[4.607s] writing top-level names to control_input_msgs.egg-info/top_level.txt
[4.607s] writing manifest file 'control_input_msgs.egg-info/SOURCES.txt'
[4.610s] reading manifest file 'control_input_msgs.egg-info/SOURCES.txt'
[4.610s] writing manifest file 'control_input_msgs.egg-info/SOURCES.txt'
[4.679s] [ 38%] Built target ament_cmake_python_build_control_input_msgs_egg
[4.715s] [ 41%] [34m[1mGenerating C type support for eProsima Fast-RTPS[0m
[4.978s] [ 45%] [32m[1mLinking CXX shared library libcontrol_input_msgs__rosidl_typesupport_introspection_cpp.so[0m
[5.111s] [ 45%] Built target control_input_msgs__rosidl_typesupport_introspection_cpp
[5.135s] [ 48%] [34m[1mGenerating C introspection for ROS interfaces[0m
[5.155s] [ 51%] [32mBuilding CXX object CMakeFiles/control_input_msgs__rosidl_typesupport_fastrtps_c.dir/rosidl_typesupport_fastrtps_c/control_input_msgs/msg/detail/inputs__type_support_c.cpp.o[0m
[5.537s] [ 54%] [32mBuilding C object CMakeFiles/control_input_msgs__rosidl_typesupport_introspection_c.dir/rosidl_typesupport_introspection_c/control_input_msgs/msg/detail/inputs__type_support.c.o[0m
[5.607s] [ 58%] [32m[1mLinking C shared library libcontrol_input_msgs__rosidl_typesupport_introspection_c.so[0m
[5.705s] [ 58%] Built target control_input_msgs__rosidl_typesupport_introspection_c
[5.756s] [ 61%] [34m[1mGenerating C type support dispatch for ROS interfaces[0m
[5.804s] [ 64%] [32m[1mLinking CXX shared library libcontrol_input_msgs__rosidl_typesupport_fastrtps_c.so[0m
[5.915s] [ 64%] Built target control_input_msgs__rosidl_typesupport_fastrtps_c
[6.095s] [ 67%] [32mBuilding CXX object CMakeFiles/control_input_msgs__rosidl_typesupport_c.dir/rosidl_typesupport_c/control_input_msgs/msg/inputs__type_support.cpp.o[0m
[6.180s] [ 70%] [32m[1mLinking CXX shared library libcontrol_input_msgs__rosidl_typesupport_c.so[0m
[6.295s] [ 70%] Built target control_input_msgs__rosidl_typesupport_c
[6.354s] [ 70%] Built target control_input_msgs
[6.392s] [ 74%] [34m[1mGenerating Python code for ROS interfaces[0m
[6.730s] [ 74%] Built target control_input_msgs__py
[6.793s] [ 77%] [32mBuilding C object CMakeFiles/control_input_msgs__rosidl_generator_py.dir/rosidl_generator_py/control_input_msgs/msg/_inputs_s.c.o[0m
[6.953s] [ 80%] [32m[1mLinking C shared library rosidl_generator_py/control_input_msgs/libcontrol_input_msgs__rosidl_generator_py.so[0m
[7.034s] [ 80%] Built target control_input_msgs__rosidl_generator_py
[7.091s] [ 83%] [32mBuilding C object CMakeFiles/control_input_msgs__rosidl_typesupport_fastrtps_c__pyext.dir/rosidl_generator_py/control_input_msgs/_control_input_msgs_s.ep.rosidl_typesupport_fastrtps_c.c.o[0m
[7.124s] [ 87%] [32mBuilding C object CMakeFiles/control_input_msgs__rosidl_typesupport_introspection_c__pyext.dir/rosidl_generator_py/control_input_msgs/_control_input_msgs_s.ep.rosidl_typesupport_introspection_c.c.o[0m
[7.290s] [ 90%] [32m[1mLinking C shared library rosidl_generator_py/control_input_msgs/control_input_msgs_s__rosidl_typesupport_fastrtps_c.cpython-310-x86_64-linux-gnu.so[0m
[7.333s] [ 93%] [32m[1mLinking C shared library rosidl_generator_py/control_input_msgs/control_input_msgs_s__rosidl_typesupport_introspection_c.cpython-310-x86_64-linux-gnu.so[0m
[7.357s] [ 93%] Built target control_input_msgs__rosidl_typesupport_fastrtps_c__pyext
[7.420s] [ 96%] [32mBuilding C object CMakeFiles/control_input_msgs__rosidl_typesupport_c__pyext.dir/rosidl_generator_py/control_input_msgs/_control_input_msgs_s.ep.rosidl_typesupport_c.c.o[0m
[7.444s] [ 96%] Built target control_input_msgs__rosidl_typesupport_introspection_c__pyext
[7.528s] [100%] [32m[1mLinking C shared library rosidl_generator_py/control_input_msgs/control_input_msgs_s__rosidl_typesupport_c.cpython-310-x86_64-linux-gnu.so[0m
[7.592s] [100%] Built target control_input_msgs__rosidl_typesupport_c__pyext
[7.610s] Invoked command in '/home/yzz/219_ws/build/control_input_msgs' returned '0': CMAKE_PREFIX_PATH=${CMAKE_PREFIX_PATH}:/opt/ros/humble /usr/bin/cmake --build /home/yzz/219_ws/build/control_input_msgs -- -j2 -l2
[7.612s] Invoking command in '/home/yzz/219_ws/build/control_input_msgs': CMAKE_PREFIX_PATH=${CMAKE_PREFIX_PATH}:/opt/ros/humble /usr/bin/cmake --install /home/yzz/219_ws/build/control_input_msgs
[7.630s] -- Install configuration: ""
[7.631s] -- Execute custom install script
[7.632s] -- Symlinking: /home/yzz/219_ws/install/control_input_msgs/share/ament_index/resource_index/rosidl_interfaces/control_input_msgs
[7.653s] -- Symlinking: /home/yzz/219_ws/install/control_input_msgs/include/control_input_msgs/control_input_msgs/msg/detail/inputs__functions.h
[7.673s] -- Symlinking: /home/yzz/219_ws/install/control_input_msgs/include/control_input_msgs/control_input_msgs/msg/detail/inputs__struct.h
[7.699s] -- Symlinking: /home/yzz/219_ws/install/control_input_msgs/include/control_input_msgs/control_input_msgs/msg/detail/inputs__type_support.h
[7.721s] -- Symlinking: /home/yzz/219_ws/install/control_input_msgs/include/control_input_msgs/control_input_msgs/msg/inputs.h
[7.742s] -- Symlinking: /home/yzz/219_ws/install/control_input_msgs/include/control_input_msgs/control_input_msgs/msg/rosidl_generator_c__visibility_control.h
[7.763s] -- Symlinking: /home/yzz/219_ws/install/control_input_msgs/share/control_input_msgs/environment/library_path.sh
[7.785s] -- Symlinking: /home/yzz/219_ws/install/control_input_msgs/share/control_input_msgs/environment/library_path.dsv
[7.803s] -- Symlinking: /home/yzz/219_ws/install/control_input_msgs/include/control_input_msgs/control_input_msgs/msg/detail/inputs__rosidl_typesupport_fastrtps_c.h
[7.823s] -- Symlinking: /home/yzz/219_ws/install/control_input_msgs/include/control_input_msgs/control_input_msgs/msg/rosidl_typesupport_fastrtps_c__visibility_control.h
[7.844s] -- Symlinking: /home/yzz/219_ws/install/control_input_msgs/include/control_input_msgs/control_input_msgs/msg/detail/inputs__rosidl_typesupport_introspection_c.h
[7.862s] -- Symlinking: /home/yzz/219_ws/install/control_input_msgs/include/control_input_msgs/control_input_msgs/msg/rosidl_typesupport_introspection_c__visibility_control.h
[7.889s] -- Symlinking: /home/yzz/219_ws/install/control_input_msgs/include/control_input_msgs/control_input_msgs/msg/detail/inputs__builder.hpp
[7.911s] -- Symlinking: /home/yzz/219_ws/install/control_input_msgs/include/control_input_msgs/control_input_msgs/msg/detail/inputs__struct.hpp
[7.932s] -- Symlinking: /home/yzz/219_ws/install/control_input_msgs/include/control_input_msgs/control_input_msgs/msg/detail/inputs__traits.hpp
[7.951s] -- Symlinking: /home/yzz/219_ws/install/control_input_msgs/include/control_input_msgs/control_input_msgs/msg/detail/inputs__type_support.hpp
[7.973s] -- Symlinking: /home/yzz/219_ws/install/control_input_msgs/include/control_input_msgs/control_input_msgs/msg/inputs.hpp
[7.995s] -- Symlinking: /home/yzz/219_ws/install/control_input_msgs/include/control_input_msgs/control_input_msgs/msg/rosidl_generator_cpp__visibility_control.hpp
[8.019s] -- Symlinking: /home/yzz/219_ws/install/control_input_msgs/include/control_input_msgs/control_input_msgs/msg/detail/inputs__rosidl_typesupport_fastrtps_cpp.hpp
[8.037s] -- Symlinking: /home/yzz/219_ws/install/control_input_msgs/include/control_input_msgs/control_input_msgs/msg/rosidl_typesupport_fastrtps_cpp__visibility_control.h
[8.056s] -- Symlinking: /home/yzz/219_ws/install/control_input_msgs/include/control_input_msgs/control_input_msgs/msg/detail/inputs__rosidl_typesupport_introspection_cpp.hpp
[8.074s] -- Symlinking: /home/yzz/219_ws/install/control_input_msgs/share/control_input_msgs/environment/pythonpath.sh
[8.098s] -- Symlinking: /home/yzz/219_ws/install/control_input_msgs/share/control_input_msgs/environment/pythonpath.dsv
[8.117s] -- Symlinking: /home/yzz/219_ws/install/control_input_msgs/local/lib/python3.10/dist-packages/control_input_msgs-0.0.0-py3.10.egg-info/PKG-INFO
[8.134s] -- Symlinking: /home/yzz/219_ws/install/control_input_msgs/local/lib/python3.10/dist-packages/control_input_msgs-0.0.0-py3.10.egg-info/SOURCES.txt
[8.151s] -- Symlinking: /home/yzz/219_ws/install/control_input_msgs/local/lib/python3.10/dist-packages/control_input_msgs-0.0.0-py3.10.egg-info/dependency_links.txt
[8.179s] -- Symlinking: /home/yzz/219_ws/install/control_input_msgs/local/lib/python3.10/dist-packages/control_input_msgs-0.0.0-py3.10.egg-info/top_level.txt
[8.197s] -- Symlinking: /home/yzz/219_ws/install/control_input_msgs/local/lib/python3.10/dist-packages/control_input_msgs/__init__.py
[8.214s] -- Symlinking: /home/yzz/219_ws/install/control_input_msgs/local/lib/python3.10/dist-packages/control_input_msgs/_control_input_msgs_s.ep.rosidl_typesupport_c.c
[8.232s] -- Symlinking: /home/yzz/219_ws/install/control_input_msgs/local/lib/python3.10/dist-packages/control_input_msgs/_control_input_msgs_s.ep.rosidl_typesupport_fastrtps_c.c
[8.249s] -- Symlinking: /home/yzz/219_ws/install/control_input_msgs/local/lib/python3.10/dist-packages/control_input_msgs/_control_input_msgs_s.ep.rosidl_typesupport_introspection_c.c
[8.267s] -- Symlinking: /home/yzz/219_ws/install/control_input_msgs/local/lib/python3.10/dist-packages/control_input_msgs/control_input_msgs_s__rosidl_typesupport_c.cpython-310-x86_64-linux-gnu.so
[8.281s] -- Symlinking: /home/yzz/219_ws/install/control_input_msgs/local/lib/python3.10/dist-packages/control_input_msgs/control_input_msgs_s__rosidl_typesupport_fastrtps_c.cpython-310-x86_64-linux-gnu.so
[8.296s] -- Symlinking: /home/yzz/219_ws/install/control_input_msgs/local/lib/python3.10/dist-packages/control_input_msgs/control_input_msgs_s__rosidl_typesupport_introspection_c.cpython-310-x86_64-linux-gnu.so
[8.312s] -- Symlinking: /home/yzz/219_ws/install/control_input_msgs/local/lib/python3.10/dist-packages/control_input_msgs/libcontrol_input_msgs__rosidl_generator_py.so
[8.326s] -- Symlinking: /home/yzz/219_ws/install/control_input_msgs/local/lib/python3.10/dist-packages/control_input_msgs/msg/__init__.py
[8.339s] -- Symlinking: /home/yzz/219_ws/install/control_input_msgs/local/lib/python3.10/dist-packages/control_input_msgs/msg/_inputs.py
[8.352s] -- Symlinking: /home/yzz/219_ws/install/control_input_msgs/local/lib/python3.10/dist-packages/control_input_msgs/msg/_inputs_s.c
[8.363s] -- Up-to-date symlink: /home/yzz/219_ws/install/control_input_msgs/local/lib/python3.10/dist-packages/control_input_msgs/control_input_msgs_s__rosidl_typesupport_fastrtps_c.cpython-310-x86_64-linux-gnu.so
[8.364s] -- Up-to-date symlink: /home/yzz/219_ws/install/control_input_msgs/local/lib/python3.10/dist-packages/control_input_msgs/control_input_msgs_s__rosidl_typesupport_introspection_c.cpython-310-x86_64-linux-gnu.so
[8.364s] -- Up-to-date symlink: /home/yzz/219_ws/install/control_input_msgs/local/lib/python3.10/dist-packages/control_input_msgs/control_input_msgs_s__rosidl_typesupport_c.cpython-310-x86_64-linux-gnu.so
[8.365s] -- Symlinking: /home/yzz/219_ws/install/control_input_msgs/share/control_input_msgs/msg/Inputs.idl
[8.380s] -- Symlinking: /home/yzz/219_ws/install/control_input_msgs/share/control_input_msgs/msg/Inputs.msg
[8.397s] -- Symlinking: /home/yzz/219_ws/install/control_input_msgs/share/ament_index/resource_index/package_run_dependencies/control_input_msgs
[8.413s] -- Symlinking: /home/yzz/219_ws/install/control_input_msgs/share/ament_index/resource_index/parent_prefix_path/control_input_msgs
[8.427s] -- Symlinking: /home/yzz/219_ws/install/control_input_msgs/share/control_input_msgs/environment/ament_prefix_path.sh
[8.444s] -- Symlinking: /home/yzz/219_ws/install/control_input_msgs/share/control_input_msgs/environment/ament_prefix_path.dsv
[8.460s] -- Symlinking: /home/yzz/219_ws/install/control_input_msgs/share/control_input_msgs/environment/path.sh
[8.467s] -- Symlinking: /home/yzz/219_ws/install/control_input_msgs/share/control_input_msgs/environment/path.dsv
[8.478s] -- Symlinking: /home/yzz/219_ws/install/control_input_msgs/share/control_input_msgs/local_setup.bash
[8.495s] -- Symlinking: /home/yzz/219_ws/install/control_input_msgs/share/control_input_msgs/local_setup.sh
[8.507s] -- Symlinking: /home/yzz/219_ws/install/control_input_msgs/share/control_input_msgs/local_setup.zsh
[8.522s] -- Symlinking: /home/yzz/219_ws/install/control_input_msgs/share/control_input_msgs/local_setup.dsv
[8.537s] -- Symlinking: /home/yzz/219_ws/install/control_input_msgs/share/control_input_msgs/package.dsv
[8.552s] -- Symlinking: /home/yzz/219_ws/install/control_input_msgs/share/ament_index/resource_index/packages/control_input_msgs
[8.568s] -- Symlinking: /home/yzz/219_ws/install/control_input_msgs/share/control_input_msgs/cmake/rosidl_cmake-extras.cmake
[8.583s] -- Symlinking: /home/yzz/219_ws/install/control_input_msgs/share/control_input_msgs/cmake/ament_cmake_export_include_directories-extras.cmake
[8.596s] -- Symlinking: /home/yzz/219_ws/install/control_input_msgs/share/control_input_msgs/cmake/ament_cmake_export_libraries-extras.cmake
[8.611s] -- Symlinking: /home/yzz/219_ws/install/control_input_msgs/share/control_input_msgs/cmake/ament_cmake_export_targets-extras.cmake
[8.622s] -- Symlinking: /home/yzz/219_ws/install/control_input_msgs/share/control_input_msgs/cmake/rosidl_cmake_export_typesupport_targets-extras.cmake
[8.634s] -- Symlinking: /home/yzz/219_ws/install/control_input_msgs/share/control_input_msgs/cmake/ament_cmake_export_dependencies-extras.cmake
[8.647s] -- Symlinking: /home/yzz/219_ws/install/control_input_msgs/share/control_input_msgs/cmake/rosidl_cmake_export_typesupport_libraries-extras.cmake
[8.660s] -- Symlinking: /home/yzz/219_ws/install/control_input_msgs/share/control_input_msgs/cmake/control_input_msgsConfig.cmake
[8.672s] -- Symlinking: /home/yzz/219_ws/install/control_input_msgs/share/control_input_msgs/cmake/control_input_msgsConfig-version.cmake
[8.688s] -- Symlinking: /home/yzz/219_ws/install/control_input_msgs/share/control_input_msgs/package.xml
[8.705s] -- Installing: /home/yzz/219_ws/install/control_input_msgs/lib/libcontrol_input_msgs__rosidl_generator_c.so
[8.708s] -- Set runtime path of "/home/yzz/219_ws/install/control_input_msgs/lib/libcontrol_input_msgs__rosidl_generator_c.so" to ""
[8.708s] -- Installing: /home/yzz/219_ws/install/control_input_msgs/lib/libcontrol_input_msgs__rosidl_typesupport_fastrtps_c.so
[8.708s] -- Set runtime path of "/home/yzz/219_ws/install/control_input_msgs/lib/libcontrol_input_msgs__rosidl_typesupport_fastrtps_c.so" to ""
[8.708s] -- Installing: /home/yzz/219_ws/install/control_input_msgs/lib/libcontrol_input_msgs__rosidl_typesupport_introspection_c.so
[8.708s] -- Set runtime path of "/home/yzz/219_ws/install/control_input_msgs/lib/libcontrol_input_msgs__rosidl_typesupport_introspection_c.so" to ""
[8.708s] -- Installing: /home/yzz/219_ws/install/control_input_msgs/lib/libcontrol_input_msgs__rosidl_typesupport_c.so
[8.708s] -- Set runtime path of "/home/yzz/219_ws/install/control_input_msgs/lib/libcontrol_input_msgs__rosidl_typesupport_c.so" to ""
[8.708s] -- Installing: /home/yzz/219_ws/install/control_input_msgs/lib/libcontrol_input_msgs__rosidl_typesupport_fastrtps_cpp.so
[8.709s] -- Set runtime path of "/home/yzz/219_ws/install/control_input_msgs/lib/libcontrol_input_msgs__rosidl_typesupport_fastrtps_cpp.so" to ""
[8.709s] -- Installing: /home/yzz/219_ws/install/control_input_msgs/lib/libcontrol_input_msgs__rosidl_typesupport_introspection_cpp.so
[8.709s] -- Set runtime path of "/home/yzz/219_ws/install/control_input_msgs/lib/libcontrol_input_msgs__rosidl_typesupport_introspection_cpp.so" to ""
[8.709s] -- Installing: /home/yzz/219_ws/install/control_input_msgs/lib/libcontrol_input_msgs__rosidl_typesupport_cpp.so
[8.710s] -- Set runtime path of "/home/yzz/219_ws/install/control_input_msgs/lib/libcontrol_input_msgs__rosidl_typesupport_cpp.so" to ""
[8.771s] Listing '/home/yzz/219_ws/install/control_input_msgs/local/lib/python3.10/dist-packages/control_input_msgs'...
[8.771s] Compiling '/home/yzz/219_ws/install/control_input_msgs/local/lib/python3.10/dist-packages/control_input_msgs/__init__.py'...
[8.771s] Listing '/home/yzz/219_ws/install/control_input_msgs/local/lib/python3.10/dist-packages/control_input_msgs/msg'...
[8.771s] Compiling '/home/yzz/219_ws/install/control_input_msgs/local/lib/python3.10/dist-packages/control_input_msgs/msg/__init__.py'...
[8.771s] Compiling '/home/yzz/219_ws/install/control_input_msgs/local/lib/python3.10/dist-packages/control_input_msgs/msg/_inputs.py'...
[8.779s] -- Installing: /home/yzz/219_ws/install/control_input_msgs/lib/libcontrol_input_msgs__rosidl_generator_py.so
[8.780s] -- Set runtime path of "/home/yzz/219_ws/install/control_input_msgs/lib/libcontrol_input_msgs__rosidl_generator_py.so" to ""
[8.780s] -- Installing: /home/yzz/219_ws/install/control_input_msgs/share/control_input_msgs/cmake/export_control_input_msgs__rosidl_generator_cExport.cmake
[8.780s] -- Installing: /home/yzz/219_ws/install/control_input_msgs/share/control_input_msgs/cmake/export_control_input_msgs__rosidl_generator_cExport-noconfig.cmake
[8.781s] -- Installing: /home/yzz/219_ws/install/control_input_msgs/share/control_input_msgs/cmake/export_control_input_msgs__rosidl_typesupport_fastrtps_cExport.cmake
[8.781s] -- Installing: /home/yzz/219_ws/install/control_input_msgs/share/control_input_msgs/cmake/export_control_input_msgs__rosidl_typesupport_fastrtps_cExport-noconfig.cmake
[8.781s] -- Installing: /home/yzz/219_ws/install/control_input_msgs/share/control_input_msgs/cmake/control_input_msgs__rosidl_typesupport_introspection_cExport.cmake
[8.782s] -- Installing: /home/yzz/219_ws/install/control_input_msgs/share/control_input_msgs/cmake/control_input_msgs__rosidl_typesupport_introspection_cExport-noconfig.cmake
[8.782s] -- Installing: /home/yzz/219_ws/install/control_input_msgs/share/control_input_msgs/cmake/control_input_msgs__rosidl_typesupport_cExport.cmake
[8.782s] -- Installing: /home/yzz/219_ws/install/control_input_msgs/share/control_input_msgs/cmake/control_input_msgs__rosidl_typesupport_cExport-noconfig.cmake
[8.782s] -- Installing: /home/yzz/219_ws/install/control_input_msgs/share/control_input_msgs/cmake/export_control_input_msgs__rosidl_generator_cppExport.cmake
[8.782s] -- Installing: /home/yzz/219_ws/install/control_input_msgs/share/control_input_msgs/cmake/export_control_input_msgs__rosidl_typesupport_fastrtps_cppExport.cmake
[8.783s] -- Installing: /home/yzz/219_ws/install/control_input_msgs/share/control_input_msgs/cmake/export_control_input_msgs__rosidl_typesupport_fastrtps_cppExport-noconfig.cmake
[8.783s] -- Installing: /home/yzz/219_ws/install/control_input_msgs/share/control_input_msgs/cmake/control_input_msgs__rosidl_typesupport_introspection_cppExport.cmake
[8.787s] -- Installing: /home/yzz/219_ws/install/control_input_msgs/share/control_input_msgs/cmake/control_input_msgs__rosidl_typesupport_introspection_cppExport-noconfig.cmake
[8.788s] -- Installing: /home/yzz/219_ws/install/control_input_msgs/share/control_input_msgs/cmake/control_input_msgs__rosidl_typesupport_cppExport.cmake
[8.788s] -- Installing: /home/yzz/219_ws/install/control_input_msgs/share/control_input_msgs/cmake/control_input_msgs__rosidl_typesupport_cppExport-noconfig.cmake
[8.788s] -- Installing: /home/yzz/219_ws/install/control_input_msgs/share/control_input_msgs/cmake/export_control_input_msgs__rosidl_generator_pyExport.cmake
[8.788s] -- Installing: /home/yzz/219_ws/install/control_input_msgs/share/control_input_msgs/cmake/export_control_input_msgs__rosidl_generator_pyExport-noconfig.cmake
[8.788s] Invoked command in '/home/yzz/219_ws/build/control_input_msgs' returned '0': CMAKE_PREFIX_PATH=${CMAKE_PREFIX_PATH}:/opt/ros/humble /usr/bin/cmake --install /home/yzz/219_ws/build/control_input_msgs
