[0.065s] Invoking command in '/home/yzz/219_ws/build/keyboard_input': AMENT_PREFIX_PATH=/home/yzz/219_ws/install/control_input_msgs:${AMENT_PREFIX_PATH} CMAKE_PREFIX_PATH=/home/yzz/219_ws/install/control_input_msgs:/opt/ros/humble LD_LIBRARY_PATH=/home/yzz/219_ws/install/control_input_msgs/lib:${LD_LIBRARY_PATH} PYTHONPATH=/home/yzz/219_ws/install/control_input_msgs/local/lib/python3.10/dist-packages:${PYTHONPATH} /usr/bin/cmake --build /home/yzz/219_ws/build/keyboard_input -- -j2 -l2
[0.384s] [100%] Built target keyboard_input
[0.425s] Invoked command in '/home/yzz/219_ws/build/keyboard_input' returned '0': AMENT_PREFIX_PATH=/home/yzz/219_ws/install/control_input_msgs:${AMENT_PREFIX_PATH} CMAKE_PREFIX_PATH=/home/yzz/219_ws/install/control_input_msgs:/opt/ros/humble LD_LIBRARY_PATH=/home/yzz/219_ws/install/control_input_msgs/lib:${LD_LIBRARY_PATH} PYTHONPATH=/home/yzz/219_ws/install/control_input_msgs/local/lib/python3.10/dist-packages:${PYTHONPATH} /usr/bin/cmake --build /home/yzz/219_ws/build/keyboard_input -- -j2 -l2
[0.436s] Invoking command in '/home/yzz/219_ws/build/keyboard_input': AMENT_PREFIX_PATH=/home/yzz/219_ws/install/control_input_msgs:${AMENT_PREFIX_PATH} CMAKE_PREFIX_PATH=/home/yzz/219_ws/install/control_input_msgs:/opt/ros/humble LD_LIBRARY_PATH=/home/yzz/219_ws/install/control_input_msgs/lib:${LD_LIBRARY_PATH} PYTHONPATH=/home/yzz/219_ws/install/control_input_msgs/local/lib/python3.10/dist-packages:${PYTHONPATH} /usr/bin/cmake --install /home/yzz/219_ws/build/keyboard_input
[0.468s] -- Install configuration: ""
[0.471s] -- Execute custom install script
[0.473s] -- Up-to-date symlink: /home/yzz/219_ws/install/keyboard_input/lib/keyboard_input/keyboard_input
[0.474s] -- Up-to-date symlink: /home/yzz/219_ws/install/keyboard_input/share/ament_index/resource_index/package_run_dependencies/keyboard_input
[0.475s] -- Up-to-date symlink: /home/yzz/219_ws/install/keyboard_input/share/ament_index/resource_index/parent_prefix_path/keyboard_input
[0.477s] -- Up-to-date symlink: /home/yzz/219_ws/install/keyboard_input/share/keyboard_input/environment/ament_prefix_path.sh
[0.478s] -- Up-to-date symlink: /home/yzz/219_ws/install/keyboard_input/share/keyboard_input/environment/ament_prefix_path.dsv
[0.478s] -- Up-to-date symlink: /home/yzz/219_ws/install/keyboard_input/share/keyboard_input/environment/path.sh
[0.479s] -- Up-to-date symlink: /home/yzz/219_ws/install/keyboard_input/share/keyboard_input/environment/path.dsv
[0.479s] -- Up-to-date symlink: /home/yzz/219_ws/install/keyboard_input/share/keyboard_input/local_setup.bash
[0.480s] -- Up-to-date symlink: /home/yzz/219_ws/install/keyboard_input/share/keyboard_input/local_setup.sh
[0.480s] -- Up-to-date symlink: /home/yzz/219_ws/install/keyboard_input/share/keyboard_input/local_setup.zsh
[0.481s] -- Up-to-date symlink: /home/yzz/219_ws/install/keyboard_input/share/keyboard_input/local_setup.dsv
[0.482s] -- Symlinking: /home/yzz/219_ws/install/keyboard_input/share/keyboard_input/package.dsv
[0.509s] -- Up-to-date symlink: /home/yzz/219_ws/install/keyboard_input/share/ament_index/resource_index/packages/keyboard_input
[0.510s] -- Up-to-date symlink: /home/yzz/219_ws/install/keyboard_input/share/keyboard_input/cmake/keyboard_inputConfig.cmake
[0.511s] -- Up-to-date symlink: /home/yzz/219_ws/install/keyboard_input/share/keyboard_input/cmake/keyboard_inputConfig-version.cmake
[0.511s] -- Up-to-date symlink: /home/yzz/219_ws/install/keyboard_input/share/keyboard_input/package.xml
[0.519s] Invoked command in '/home/yzz/219_ws/build/keyboard_input' returned '0': AMENT_PREFIX_PATH=/home/yzz/219_ws/install/control_input_msgs:${AMENT_PREFIX_PATH} CMAKE_PREFIX_PATH=/home/yzz/219_ws/install/control_input_msgs:/opt/ros/humble LD_LIBRARY_PATH=/home/yzz/219_ws/install/control_input_msgs/lib:${LD_LIBRARY_PATH} PYTHONPATH=/home/yzz/219_ws/install/control_input_msgs/local/lib/python3.10/dist-packages:${PYTHONPATH} /usr/bin/cmake --install /home/yzz/219_ws/build/keyboard_input
