[0.011s] Invoking command in '/home/yzz/219_ws/build/go1_description': CMAKE_PREFIX_PATH=${CMAKE_PREFIX_PATH}:/opt/ros/humble /usr/bin/cmake /home/yzz/219_ws/src/quadruped_ros2_control-humble/descriptions/unitree/go1_description -DCMAKE_INSTALL_PREFIX=/home/yzz/219_ws/install -DAMENT_CMAKE_SYMLINK_INSTALL=1 -DCMAKE_INSTALL_PREFIX=/home/yzz/219_ws/install/go1_description
[0.159s] -- The C compiler identification is GNU 11.4.0
[0.261s] -- The CXX compiler identification is GNU 11.4.0
[0.271s] -- Detecting C compiler ABI info
[0.386s] -- Detecting C compiler ABI info - done
[0.396s] -- Check for working C compiler: /usr/bin/cc - skipped
[0.398s] -- Detecting C compile features
[0.399s] -- Detecting C compile features - done
[0.405s] -- Detecting CXX compiler ABI info
[0.513s] -- Detecting CXX compiler ABI info - done
[0.530s] -- Check for working CXX compiler: /usr/bin/c++ - skipped
[0.530s] -- Detecting CXX compile features
[0.530s] -- Detecting CXX compile features - done
[0.535s] -- Found ament_cmake: 1.3.12 (/opt/ros/humble/share/ament_cmake/cmake)
[0.706s] -- Found Python3: /usr/bin/python3 (found version "3.10.12") found components: Interpreter 
[0.793s] -- Override CMake install command with custom implementation using symlinks instead of copying resources
[0.891s] -- Configuring done
[0.896s] -- Generating done
[0.898s] -- Build files have been written to: /home/yzz/219_ws/build/go1_description
[0.907s] Invoked command in '/home/yzz/219_ws/build/go1_description' returned '0': CMAKE_PREFIX_PATH=${CMAKE_PREFIX_PATH}:/opt/ros/humble /usr/bin/cmake /home/yzz/219_ws/src/quadruped_ros2_control-humble/descriptions/unitree/go1_description -DCMAKE_INSTALL_PREFIX=/home/yzz/219_ws/install -DAMENT_CMAKE_SYMLINK_INSTALL=1 -DCMAKE_INSTALL_PREFIX=/home/yzz/219_ws/install/go1_description
[0.911s] Invoking command in '/home/yzz/219_ws/build/go1_description': CMAKE_PREFIX_PATH=${CMAKE_PREFIX_PATH}:/opt/ros/humble /usr/bin/cmake --build /home/yzz/219_ws/build/go1_description -- -j2 -l2
[0.944s] Invoked command in '/home/yzz/219_ws/build/go1_description' returned '0': CMAKE_PREFIX_PATH=${CMAKE_PREFIX_PATH}:/opt/ros/humble /usr/bin/cmake --build /home/yzz/219_ws/build/go1_description -- -j2 -l2
[0.952s] Invoking command in '/home/yzz/219_ws/build/go1_description': CMAKE_PREFIX_PATH=${CMAKE_PREFIX_PATH}:/opt/ros/humble /usr/bin/cmake --install /home/yzz/219_ws/build/go1_description
[0.958s] -- Install configuration: ""
[0.962s] -- Execute custom install script
[0.962s] -- Symlinking: /home/yzz/219_ws/install/go1_description/share/go1_description//meshes/calf.dae
[0.966s] -- Symlinking: /home/yzz/219_ws/install/go1_description/share/go1_description//meshes/depthCamera.dae
[0.972s] -- Symlinking: /home/yzz/219_ws/install/go1_description/share/go1_description//meshes/hip.dae
[0.983s] -- Symlinking: /home/yzz/219_ws/install/go1_description/share/go1_description//meshes/thigh.dae
[0.989s] -- Symlinking: /home/yzz/219_ws/install/go1_description/share/go1_description//meshes/thigh_mirror.dae
[0.996s] -- Symlinking: /home/yzz/219_ws/install/go1_description/share/go1_description//meshes/trunk.dae
[1.006s] -- Symlinking: /home/yzz/219_ws/install/go1_description/share/go1_description//meshes/ultraSound.dae
[1.009s] -- Symlinking: /home/yzz/219_ws/install/go1_description/share/go1_description//xacro/const.xacro
[1.018s] -- Symlinking: /home/yzz/219_ws/install/go1_description/share/go1_description//xacro/depthCamera.xacro
[1.032s] -- Symlinking: /home/yzz/219_ws/install/go1_description/share/go1_description//xacro/ft_sensor.xacro
[1.048s] -- Symlinking: /home/yzz/219_ws/install/go1_description/share/go1_description//xacro/gazebo.xacro
[1.065s] -- Symlinking: /home/yzz/219_ws/install/go1_description/share/go1_description//xacro/gazebo_classic.xacro
[1.073s] -- Symlinking: /home/yzz/219_ws/install/go1_description/share/go1_description//xacro/leg.xacro
[1.091s] -- Symlinking: /home/yzz/219_ws/install/go1_description/share/go1_description//xacro/materials.xacro
[1.101s] -- Symlinking: /home/yzz/219_ws/install/go1_description/share/go1_description//xacro/robot.xacro
[1.115s] -- Symlinking: /home/yzz/219_ws/install/go1_description/share/go1_description//xacro/ros2_control.xacro
[1.131s] -- Symlinking: /home/yzz/219_ws/install/go1_description/share/go1_description//xacro/transmission.xacro
[1.141s] -- Symlinking: /home/yzz/219_ws/install/go1_description/share/go1_description//xacro/ultraSound.xacro
[1.156s] -- Symlinking: /home/yzz/219_ws/install/go1_description/share/go1_description//launch/visualize.launch.py
[1.174s] -- Symlinking: /home/yzz/219_ws/install/go1_description/share/go1_description//config/gazebo.yaml
[1.191s] -- Symlinking: /home/yzz/219_ws/install/go1_description/share/go1_description//config/hardware_config.yaml
[1.205s] -- Symlinking: /home/yzz/219_ws/install/go1_description/share/go1_description//config/ocs2/gait.info
[1.221s] -- Symlinking: /home/yzz/219_ws/install/go1_description/share/go1_description//config/ocs2/reference.info
[1.233s] -- Symlinking: /home/yzz/219_ws/install/go1_description/share/go1_description//config/ocs2/task.info
[1.245s] -- Symlinking: /home/yzz/219_ws/install/go1_description/share/go1_description//config/robot_control.yaml
[1.257s] -- Symlinking: /home/yzz/219_ws/install/go1_description/share/go1_description//config/visualize_urdf.rviz
[1.267s] -- Symlinking: /home/yzz/219_ws/install/go1_description/share/go1_description//urdf/robot.urdf
[1.281s] -- Symlinking: /home/yzz/219_ws/install/go1_description/share/ament_index/resource_index/package_run_dependencies/go1_description
[1.293s] -- Symlinking: /home/yzz/219_ws/install/go1_description/share/ament_index/resource_index/parent_prefix_path/go1_description
[1.306s] -- Symlinking: /home/yzz/219_ws/install/go1_description/share/go1_description/environment/ament_prefix_path.sh
[1.318s] -- Symlinking: /home/yzz/219_ws/install/go1_description/share/go1_description/environment/ament_prefix_path.dsv
[1.328s] -- Symlinking: /home/yzz/219_ws/install/go1_description/share/go1_description/environment/path.sh
[1.334s] -- Symlinking: /home/yzz/219_ws/install/go1_description/share/go1_description/environment/path.dsv
[1.347s] -- Symlinking: /home/yzz/219_ws/install/go1_description/share/go1_description/local_setup.bash
[1.360s] -- Symlinking: /home/yzz/219_ws/install/go1_description/share/go1_description/local_setup.sh
[1.371s] -- Symlinking: /home/yzz/219_ws/install/go1_description/share/go1_description/local_setup.zsh
[1.384s] -- Symlinking: /home/yzz/219_ws/install/go1_description/share/go1_description/local_setup.dsv
[1.396s] -- Symlinking: /home/yzz/219_ws/install/go1_description/share/go1_description/package.dsv
[1.404s] -- Symlinking: /home/yzz/219_ws/install/go1_description/share/ament_index/resource_index/packages/go1_description
[1.416s] -- Symlinking: /home/yzz/219_ws/install/go1_description/share/go1_description/cmake/go1_descriptionConfig.cmake
[1.430s] -- Symlinking: /home/yzz/219_ws/install/go1_description/share/go1_description/cmake/go1_descriptionConfig-version.cmake
[1.444s] -- Symlinking: /home/yzz/219_ws/install/go1_description/share/go1_description/package.xml
[1.461s] Invoked command in '/home/yzz/219_ws/build/go1_description' returned '0': CMAKE_PREFIX_PATH=${CMAKE_PREFIX_PATH}:/opt/ros/humble /usr/bin/cmake --install /home/yzz/219_ws/build/go1_description
